
*** Running vivado
    with args -log design_1_rst_clk_wiz_1_100M_0.vds -m64 -product Vivado -mode batch -messageDb vivado.pb -notrace -source design_1_rst_clk_wiz_1_100M_0.tcl


****** Vivado v2021.1 (64-bit)
  **** SW Build 3247384 on Thu Jun 10 19:36:07 MDT 2021
  **** IP Build 3246043 on Fri Jun 11 00:30:35 MDT 2021
    ** Copyright 1986-2021 Xilinx, Inc. All Rights Reserved.

source design_1_rst_clk_wiz_1_100M_0.tcl -notrace
Command: synth_design -top design_1_rst_clk_wiz_1_100M_0 -part xcvu9p-flga2104-2L-e -mode out_of_context
Starting synth_design
Attempting to get a license for feature 'Synthesis' and/or device 'xcvu9p'
INFO: [Common 17-349] Got license for feature 'Synthesis' and/or device 'xcvu9p'
INFO: [Device 21-403] Loading part xcvu9p-flga2104-2L-e
INFO: [Synth 8-7079] Multithreading enabled for synth_design using a maximum of 4 processes.
INFO: [Synth 8-7078] Launching helper process for spawning children vivado processes
INFO: [Synth 8-7075] Helper process launched with PID 2392796
---------------------------------------------------------------------------------
Starting RTL Elaboration : Time (s): cpu = 00:00:02 ; elapsed = 00:00:05 . Memory (MB): peak = 2966.930 ; gain = 225.688 ; free physical = 210 ; free virtual = 318
---------------------------------------------------------------------------------
INFO: [Synth 8-638] synthesizing module 'design_1_rst_clk_wiz_1_100M_0' [/opt/Vivado-Design-Tutorials/Design_Flow_Tutorials/IP_Integrator/Lab_1/Lab_1.gen/sources_1/bd/design_1/ip/design_1_rst_clk_wiz_1_100M_0/synth/design_1_rst_clk_wiz_1_100M_0.vhd:74]
	Parameter C_FAMILY bound to: virtexuplus - type: string 
	Parameter C_EXT_RST_WIDTH bound to: 4 - type: integer 
	Parameter C_AUX_RST_WIDTH bound to: 4 - type: integer 
	Parameter C_EXT_RESET_HIGH bound to: 1'b1 
	Parameter C_AUX_RESET_HIGH bound to: 1'b0 
	Parameter C_NUM_BUS_RST bound to: 1 - type: integer 
	Parameter C_NUM_PERP_RST bound to: 1 - type: integer 
	Parameter C_NUM_INTERCONNECT_ARESETN bound to: 1 - type: integer 
	Parameter C_NUM_PERP_ARESETN bound to: 1 - type: integer 
INFO: [Synth 8-3491] module 'proc_sys_reset' declared at '/opt/Vivado-Design-Tutorials/Design_Flow_Tutorials/IP_Integrator/Lab_1/Lab_1.gen/sources_1/bd/design_1/ipshared/8842/hdl/proc_sys_reset_v5_0_vh_rfs.vhd:1264' bound to instance 'U0' of component 'proc_sys_reset' [/opt/Vivado-Design-Tutorials/Design_Flow_Tutorials/IP_Integrator/Lab_1/Lab_1.gen/sources_1/bd/design_1/ip/design_1_rst_clk_wiz_1_100M_0/synth/design_1_rst_clk_wiz_1_100M_0.vhd:129]
INFO: [Synth 8-638] synthesizing module 'proc_sys_reset' [/opt/Vivado-Design-Tutorials/Design_Flow_Tutorials/IP_Integrator/Lab_1/Lab_1.gen/sources_1/bd/design_1/ipshared/8842/hdl/proc_sys_reset_v5_0_vh_rfs.vhd:1323]
	Parameter INIT bound to: 1'b1 
INFO: [Synth 8-113] binding component instance 'FDRE_inst' to cell 'FDRE' [/opt/Vivado-Design-Tutorials/Design_Flow_Tutorials/IP_Integrator/Lab_1/Lab_1.gen/sources_1/bd/design_1/ipshared/8842/hdl/proc_sys_reset_v5_0_vh_rfs.vhd:1392]
	Parameter INIT bound to: 1'b1 
INFO: [Synth 8-113] binding component instance 'FDRE_BSR' to cell 'FDRE' [/opt/Vivado-Design-Tutorials/Design_Flow_Tutorials/IP_Integrator/Lab_1/Lab_1.gen/sources_1/bd/design_1/ipshared/8842/hdl/proc_sys_reset_v5_0_vh_rfs.vhd:1408]
	Parameter INIT bound to: 1'b0 
INFO: [Synth 8-113] binding component instance 'FDRE_BSR_N' to cell 'FDRE' [/opt/Vivado-Design-Tutorials/Design_Flow_Tutorials/IP_Integrator/Lab_1/Lab_1.gen/sources_1/bd/design_1/ipshared/8842/hdl/proc_sys_reset_v5_0_vh_rfs.vhd:1434]
	Parameter INIT bound to: 1'b1 
INFO: [Synth 8-113] binding component instance 'FDRE_PER' to cell 'FDRE' [/opt/Vivado-Design-Tutorials/Design_Flow_Tutorials/IP_Integrator/Lab_1/Lab_1.gen/sources_1/bd/design_1/ipshared/8842/hdl/proc_sys_reset_v5_0_vh_rfs.vhd:1457]
	Parameter INIT bound to: 1'b0 
INFO: [Synth 8-113] binding component instance 'FDRE_PER_N' to cell 'FDRE' [/opt/Vivado-Design-Tutorials/Design_Flow_Tutorials/IP_Integrator/Lab_1/Lab_1.gen/sources_1/bd/design_1/ipshared/8842/hdl/proc_sys_reset_v5_0_vh_rfs.vhd:1481]
INFO: [Synth 8-638] synthesizing module 'lpf' [/opt/Vivado-Design-Tutorials/Design_Flow_Tutorials/IP_Integrator/Lab_1/Lab_1.gen/sources_1/bd/design_1/ipshared/8842/hdl/proc_sys_reset_v5_0_vh_rfs.vhd:816]
INFO: [Synth 8-3491] module 'SRL16' declared at '/tools/Xilinx/Vivado/2021.1/scripts/rt/data/unisim_comp.v:100945' bound to instance 'POR_SRL_I' of component 'SRL16' [/opt/Vivado-Design-Tutorials/Design_Flow_Tutorials/IP_Integrator/Lab_1/Lab_1.gen/sources_1/bd/design_1/ipshared/8842/hdl/proc_sys_reset_v5_0_vh_rfs.vhd:868]
INFO: [Synth 8-6157] synthesizing module 'SRL16' [/tools/Xilinx/Vivado/2021.1/scripts/rt/data/unisim_comp.v:100945]
INFO: [Synth 8-6155] done synthesizing module 'SRL16' (1#1) [/tools/Xilinx/Vivado/2021.1/scripts/rt/data/unisim_comp.v:100945]
INFO: [Synth 8-638] synthesizing module 'cdc_sync' [/opt/Vivado-Design-Tutorials/Design_Flow_Tutorials/IP_Integrator/Lab_1/Lab_1.gen/sources_1/bd/design_1/ipshared/ef1e/hdl/lib_cdc_v1_0_rfs.vhd:106]
	Parameter INIT bound to: 1'b0 
INFO: [Synth 8-113] binding component instance 'CROSS_PLEVEL_IN2SCNDRY_IN_cdc_to' to cell 'FDR' [/opt/Vivado-Design-Tutorials/Design_Flow_Tutorials/IP_Integrator/Lab_1/Lab_1.gen/sources_1/bd/design_1/ipshared/ef1e/hdl/lib_cdc_v1_0_rfs.vhd:514]
	Parameter INIT bound to: 1'b0 
INFO: [Synth 8-113] binding component instance 'CROSS_PLEVEL_IN2SCNDRY_s_level_out_d2' to cell 'FDR' [/opt/Vivado-Design-Tutorials/Design_Flow_Tutorials/IP_Integrator/Lab_1/Lab_1.gen/sources_1/bd/design_1/ipshared/ef1e/hdl/lib_cdc_v1_0_rfs.vhd:545]
	Parameter INIT bound to: 1'b0 
INFO: [Synth 8-113] binding component instance 'CROSS_PLEVEL_IN2SCNDRY_s_level_out_d3' to cell 'FDR' [/opt/Vivado-Design-Tutorials/Design_Flow_Tutorials/IP_Integrator/Lab_1/Lab_1.gen/sources_1/bd/design_1/ipshared/ef1e/hdl/lib_cdc_v1_0_rfs.vhd:554]
	Parameter INIT bound to: 1'b0 
INFO: [Synth 8-113] binding component instance 'CROSS_PLEVEL_IN2SCNDRY_s_level_out_d4' to cell 'FDR' [/opt/Vivado-Design-Tutorials/Design_Flow_Tutorials/IP_Integrator/Lab_1/Lab_1.gen/sources_1/bd/design_1/ipshared/ef1e/hdl/lib_cdc_v1_0_rfs.vhd:564]
	Parameter INIT bound to: 1'b0 
INFO: [Synth 8-113] binding component instance 'CROSS_PLEVEL_IN2SCNDRY_s_level_out_d5' to cell 'FDR' [/opt/Vivado-Design-Tutorials/Design_Flow_Tutorials/IP_Integrator/Lab_1/Lab_1.gen/sources_1/bd/design_1/ipshared/ef1e/hdl/lib_cdc_v1_0_rfs.vhd:574]
	Parameter INIT bound to: 1'b0 
INFO: [Synth 8-113] binding component instance 'CROSS_PLEVEL_IN2SCNDRY_s_level_out_d6' to cell 'FDR' [/opt/Vivado-Design-Tutorials/Design_Flow_Tutorials/IP_Integrator/Lab_1/Lab_1.gen/sources_1/bd/design_1/ipshared/ef1e/hdl/lib_cdc_v1_0_rfs.vhd:584]
INFO: [Synth 8-256] done synthesizing module 'cdc_sync' (2#1) [/opt/Vivado-Design-Tutorials/Design_Flow_Tutorials/IP_Integrator/Lab_1/Lab_1.gen/sources_1/bd/design_1/ipshared/ef1e/hdl/lib_cdc_v1_0_rfs.vhd:106]
INFO: [Synth 8-256] done synthesizing module 'lpf' (3#1) [/opt/Vivado-Design-Tutorials/Design_Flow_Tutorials/IP_Integrator/Lab_1/Lab_1.gen/sources_1/bd/design_1/ipshared/8842/hdl/proc_sys_reset_v5_0_vh_rfs.vhd:816]
INFO: [Synth 8-638] synthesizing module 'sequence_psr' [/opt/Vivado-Design-Tutorials/Design_Flow_Tutorials/IP_Integrator/Lab_1/Lab_1.gen/sources_1/bd/design_1/ipshared/8842/hdl/proc_sys_reset_v5_0_vh_rfs.vhd:301]
INFO: [Synth 8-638] synthesizing module 'upcnt_n' [/opt/Vivado-Design-Tutorials/Design_Flow_Tutorials/IP_Integrator/Lab_1/Lab_1.gen/sources_1/bd/design_1/ipshared/8842/hdl/proc_sys_reset_v5_0_vh_rfs.vhd:125]
INFO: [Synth 8-256] done synthesizing module 'upcnt_n' (4#1) [/opt/Vivado-Design-Tutorials/Design_Flow_Tutorials/IP_Integrator/Lab_1/Lab_1.gen/sources_1/bd/design_1/ipshared/8842/hdl/proc_sys_reset_v5_0_vh_rfs.vhd:125]
INFO: [Synth 8-256] done synthesizing module 'sequence_psr' (5#1) [/opt/Vivado-Design-Tutorials/Design_Flow_Tutorials/IP_Integrator/Lab_1/Lab_1.gen/sources_1/bd/design_1/ipshared/8842/hdl/proc_sys_reset_v5_0_vh_rfs.vhd:301]
INFO: [Synth 8-256] done synthesizing module 'proc_sys_reset' (6#1) [/opt/Vivado-Design-Tutorials/Design_Flow_Tutorials/IP_Integrator/Lab_1/Lab_1.gen/sources_1/bd/design_1/ipshared/8842/hdl/proc_sys_reset_v5_0_vh_rfs.vhd:1323]
INFO: [Synth 8-256] done synthesizing module 'design_1_rst_clk_wiz_1_100M_0' (7#1) [/opt/Vivado-Design-Tutorials/Design_Flow_Tutorials/IP_Integrator/Lab_1/Lab_1.gen/sources_1/bd/design_1/ip/design_1_rst_clk_wiz_1_100M_0/synth/design_1_rst_clk_wiz_1_100M_0.vhd:74]
---------------------------------------------------------------------------------
Finished RTL Elaboration : Time (s): cpu = 00:00:03 ; elapsed = 00:00:09 . Memory (MB): peak = 3009.836 ; gain = 268.594 ; free physical = 4441 ; free virtual = 5174
---------------------------------------------------------------------------------
---------------------------------------------------------------------------------
Start Handling Custom Attributes
---------------------------------------------------------------------------------
---------------------------------------------------------------------------------
Finished Handling Custom Attributes : Time (s): cpu = 00:00:04 ; elapsed = 00:00:09 . Memory (MB): peak = 3027.648 ; gain = 286.406 ; free physical = 5608 ; free virtual = 6552
---------------------------------------------------------------------------------
---------------------------------------------------------------------------------
Finished RTL Optimization Phase 1 : Time (s): cpu = 00:00:04 ; elapsed = 00:00:09 . Memory (MB): peak = 3027.648 ; gain = 286.406 ; free physical = 5606 ; free virtual = 6551
---------------------------------------------------------------------------------
Netlist sorting complete. Time (s): cpu = 00:00:00 ; elapsed = 00:00:00 . Memory (MB): peak = 3039.555 ; gain = 0.000 ; free physical = 5221 ; free virtual = 6174
INFO: [Netlist 29-17] Analyzing 13 Unisim elements for replacement
INFO: [Netlist 29-28] Unisim Transformation completed in 0 CPU seconds
INFO: [Project 1-570] Preparing netlist for logic optimization

Processing XDC Constraints
Initializing timing engine
Parsing XDC File [/opt/Vivado-Design-Tutorials/Design_Flow_Tutorials/IP_Integrator/Lab_1/Lab_1.gen/sources_1/bd/design_1/ip/design_1_rst_clk_wiz_1_100M_0/design_1_rst_clk_wiz_1_100M_0_ooc.xdc] for cell 'U0'
Finished Parsing XDC File [/opt/Vivado-Design-Tutorials/Design_Flow_Tutorials/IP_Integrator/Lab_1/Lab_1.gen/sources_1/bd/design_1/ip/design_1_rst_clk_wiz_1_100M_0/design_1_rst_clk_wiz_1_100M_0_ooc.xdc] for cell 'U0'
Parsing XDC File [/opt/Vivado-Design-Tutorials/Design_Flow_Tutorials/IP_Integrator/Lab_1/Lab_1.gen/sources_1/bd/design_1/ip/design_1_rst_clk_wiz_1_100M_0/design_1_rst_clk_wiz_1_100M_0_board.xdc] for cell 'U0'
Finished Parsing XDC File [/opt/Vivado-Design-Tutorials/Design_Flow_Tutorials/IP_Integrator/Lab_1/Lab_1.gen/sources_1/bd/design_1/ip/design_1_rst_clk_wiz_1_100M_0/design_1_rst_clk_wiz_1_100M_0_board.xdc] for cell 'U0'
Parsing XDC File [/opt/Vivado-Design-Tutorials/Design_Flow_Tutorials/IP_Integrator/Lab_1/Lab_1.gen/sources_1/bd/design_1/ip/design_1_rst_clk_wiz_1_100M_0/design_1_rst_clk_wiz_1_100M_0.xdc] for cell 'U0'
Finished Parsing XDC File [/opt/Vivado-Design-Tutorials/Design_Flow_Tutorials/IP_Integrator/Lab_1/Lab_1.gen/sources_1/bd/design_1/ip/design_1_rst_clk_wiz_1_100M_0/design_1_rst_clk_wiz_1_100M_0.xdc] for cell 'U0'
Parsing XDC File [/opt/Vivado-Design-Tutorials/Design_Flow_Tutorials/IP_Integrator/Lab_1/Lab_1.runs/design_1_rst_clk_wiz_1_100M_0_synth_1/dont_touch.xdc]
Finished Parsing XDC File [/opt/Vivado-Design-Tutorials/Design_Flow_Tutorials/IP_Integrator/Lab_1/Lab_1.runs/design_1_rst_clk_wiz_1_100M_0_synth_1/dont_touch.xdc]
Completed Processing XDC Constraints

Netlist sorting complete. Time (s): cpu = 00:00:00 ; elapsed = 00:00:00 . Memory (MB): peak = 3224.180 ; gain = 0.000 ; free physical = 5234 ; free virtual = 6394
INFO: [Project 1-111] Unisim Transformation Summary:
  A total of 13 instances were transformed.
  FDR => FDRE: 12 instances
  SRL16 => SRL16E: 1 instance 

Constraint Validation Runtime : Time (s): cpu = 00:00:00.01 ; elapsed = 00:00:00.01 . Memory (MB): peak = 3224.180 ; gain = 0.000 ; free physical = 5278 ; free virtual = 6438
---------------------------------------------------------------------------------
Finished Constraint Validation : Time (s): cpu = 00:00:09 ; elapsed = 00:00:16 . Memory (MB): peak = 3224.180 ; gain = 482.938 ; free physical = 4824 ; free virtual = 6806
---------------------------------------------------------------------------------
---------------------------------------------------------------------------------
Start Loading Part and Timing Information
---------------------------------------------------------------------------------
Loading part: xcvu9p-flga2104-2L-e
INFO: [Synth 8-6742] Reading net delay rules and data
---------------------------------------------------------------------------------
Finished Loading Part and Timing Information : Time (s): cpu = 00:00:09 ; elapsed = 00:00:16 . Memory (MB): peak = 3224.180 ; gain = 482.938 ; free physical = 4829 ; free virtual = 6812
---------------------------------------------------------------------------------
---------------------------------------------------------------------------------
Start Applying 'set_property' XDC Constraints
---------------------------------------------------------------------------------
Applied set_property KEEP_HIERARCHY = SOFT for U0. (constraint file  /opt/Vivado-Design-Tutorials/Design_Flow_Tutorials/IP_Integrator/Lab_1/Lab_1.runs/design_1_rst_clk_wiz_1_100M_0_synth_1/dont_touch.xdc, line 9).
Applied set_property KEEP = true for ext_reset_in. (constraint file  auto generated constraint).
---------------------------------------------------------------------------------
Finished applying 'set_property' XDC Constraints : Time (s): cpu = 00:00:09 ; elapsed = 00:00:16 . Memory (MB): peak = 3224.180 ; gain = 482.938 ; free physical = 4844 ; free virtual = 6828
---------------------------------------------------------------------------------
---------------------------------------------------------------------------------
Finished RTL Optimization Phase 2 : Time (s): cpu = 00:00:09 ; elapsed = 00:00:16 . Memory (MB): peak = 3224.180 ; gain = 482.938 ; free physical = 5117 ; free virtual = 7116
---------------------------------------------------------------------------------
---------------------------------------------------------------------------------
Start RTL Component Statistics 
---------------------------------------------------------------------------------
Detailed RTL Component Info : 
+---Adders : 
	   2 Input    6 Bit       Adders := 1     
+---Registers : 
	                6 Bit    Registers := 1     
	                3 Bit    Registers := 3     
	                1 Bit    Registers := 8     
+---Muxes : 
	   2 Input    6 Bit        Muxes := 1     
	   2 Input    1 Bit        Muxes := 1     
---------------------------------------------------------------------------------
Finished RTL Component Statistics 
---------------------------------------------------------------------------------
---------------------------------------------------------------------------------
Start Part Resource Summary
---------------------------------------------------------------------------------
Part Resources:
DSPs: 6840 (col length:120)
BRAMs: 4320 (col length: RAMB18 360 RAMB36 180)
---------------------------------------------------------------------------------
Finished Part Resource Summary
---------------------------------------------------------------------------------
---------------------------------------------------------------------------------
Start Cross Boundary and Area Optimization
---------------------------------------------------------------------------------
---------------------------------------------------------------------------------
Finished Cross Boundary and Area Optimization : Time (s): cpu = 00:00:09 ; elapsed = 00:00:16 . Memory (MB): peak = 3224.180 ; gain = 482.938 ; free physical = 5116 ; free virtual = 7140
---------------------------------------------------------------------------------
---------------------------------------------------------------------------------
Start Applying XDC Timing Constraints
---------------------------------------------------------------------------------
---------------------------------------------------------------------------------
Finished Applying XDC Timing Constraints : Time (s): cpu = 00:00:14 ; elapsed = 00:00:22 . Memory (MB): peak = 3442.445 ; gain = 701.203 ; free physical = 1356 ; free virtual = 3916
---------------------------------------------------------------------------------
---------------------------------------------------------------------------------
Start Timing Optimization
---------------------------------------------------------------------------------
---------------------------------------------------------------------------------
Finished Timing Optimization : Time (s): cpu = 00:00:14 ; elapsed = 00:00:22 . Memory (MB): peak = 3442.445 ; gain = 701.203 ; free physical = 1357 ; free virtual = 3918
---------------------------------------------------------------------------------
---------------------------------------------------------------------------------
Start Technology Mapping
---------------------------------------------------------------------------------
---------------------------------------------------------------------------------
Finished Technology Mapping : Time (s): cpu = 00:00:14 ; elapsed = 00:00:22 . Memory (MB): peak = 3470.492 ; gain = 729.250 ; free physical = 1331 ; free virtual = 3892
---------------------------------------------------------------------------------
---------------------------------------------------------------------------------
Start IO Insertion
---------------------------------------------------------------------------------
---------------------------------------------------------------------------------
Start Flattening Before IO Insertion
---------------------------------------------------------------------------------
---------------------------------------------------------------------------------
Finished Flattening Before IO Insertion
---------------------------------------------------------------------------------
---------------------------------------------------------------------------------
Start Final Netlist Cleanup
---------------------------------------------------------------------------------
---------------------------------------------------------------------------------
Finished Final Netlist Cleanup
---------------------------------------------------------------------------------
---------------------------------------------------------------------------------
Finished IO Insertion : Time (s): cpu = 00:00:16 ; elapsed = 00:00:24 . Memory (MB): peak = 3470.492 ; gain = 729.250 ; free physical = 889 ; free virtual = 2865
---------------------------------------------------------------------------------
---------------------------------------------------------------------------------
Start Renaming Generated Instances
---------------------------------------------------------------------------------
---------------------------------------------------------------------------------
Finished Renaming Generated Instances : Time (s): cpu = 00:00:16 ; elapsed = 00:00:24 . Memory (MB): peak = 3470.492 ; gain = 729.250 ; free physical = 878 ; free virtual = 2854
---------------------------------------------------------------------------------
---------------------------------------------------------------------------------
Start Rebuilding User Hierarchy
---------------------------------------------------------------------------------
---------------------------------------------------------------------------------
Finished Rebuilding User Hierarchy : Time (s): cpu = 00:00:16 ; elapsed = 00:00:24 . Memory (MB): peak = 3470.492 ; gain = 729.250 ; free physical = 871 ; free virtual = 2848
---------------------------------------------------------------------------------
---------------------------------------------------------------------------------
Start Renaming Generated Ports
---------------------------------------------------------------------------------
---------------------------------------------------------------------------------
Finished Renaming Generated Ports : Time (s): cpu = 00:00:16 ; elapsed = 00:00:24 . Memory (MB): peak = 3470.492 ; gain = 729.250 ; free physical = 879 ; free virtual = 2857
---------------------------------------------------------------------------------
---------------------------------------------------------------------------------
Start Handling Custom Attributes
---------------------------------------------------------------------------------
---------------------------------------------------------------------------------
Finished Handling Custom Attributes : Time (s): cpu = 00:00:16 ; elapsed = 00:00:24 . Memory (MB): peak = 3470.492 ; gain = 729.250 ; free physical = 854 ; free virtual = 2831
---------------------------------------------------------------------------------
---------------------------------------------------------------------------------
Start Renaming Generated Nets
---------------------------------------------------------------------------------
---------------------------------------------------------------------------------
Finished Renaming Generated Nets : Time (s): cpu = 00:00:16 ; elapsed = 00:00:24 . Memory (MB): peak = 3470.492 ; gain = 729.250 ; free physical = 884 ; free virtual = 2862
---------------------------------------------------------------------------------
---------------------------------------------------------------------------------
Start Writing Synthesis Report
---------------------------------------------------------------------------------

Report BlackBoxes: 
+-+--------------+----------+
| |BlackBox name |Instances |
+-+--------------+----------+
+-+--------------+----------+

Report Cell Usage: 
+------+------+------+
|      |Cell  |Count |
+------+------+------+
|1     |LUT1  |     5|
|2     |LUT2  |     9|
|3     |LUT3  |     1|
|4     |LUT4  |     6|
|5     |LUT5  |     3|
|6     |LUT6  |     1|
|7     |SRL16 |     1|
|8     |FDR   |     8|
|9     |FDRE  |    28|
|10    |FDSE  |     4|
+------+------+------+
---------------------------------------------------------------------------------
Finished Writing Synthesis Report : Time (s): cpu = 00:00:16 ; elapsed = 00:00:24 . Memory (MB): peak = 3470.492 ; gain = 729.250 ; free physical = 893 ; free virtual = 2871
---------------------------------------------------------------------------------
Synthesis finished with 0 errors, 0 critical warnings and 0 warnings.
Synthesis Optimization Runtime : Time (s): cpu = 00:00:13 ; elapsed = 00:00:21 . Memory (MB): peak = 3470.492 ; gain = 532.719 ; free physical = 982 ; free virtual = 2965
Synthesis Optimization Complete : Time (s): cpu = 00:00:16 ; elapsed = 00:00:24 . Memory (MB): peak = 3470.500 ; gain = 729.250 ; free physical = 973 ; free virtual = 2956
INFO: [Project 1-571] Translating synthesized netlist
Netlist sorting complete. Time (s): cpu = 00:00:00 ; elapsed = 00:00:00 . Memory (MB): peak = 3470.500 ; gain = 0.000 ; free physical = 1099 ; free virtual = 3088
INFO: [Netlist 29-17] Analyzing 9 Unisim elements for replacement
INFO: [Netlist 29-28] Unisim Transformation completed in 0 CPU seconds
INFO: [Project 1-570] Preparing netlist for logic optimization
INFO: [Opt 31-138] Pushed 0 inverter(s) to 0 load pin(s).
Netlist sorting complete. Time (s): cpu = 00:00:00 ; elapsed = 00:00:00 . Memory (MB): peak = 3575.359 ; gain = 0.000 ; free physical = 946 ; free virtual = 3176
INFO: [Project 1-111] Unisim Transformation Summary:
  A total of 9 instances were transformed.
  FDR => FDRE: 8 instances
  SRL16 => SRL16E: 1 instance 

Synth Design complete, checksum: 8df7a1f
INFO: [Common 17-83] Releasing license: Synthesis
44 Infos, 0 Warnings, 0 Critical Warnings and 0 Errors encountered.
synth_design completed successfully
synth_design: Time (s): cpu = 00:00:25 ; elapsed = 00:00:30 . Memory (MB): peak = 3575.359 ; gain = 1057.621 ; free physical = 1117 ; free virtual = 3365
INFO: [Common 17-1381] The checkpoint '/opt/Vivado-Design-Tutorials/Design_Flow_Tutorials/IP_Integrator/Lab_1/Lab_1.runs/design_1_rst_clk_wiz_1_100M_0_synth_1/design_1_rst_clk_wiz_1_100M_0.dcp' has been generated.
INFO: [Coretcl 2-1648] Added synthesis output to IP cache for IP design_1_rst_clk_wiz_1_100M_0, cache-ID = c5e9f81bf96c462e
INFO: [Coretcl 2-1174] Renamed 6 cell refs.
INFO: [Common 17-1381] The checkpoint '/opt/Vivado-Design-Tutorials/Design_Flow_Tutorials/IP_Integrator/Lab_1/Lab_1.runs/design_1_rst_clk_wiz_1_100M_0_synth_1/design_1_rst_clk_wiz_1_100M_0.dcp' has been generated.
INFO: [runtcl-4] Executing : report_utilization -file design_1_rst_clk_wiz_1_100M_0_utilization_synth.rpt -pb design_1_rst_clk_wiz_1_100M_0_utilization_synth.pb
INFO: [Common 17-206] Exiting Vivado at Fri Sep 27 12:21:24 2024...
