srcscan starts
=============== Using vdb files for VHDL std libs ===========
INFO: The vhdl library search path for library "std" is now "/tools/Xilinx/Vivado/2021.1/data/precomp_hsv/vhdl/std" (VHDL-1505)
INFO: The vhdl library search path for library "synopsys" is now "/tools/Xilinx/Vivado/2021.1/data/precomp_hsv/vhdl/synopsys" (VHDL-1505)
INFO: The vhdl library search path for library "ieee" is now "/tools/Xilinx/Vivado/2021.1/data/precomp_hsv/vhdl/ieee" (VHDL-1505)
INFO: The vhdl library search path for library "unimacro" is now "/tools/Xilinx/Vivado/2021.1/data/precomp_hsv/vhdl/unimacro" (VHDL-1505)
INFO: The vhdl library search path for library "unisim" is now "/tools/Xilinx/Vivado/2021.1/data/precomp_hsv/vhdl/unisim" (VHDL-1505)
INFO: The vhdl library search path for library "vl" is now "/tools/Xilinx/Vivado/2021.1/data/precomp_hsv/vhdl/vl" (VHDL-1505)
INFO: The vhdl library search path for library "xpm" is now "/tools/Xilinx/Vivado/2021.1/data/precomp_hsv/vhdl/xpm" (VHDL-1505)
=============== Using precompiled files for SV std libs ===========
INFO: The veri library search path for library "std" is now "/tools/Xilinx/Vivado/2021.1/data/precomp_hsv/sv/std" (VERI-1509)
INFO: The veri library search path for library "uvm" is now "/tools/Xilinx/Vivado/2021.1/data/precomp_hsv/sv/uvm" (VERI-1509)
INFO: analyzing module axi_infrastructure_v1_1_0_axi2vector (VERI-9002)
/opt/Vivado-Design-Tutorials/Design_Flow_Tutorials/IP_Integrator/Lab_1/Lab_1.gen/sources_1/bd/design_1/ipshared/ec67/hdl/axi_infrastructure_v1_1_vl_rfs.v(142): INFO: Compiling verilog file "/opt/Vivado-Design-Tutorials/Design_Flow_Tutorials/IP_Integrator/Lab_1/Lab_1.gen/sources_1/bd/design_1/ipshared/ec67/hdl/axi_infrastructure_v1_1_0.vh" included at line 142. (VERI-9003)
/opt/Vivado-Design-Tutorials/Design_Flow_Tutorials/IP_Integrator/Lab_1/Lab_1.gen/sources_1/bd/design_1/ipshared/ec67/hdl/axi_infrastructure_v1_1_vl_rfs.v(142): INFO: back to file '/opt/Vivado-Design-Tutorials/Design_Flow_Tutorials/IP_Integrator/Lab_1/Lab_1.gen/sources_1/bd/design_1/ipshared/ec67/hdl/axi_infrastructure_v1_1_vl_rfs.v' (VERI-2320)
INFO: analyzing module axi_infrastructure_v1_1_0_axic_srl_fifo (VERI-9002)
INFO: analyzing module axi_infrastructure_v1_1_0_vector2axi (VERI-9002)
/opt/Vivado-Design-Tutorials/Design_Flow_Tutorials/IP_Integrator/Lab_1/Lab_1.gen/sources_1/bd/design_1/ipshared/ec67/hdl/axi_infrastructure_v1_1_vl_rfs.v(556): INFO: Compiling verilog file "/opt/Vivado-Design-Tutorials/Design_Flow_Tutorials/IP_Integrator/Lab_1/Lab_1.gen/sources_1/bd/design_1/ipshared/ec67/hdl/axi_infrastructure_v1_1_0.vh" included at line 556. (VERI-9003)
/opt/Vivado-Design-Tutorials/Design_Flow_Tutorials/IP_Integrator/Lab_1/Lab_1.gen/sources_1/bd/design_1/ipshared/ec67/hdl/axi_infrastructure_v1_1_vl_rfs.v(556): INFO: back to file '/opt/Vivado-Design-Tutorials/Design_Flow_Tutorials/IP_Integrator/Lab_1/Lab_1.gen/sources_1/bd/design_1/ipshared/ec67/hdl/axi_infrastructure_v1_1_vl_rfs.v' (VERI-2320)
INFO: analyzing module axi_register_slice_v2_1_24_test_master (VERI-9002)
INFO: analyzing module axi_register_slice_v2_1_24_test_slave (VERI-9002)
INFO: analyzing module axi_register_slice_v2_1_24_tdm_sample (VERI-9002)
INFO: analyzing module axi_register_slice_v2_1_24_auto_slr (VERI-9002)
INFO: analyzing module axi_register_slice_v2_1_24_auto_src (VERI-9002)
INFO: analyzing module axi_register_slice_v2_1_24_auto_dest (VERI-9002)
INFO: analyzing module axi_register_slice_v2_1_24_srl_rtl (VERI-9002)
INFO: analyzing module axi_register_slice_v2_1_24_axic_register_slice (VERI-9002)
INFO: analyzing module axi_register_slice_v2_1_24_multi_slr (VERI-9002)
INFO: analyzing module axi_register_slice_v2_1_24_middle_region_slr (VERI-9002)
INFO: analyzing module axi_register_slice_v2_1_24_source_region_slr (VERI-9002)
INFO: analyzing module axi_register_slice_v2_1_24_dest_region_slr (VERI-9002)
INFO: analyzing module axi_register_slice_v2_1_24_single_slr (VERI-9002)
INFO: analyzing module axi_register_slice_v2_1_24_axic_reg_srl_fifo (VERI-9002)
INFO: analyzing module axi_register_slice_v2_1_24_axi_register_slice (VERI-9002)
/opt/Vivado-Design-Tutorials/Design_Flow_Tutorials/IP_Integrator/Lab_1/Lab_1.gen/sources_1/bd/design_1/ipshared/8f68/hdl/axi_register_slice_v2_1_vl_rfs.v(3898): INFO: Compiling verilog file "/opt/Vivado-Design-Tutorials/Design_Flow_Tutorials/IP_Integrator/Lab_1/Lab_1.gen/sources_1/bd/design_1/ipshared/ec67/hdl/axi_infrastructure_v1_1_0.vh" included at line 3898. (VERI-9003)
/opt/Vivado-Design-Tutorials/Design_Flow_Tutorials/IP_Integrator/Lab_1/Lab_1.gen/sources_1/bd/design_1/ipshared/8f68/hdl/axi_register_slice_v2_1_vl_rfs.v(3898): INFO: back to file '/opt/Vivado-Design-Tutorials/Design_Flow_Tutorials/IP_Integrator/Lab_1/Lab_1.gen/sources_1/bd/design_1/ipshared/8f68/hdl/axi_register_slice_v2_1_vl_rfs.v' (VERI-2320)
INFO: analyzing module design_1_smartconnect_0_0 (VERI-9002)
INFO: analyzing module xlconstant_v1_1_7_xlconstant (VERI-9002)
INFO: analyzing module axi_vip_v1_1_10_top (VERI-9002)
INFO: analyzing module sc_util_v1_0_4_fifo (VERI-9002)
/opt/Vivado-Design-Tutorials/Design_Flow_Tutorials/IP_Integrator/Lab_1/Lab_1.gen/sources_1/bd/design_1/ipshared/80cc/hdl/sc_util_v1_0_vl_rfs.sv(901): INFO: Compiling verilog file "/opt/Vivado-Design-Tutorials/Design_Flow_Tutorials/IP_Integrator/Lab_1/Lab_1.gen/sources_1/bd/design_1/ipshared/80cc/hdl/verilog/sc_util_v1_0_4_constants.vh" included at line 901. (VERI-9003)
/opt/Vivado-Design-Tutorials/Design_Flow_Tutorials/IP_Integrator/Lab_1/Lab_1.gen/sources_1/bd/design_1/ipshared/80cc/hdl/sc_util_v1_0_vl_rfs.sv(901): INFO: back to file '/opt/Vivado-Design-Tutorials/Design_Flow_Tutorials/IP_Integrator/Lab_1/Lab_1.gen/sources_1/bd/design_1/ipshared/80cc/hdl/sc_util_v1_0_vl_rfs.sv' (VERI-2320)
INFO: analyzing module sc_util_v1_0_4_vcafifo (VERI-9002)
INFO: analyzing module sc_util_v1_0_4_vcafifo_progfull (VERI-9002)
/opt/Vivado-Design-Tutorials/Design_Flow_Tutorials/IP_Integrator/Lab_1/Lab_1.gen/sources_1/bd/design_1/ipshared/80cc/hdl/sc_util_v1_0_vl_rfs.sv(1317): ERROR: 'clog2' is not a constant (VERI-1188)
INFO: analyzing module sc_util_v1_0_4_afifo_meta (VERI-9002)
INFO: analyzing module sc_util_v1_0_4_mux (VERI-9002)
INFO: analyzing module sc_util_v1_0_4_standard_mux16 (VERI-9002)
INFO: analyzing module sc_util_v1_0_4_pipeline (VERI-9002)
INFO: analyzing module sc_util_v1_0_4_onehot_to_binary (VERI-9002)
INFO: analyzing module sc_util_v1_0_4_counter (VERI-9002)
INFO: analyzing module sc_util_v1_0_4_sample_cycle_ratio (VERI-9002)
INFO: analyzing module sc_util_v1_0_4_fifo_output_reg (VERI-9002)
INFO: analyzing module sc_util_v1_0_4_xpm_memory_fifo (VERI-9002)
/opt/Vivado-Design-Tutorials/Design_Flow_Tutorials/IP_Integrator/Lab_1/Lab_1.gen/sources_1/bd/design_1/ipshared/80cc/hdl/sc_util_v1_0_vl_rfs.sv(2752): WARNING: generate block is allowed only inside loop and conditional generate in SystemVerilog mode (VERI-2365)
/opt/Vivado-Design-Tutorials/Design_Flow_Tutorials/IP_Integrator/Lab_1/Lab_1.gen/sources_1/bd/design_1/ipshared/80cc/hdl/sc_util_v1_0_vl_rfs.sv(2822): WARNING: generate block is allowed only inside loop and conditional generate in SystemVerilog mode (VERI-2365)
INFO: analyzing module sc_util_v1_0_4_xpm_fifo_wrapper (VERI-9002)
INFO: analyzing module sc_util_v1_0_4_axic_fifo (VERI-9002)
INFO: analyzing module sc_util_v1_0_4_axi_splitter (VERI-9002)
/opt/Vivado-Design-Tutorials/Design_Flow_Tutorials/IP_Integrator/Lab_1/Lab_1.gen/sources_1/bd/design_1/ipshared/80cc/hdl/sc_util_v1_0_vl_rfs.sv(3517): INFO: Compiling verilog file "/opt/Vivado-Design-Tutorials/Design_Flow_Tutorials/IP_Integrator/Lab_1/Lab_1.gen/sources_1/bd/design_1/ipshared/80cc/hdl/verilog/sc_util_v1_0_4_constants.vh" included at line 3517. (VERI-9003)
/opt/Vivado-Design-Tutorials/Design_Flow_Tutorials/IP_Integrator/Lab_1/Lab_1.gen/sources_1/bd/design_1/ipshared/80cc/hdl/sc_util_v1_0_vl_rfs.sv(3517): INFO: back to file '/opt/Vivado-Design-Tutorials/Design_Flow_Tutorials/IP_Integrator/Lab_1/Lab_1.gen/sources_1/bd/design_1/ipshared/80cc/hdl/sc_util_v1_0_vl_rfs.sv' (VERI-2320)
INFO: analyzing module sc_util_v1_0_4_axi2vector (VERI-9002)
/opt/Vivado-Design-Tutorials/Design_Flow_Tutorials/IP_Integrator/Lab_1/Lab_1.gen/sources_1/bd/design_1/ipshared/80cc/hdl/sc_util_v1_0_vl_rfs.sv(3701): INFO: Compiling verilog file "/opt/Vivado-Design-Tutorials/Design_Flow_Tutorials/IP_Integrator/Lab_1/Lab_1.gen/sources_1/bd/design_1/ipshared/80cc/hdl/verilog/sc_util_v1_0_4_constants.vh" included at line 3701. (VERI-9003)
/opt/Vivado-Design-Tutorials/Design_Flow_Tutorials/IP_Integrator/Lab_1/Lab_1.gen/sources_1/bd/design_1/ipshared/80cc/hdl/sc_util_v1_0_vl_rfs.sv(3701): INFO: back to file '/opt/Vivado-Design-Tutorials/Design_Flow_Tutorials/IP_Integrator/Lab_1/Lab_1.gen/sources_1/bd/design_1/ipshared/80cc/hdl/sc_util_v1_0_vl_rfs.sv' (VERI-2320)
INFO: analyzing module sc_util_v1_0_4_vector2axi (VERI-9002)
/opt/Vivado-Design-Tutorials/Design_Flow_Tutorials/IP_Integrator/Lab_1/Lab_1.gen/sources_1/bd/design_1/ipshared/80cc/hdl/sc_util_v1_0_vl_rfs.sv(3880): INFO: Compiling verilog file "/opt/Vivado-Design-Tutorials/Design_Flow_Tutorials/IP_Integrator/Lab_1/Lab_1.gen/sources_1/bd/design_1/ipshared/80cc/hdl/verilog/sc_util_v1_0_4_constants.vh" included at line 3880. (VERI-9003)
/opt/Vivado-Design-Tutorials/Design_Flow_Tutorials/IP_Integrator/Lab_1/Lab_1.gen/sources_1/bd/design_1/ipshared/80cc/hdl/sc_util_v1_0_vl_rfs.sv(3880): INFO: back to file '/opt/Vivado-Design-Tutorials/Design_Flow_Tutorials/IP_Integrator/Lab_1/Lab_1.gen/sources_1/bd/design_1/ipshared/80cc/hdl/sc_util_v1_0_vl_rfs.sv' (VERI-2320)
INFO: analyzing module sc_util_v1_0_4_axi_reg_stall (VERI-9002)
INFO: analyzing module sc_util_v1_0_4_srl_rtl (VERI-9002)
INFO: analyzing module sc_util_v1_0_4_axic_reg_srl_fifo (VERI-9002)
INFO: analyzing module sc_util_v1_0_4_axic_register_slice (VERI-9002)
/opt/Vivado-Design-Tutorials/Design_Flow_Tutorials/IP_Integrator/Lab_1/Lab_1.gen/sources_1/bd/design_1/ipshared/b89e/hdl/sc_axi2sc_v1_0_vl_rfs.sv(66): INFO: Compiling verilog file "/opt/Vivado-Design-Tutorials/Design_Flow_Tutorials/IP_Integrator/Lab_1/Lab_1.gen/sources_1/bd/design_1/ipshared/80cc/hdl/verilog/sc_util_v1_0_4_constants.vh" included at line 66. (VERI-9003)
/opt/Vivado-Design-Tutorials/Design_Flow_Tutorials/IP_Integrator/Lab_1/Lab_1.gen/sources_1/bd/design_1/ipshared/b89e/hdl/sc_axi2sc_v1_0_vl_rfs.sv(66): INFO: back to file '/opt/Vivado-Design-Tutorials/Design_Flow_Tutorials/IP_Integrator/Lab_1/Lab_1.gen/sources_1/bd/design_1/ipshared/b89e/hdl/sc_axi2sc_v1_0_vl_rfs.sv' (VERI-2320)
INFO: analyzing module sc_axi2sc_v1_0_7_top (VERI-9002)
/opt/Vivado-Design-Tutorials/Design_Flow_Tutorials/IP_Integrator/Lab_1/Lab_1.gen/sources_1/bd/design_1/ipshared/b89e/hdl/sc_axi2sc_v1_0_vl_rfs.sv(176): INFO: Compiling verilog file "/opt/Vivado-Design-Tutorials/Design_Flow_Tutorials/IP_Integrator/Lab_1/Lab_1.gen/sources_1/bd/design_1/ipshared/80cc/hdl/verilog/sc_util_v1_0_4_structs.svh" included at line 176. (VERI-9003)
/opt/Vivado-Design-Tutorials/Design_Flow_Tutorials/IP_Integrator/Lab_1/Lab_1.gen/sources_1/bd/design_1/ipshared/b89e/hdl/sc_axi2sc_v1_0_vl_rfs.sv(176): INFO: back to file '/opt/Vivado-Design-Tutorials/Design_Flow_Tutorials/IP_Integrator/Lab_1/Lab_1.gen/sources_1/bd/design_1/ipshared/b89e/hdl/sc_axi2sc_v1_0_vl_rfs.sv' (VERI-2320)
INFO: analyzing module sc_exit_v1_0_11_axi2vector (VERI-9002)
/opt/Vivado-Design-Tutorials/Design_Flow_Tutorials/IP_Integrator/Lab_1/Lab_1.gen/sources_1/bd/design_1/ipshared/7bd7/hdl/sc_exit_v1_0_vl_rfs.sv(305): INFO: Compiling verilog file "/opt/Vivado-Design-Tutorials/Design_Flow_Tutorials/IP_Integrator/Lab_1/Lab_1.gen/sources_1/bd/design_1/ipshared/80cc/hdl/verilog/sc_util_v1_0_4_constants.vh" included at line 305. (VERI-9003)
/opt/Vivado-Design-Tutorials/Design_Flow_Tutorials/IP_Integrator/Lab_1/Lab_1.gen/sources_1/bd/design_1/ipshared/7bd7/hdl/sc_exit_v1_0_vl_rfs.sv(305): INFO: back to file '/opt/Vivado-Design-Tutorials/Design_Flow_Tutorials/IP_Integrator/Lab_1/Lab_1.gen/sources_1/bd/design_1/ipshared/7bd7/hdl/sc_exit_v1_0_vl_rfs.sv' (VERI-2320)
INFO: analyzing module sc_exit_v1_0_11_axi3_conv (VERI-9002)
INFO: analyzing module sc_exit_v1_0_11_axic_register_slice (VERI-9002)
INFO: analyzing module sc_exit_v1_0_11_axi_register_slice (VERI-9002)
/opt/Vivado-Design-Tutorials/Design_Flow_Tutorials/IP_Integrator/Lab_1/Lab_1.gen/sources_1/bd/design_1/ipshared/7bd7/hdl/sc_exit_v1_0_vl_rfs.sv(2521): INFO: Compiling verilog file "/opt/Vivado-Design-Tutorials/Design_Flow_Tutorials/IP_Integrator/Lab_1/Lab_1.gen/sources_1/bd/design_1/ipshared/80cc/hdl/verilog/sc_util_v1_0_4_constants.vh" included at line 2521. (VERI-9003)
/opt/Vivado-Design-Tutorials/Design_Flow_Tutorials/IP_Integrator/Lab_1/Lab_1.gen/sources_1/bd/design_1/ipshared/7bd7/hdl/sc_exit_v1_0_vl_rfs.sv(2521): INFO: back to file '/opt/Vivado-Design-Tutorials/Design_Flow_Tutorials/IP_Integrator/Lab_1/Lab_1.gen/sources_1/bd/design_1/ipshared/7bd7/hdl/sc_exit_v1_0_vl_rfs.sv' (VERI-2320)
INFO: analyzing module sc_exit_v1_0_11_axilite_conv (VERI-9002)
/opt/Vivado-Design-Tutorials/Design_Flow_Tutorials/IP_Integrator/Lab_1/Lab_1.gen/sources_1/bd/design_1/ipshared/7bd7/hdl/sc_exit_v1_0_vl_rfs.sv(3076): INFO: Compiling verilog file "/opt/Vivado-Design-Tutorials/Design_Flow_Tutorials/IP_Integrator/Lab_1/Lab_1.gen/sources_1/bd/design_1/ipshared/80cc/hdl/verilog/sc_util_v1_0_4_constants.vh" included at line 3076. (VERI-9003)
/opt/Vivado-Design-Tutorials/Design_Flow_Tutorials/IP_Integrator/Lab_1/Lab_1.gen/sources_1/bd/design_1/ipshared/7bd7/hdl/sc_exit_v1_0_vl_rfs.sv(3076): INFO: back to file '/opt/Vivado-Design-Tutorials/Design_Flow_Tutorials/IP_Integrator/Lab_1/Lab_1.gen/sources_1/bd/design_1/ipshared/7bd7/hdl/sc_exit_v1_0_vl_rfs.sv' (VERI-2320)
INFO: analyzing module sc_exit_v1_0_11_exit (VERI-9002)
/opt/Vivado-Design-Tutorials/Design_Flow_Tutorials/IP_Integrator/Lab_1/Lab_1.gen/sources_1/bd/design_1/ipshared/7bd7/hdl/sc_exit_v1_0_vl_rfs.sv(3667): INFO: Compiling verilog file "/opt/Vivado-Design-Tutorials/Design_Flow_Tutorials/IP_Integrator/Lab_1/Lab_1.gen/sources_1/bd/design_1/ipshared/80cc/hdl/verilog/sc_util_v1_0_4_constants.vh" included at line 3667. (VERI-9003)
/opt/Vivado-Design-Tutorials/Design_Flow_Tutorials/IP_Integrator/Lab_1/Lab_1.gen/sources_1/bd/design_1/ipshared/7bd7/hdl/sc_exit_v1_0_vl_rfs.sv(3667): INFO: back to file '/opt/Vivado-Design-Tutorials/Design_Flow_Tutorials/IP_Integrator/Lab_1/Lab_1.gen/sources_1/bd/design_1/ipshared/7bd7/hdl/sc_exit_v1_0_vl_rfs.sv' (VERI-2320)
INFO: analyzing module sc_exit_v1_0_11_splitter (VERI-9002)
INFO: analyzing module sc_exit_v1_0_11_vector2axi (VERI-9002)
/opt/Vivado-Design-Tutorials/Design_Flow_Tutorials/IP_Integrator/Lab_1/Lab_1.gen/sources_1/bd/design_1/ipshared/7bd7/hdl/sc_exit_v1_0_vl_rfs.sv(4421): INFO: Compiling verilog file "/opt/Vivado-Design-Tutorials/Design_Flow_Tutorials/IP_Integrator/Lab_1/Lab_1.gen/sources_1/bd/design_1/ipshared/80cc/hdl/verilog/sc_util_v1_0_4_constants.vh" included at line 4421. (VERI-9003)
/opt/Vivado-Design-Tutorials/Design_Flow_Tutorials/IP_Integrator/Lab_1/Lab_1.gen/sources_1/bd/design_1/ipshared/7bd7/hdl/sc_exit_v1_0_vl_rfs.sv(4421): INFO: back to file '/opt/Vivado-Design-Tutorials/Design_Flow_Tutorials/IP_Integrator/Lab_1/Lab_1.gen/sources_1/bd/design_1/ipshared/7bd7/hdl/sc_exit_v1_0_vl_rfs.sv' (VERI-2320)
INFO: analyzing module sc_exit_v1_0_11_top (VERI-9002)
INFO: analyzing module sc_mmu_v1_0_10_addr_decoder (VERI-9002)
INFO: analyzing module sc_mmu_v1_0_10_decerr_slave (VERI-9002)
/opt/Vivado-Design-Tutorials/Design_Flow_Tutorials/IP_Integrator/Lab_1/Lab_1.gen/sources_1/bd/design_1/ipshared/ea34/hdl/sc_mmu_v1_0_vl_rfs.sv(562): INFO: Compiling verilog file "/opt/Vivado-Design-Tutorials/Design_Flow_Tutorials/IP_Integrator/Lab_1/Lab_1.gen/sources_1/bd/design_1/ipshared/80cc/hdl/verilog/sc_util_v1_0_4_constants.vh" included at line 562. (VERI-9003)
/opt/Vivado-Design-Tutorials/Design_Flow_Tutorials/IP_Integrator/Lab_1/Lab_1.gen/sources_1/bd/design_1/ipshared/ea34/hdl/sc_mmu_v1_0_vl_rfs.sv(562): INFO: back to file '/opt/Vivado-Design-Tutorials/Design_Flow_Tutorials/IP_Integrator/Lab_1/Lab_1.gen/sources_1/bd/design_1/ipshared/ea34/hdl/sc_mmu_v1_0_vl_rfs.sv' (VERI-2320)
INFO: analyzing module sc_mmu_v1_0_10_top (VERI-9002)
INFO: analyzing module sc_node_v1_0_13_arb_alg_rr (VERI-9002)
INFO: analyzing module sc_node_v1_0_13_si_handler (VERI-9002)
INFO: analyzing module sc_node_v1_0_13_reg_fifo (VERI-9002)
INFO: analyzing module sc_node_v1_0_13_reg_fifo_async (VERI-9002)
INFO: analyzing module sc_node_v1_0_13_fifo (VERI-9002)
INFO: analyzing module sc_node_v1_0_13_reg_slice3 (VERI-9002)
INFO: analyzing module sc_node_v1_0_13_ingress (VERI-9002)
/opt/Vivado-Design-Tutorials/Design_Flow_Tutorials/IP_Integrator/Lab_1/Lab_1.gen/sources_1/bd/design_1/ipshared/22b9/hdl/sc_node_v1_0_vl_rfs.sv(1655): INFO: Compiling verilog file "/opt/Vivado-Design-Tutorials/Design_Flow_Tutorials/IP_Integrator/Lab_1/Lab_1.gen/sources_1/bd/design_1/ipshared/80cc/hdl/verilog/sc_util_v1_0_4_structs.svh" included at line 1655. (VERI-9003)
/opt/Vivado-Design-Tutorials/Design_Flow_Tutorials/IP_Integrator/Lab_1/Lab_1.gen/sources_1/bd/design_1/ipshared/22b9/hdl/sc_node_v1_0_vl_rfs.sv(1655): INFO: back to file '/opt/Vivado-Design-Tutorials/Design_Flow_Tutorials/IP_Integrator/Lab_1/Lab_1.gen/sources_1/bd/design_1/ipshared/22b9/hdl/sc_node_v1_0_vl_rfs.sv' (VERI-2320)
/opt/Vivado-Design-Tutorials/Design_Flow_Tutorials/IP_Integrator/Lab_1/Lab_1.gen/sources_1/bd/design_1/ipshared/22b9/hdl/sc_node_v1_0_vl_rfs.sv(1656): INFO: Compiling verilog file "/opt/Vivado-Design-Tutorials/Design_Flow_Tutorials/IP_Integrator/Lab_1/Lab_1.gen/sources_1/bd/design_1/ipshared/22b9/hdl/verilog/sc_node_v1_0_13_t_reqsend.svh" included at line 1656. (VERI-9003)
/opt/Vivado-Design-Tutorials/Design_Flow_Tutorials/IP_Integrator/Lab_1/Lab_1.gen/sources_1/bd/design_1/ipshared/22b9/hdl/sc_node_v1_0_vl_rfs.sv(1656): INFO: back to file '/opt/Vivado-Design-Tutorials/Design_Flow_Tutorials/IP_Integrator/Lab_1/Lab_1.gen/sources_1/bd/design_1/ipshared/22b9/hdl/sc_node_v1_0_vl_rfs.sv' (VERI-2320)
/opt/Vivado-Design-Tutorials/Design_Flow_Tutorials/IP_Integrator/Lab_1/Lab_1.gen/sources_1/bd/design_1/ipshared/22b9/hdl/sc_node_v1_0_vl_rfs.sv(1671): WARNING: cannot omit port direction for function/task declarations (VERI-9024)
/opt/Vivado-Design-Tutorials/Design_Flow_Tutorials/IP_Integrator/Lab_1/Lab_1.gen/sources_1/bd/design_1/ipshared/22b9/hdl/sc_node_v1_0_vl_rfs.sv(1672): WARNING: cannot omit port direction for function/task declarations (VERI-9024)
/opt/Vivado-Design-Tutorials/Design_Flow_Tutorials/IP_Integrator/Lab_1/Lab_1.gen/sources_1/bd/design_1/ipshared/22b9/hdl/sc_node_v1_0_vl_rfs.sv(1693): WARNING: cannot omit port direction for function/task declarations (VERI-9024)
/opt/Vivado-Design-Tutorials/Design_Flow_Tutorials/IP_Integrator/Lab_1/Lab_1.gen/sources_1/bd/design_1/ipshared/22b9/hdl/sc_node_v1_0_vl_rfs.sv(1707): WARNING: cannot omit port direction for function/task declarations (VERI-9024)
INFO: analyzing module sc_node_v1_0_13_egress (VERI-9002)
/opt/Vivado-Design-Tutorials/Design_Flow_Tutorials/IP_Integrator/Lab_1/Lab_1.gen/sources_1/bd/design_1/ipshared/22b9/hdl/sc_node_v1_0_vl_rfs.sv(2051): INFO: Compiling verilog file "/opt/Vivado-Design-Tutorials/Design_Flow_Tutorials/IP_Integrator/Lab_1/Lab_1.gen/sources_1/bd/design_1/ipshared/80cc/hdl/verilog/sc_util_v1_0_4_structs.svh" included at line 2051. (VERI-9003)
/opt/Vivado-Design-Tutorials/Design_Flow_Tutorials/IP_Integrator/Lab_1/Lab_1.gen/sources_1/bd/design_1/ipshared/22b9/hdl/sc_node_v1_0_vl_rfs.sv(2051): INFO: back to file '/opt/Vivado-Design-Tutorials/Design_Flow_Tutorials/IP_Integrator/Lab_1/Lab_1.gen/sources_1/bd/design_1/ipshared/22b9/hdl/sc_node_v1_0_vl_rfs.sv' (VERI-2320)
/opt/Vivado-Design-Tutorials/Design_Flow_Tutorials/IP_Integrator/Lab_1/Lab_1.gen/sources_1/bd/design_1/ipshared/22b9/hdl/sc_node_v1_0_vl_rfs.sv(2052): INFO: Compiling verilog file "/opt/Vivado-Design-Tutorials/Design_Flow_Tutorials/IP_Integrator/Lab_1/Lab_1.gen/sources_1/bd/design_1/ipshared/22b9/hdl/verilog/sc_node_v1_0_13_t_reqsend.svh" included at line 2052. (VERI-9003)
/opt/Vivado-Design-Tutorials/Design_Flow_Tutorials/IP_Integrator/Lab_1/Lab_1.gen/sources_1/bd/design_1/ipshared/22b9/hdl/sc_node_v1_0_vl_rfs.sv(2052): INFO: back to file '/opt/Vivado-Design-Tutorials/Design_Flow_Tutorials/IP_Integrator/Lab_1/Lab_1.gen/sources_1/bd/design_1/ipshared/22b9/hdl/sc_node_v1_0_vl_rfs.sv' (VERI-2320)
INFO: analyzing module sc_node_v1_0_13_downsizer (VERI-9002)
/opt/Vivado-Design-Tutorials/Design_Flow_Tutorials/IP_Integrator/Lab_1/Lab_1.gen/sources_1/bd/design_1/ipshared/22b9/hdl/sc_node_v1_0_vl_rfs.sv(2207): INFO: Compiling verilog file "/opt/Vivado-Design-Tutorials/Design_Flow_Tutorials/IP_Integrator/Lab_1/Lab_1.gen/sources_1/bd/design_1/ipshared/80cc/hdl/verilog/sc_util_v1_0_4_structs.svh" included at line 2207. (VERI-9003)
/opt/Vivado-Design-Tutorials/Design_Flow_Tutorials/IP_Integrator/Lab_1/Lab_1.gen/sources_1/bd/design_1/ipshared/22b9/hdl/sc_node_v1_0_vl_rfs.sv(2207): INFO: back to file '/opt/Vivado-Design-Tutorials/Design_Flow_Tutorials/IP_Integrator/Lab_1/Lab_1.gen/sources_1/bd/design_1/ipshared/22b9/hdl/sc_node_v1_0_vl_rfs.sv' (VERI-2320)
/opt/Vivado-Design-Tutorials/Design_Flow_Tutorials/IP_Integrator/Lab_1/Lab_1.gen/sources_1/bd/design_1/ipshared/22b9/hdl/sc_node_v1_0_vl_rfs.sv(2208): INFO: Compiling verilog file "/opt/Vivado-Design-Tutorials/Design_Flow_Tutorials/IP_Integrator/Lab_1/Lab_1.gen/sources_1/bd/design_1/ipshared/22b9/hdl/verilog/sc_node_v1_0_13_t_reqsend.svh" included at line 2208. (VERI-9003)
/opt/Vivado-Design-Tutorials/Design_Flow_Tutorials/IP_Integrator/Lab_1/Lab_1.gen/sources_1/bd/design_1/ipshared/22b9/hdl/sc_node_v1_0_vl_rfs.sv(2208): INFO: back to file '/opt/Vivado-Design-Tutorials/Design_Flow_Tutorials/IP_Integrator/Lab_1/Lab_1.gen/sources_1/bd/design_1/ipshared/22b9/hdl/sc_node_v1_0_vl_rfs.sv' (VERI-2320)
INFO: analyzing module sc_node_v1_0_13_fi_regulator (VERI-9002)
INFO: analyzing module sc_node_v1_0_13_upsizer (VERI-9002)
/opt/Vivado-Design-Tutorials/Design_Flow_Tutorials/IP_Integrator/Lab_1/Lab_1.gen/sources_1/bd/design_1/ipshared/22b9/hdl/sc_node_v1_0_vl_rfs.sv(2607): INFO: Compiling verilog file "/opt/Vivado-Design-Tutorials/Design_Flow_Tutorials/IP_Integrator/Lab_1/Lab_1.gen/sources_1/bd/design_1/ipshared/80cc/hdl/verilog/sc_util_v1_0_4_structs.svh" included at line 2607. (VERI-9003)
/opt/Vivado-Design-Tutorials/Design_Flow_Tutorials/IP_Integrator/Lab_1/Lab_1.gen/sources_1/bd/design_1/ipshared/22b9/hdl/sc_node_v1_0_vl_rfs.sv(2607): INFO: back to file '/opt/Vivado-Design-Tutorials/Design_Flow_Tutorials/IP_Integrator/Lab_1/Lab_1.gen/sources_1/bd/design_1/ipshared/22b9/hdl/sc_node_v1_0_vl_rfs.sv' (VERI-2320)
/opt/Vivado-Design-Tutorials/Design_Flow_Tutorials/IP_Integrator/Lab_1/Lab_1.gen/sources_1/bd/design_1/ipshared/22b9/hdl/sc_node_v1_0_vl_rfs.sv(2609): INFO: Compiling verilog file "/opt/Vivado-Design-Tutorials/Design_Flow_Tutorials/IP_Integrator/Lab_1/Lab_1.gen/sources_1/bd/design_1/ipshared/22b9/hdl/verilog/sc_node_v1_0_13_t_reqsend.svh" included at line 2609. (VERI-9003)
/opt/Vivado-Design-Tutorials/Design_Flow_Tutorials/IP_Integrator/Lab_1/Lab_1.gen/sources_1/bd/design_1/ipshared/22b9/hdl/sc_node_v1_0_vl_rfs.sv(2609): INFO: back to file '/opt/Vivado-Design-Tutorials/Design_Flow_Tutorials/IP_Integrator/Lab_1/Lab_1.gen/sources_1/bd/design_1/ipshared/22b9/hdl/sc_node_v1_0_vl_rfs.sv' (VERI-2320)
/opt/Vivado-Design-Tutorials/Design_Flow_Tutorials/IP_Integrator/Lab_1/Lab_1.gen/sources_1/bd/design_1/ipshared/22b9/hdl/sc_node_v1_0_vl_rfs.sv(2624): WARNING: cannot omit port direction for function/task declarations (VERI-9024)
/opt/Vivado-Design-Tutorials/Design_Flow_Tutorials/IP_Integrator/Lab_1/Lab_1.gen/sources_1/bd/design_1/ipshared/22b9/hdl/sc_node_v1_0_vl_rfs.sv(2625): WARNING: cannot omit port direction for function/task declarations (VERI-9024)
/opt/Vivado-Design-Tutorials/Design_Flow_Tutorials/IP_Integrator/Lab_1/Lab_1.gen/sources_1/bd/design_1/ipshared/22b9/hdl/sc_node_v1_0_vl_rfs.sv(2646): WARNING: cannot omit port direction for function/task declarations (VERI-9024)
/opt/Vivado-Design-Tutorials/Design_Flow_Tutorials/IP_Integrator/Lab_1/Lab_1.gen/sources_1/bd/design_1/ipshared/22b9/hdl/sc_node_v1_0_vl_rfs.sv(2660): WARNING: cannot omit port direction for function/task declarations (VERI-9024)
INFO: analyzing module sc_node_v1_0_13_mi_handler (VERI-9002)
/opt/Vivado-Design-Tutorials/Design_Flow_Tutorials/IP_Integrator/Lab_1/Lab_1.gen/sources_1/bd/design_1/ipshared/22b9/hdl/sc_node_v1_0_vl_rfs.sv(3047): INFO: Compiling verilog file "/opt/Vivado-Design-Tutorials/Design_Flow_Tutorials/IP_Integrator/Lab_1/Lab_1.gen/sources_1/bd/design_1/ipshared/80cc/hdl/verilog/sc_util_v1_0_4_structs.svh" included at line 3047. (VERI-9003)
/opt/Vivado-Design-Tutorials/Design_Flow_Tutorials/IP_Integrator/Lab_1/Lab_1.gen/sources_1/bd/design_1/ipshared/22b9/hdl/sc_node_v1_0_vl_rfs.sv(3047): INFO: back to file '/opt/Vivado-Design-Tutorials/Design_Flow_Tutorials/IP_Integrator/Lab_1/Lab_1.gen/sources_1/bd/design_1/ipshared/22b9/hdl/sc_node_v1_0_vl_rfs.sv' (VERI-2320)
/opt/Vivado-Design-Tutorials/Design_Flow_Tutorials/IP_Integrator/Lab_1/Lab_1.gen/sources_1/bd/design_1/ipshared/22b9/hdl/sc_node_v1_0_vl_rfs.sv(3049): INFO: Compiling verilog file "/opt/Vivado-Design-Tutorials/Design_Flow_Tutorials/IP_Integrator/Lab_1/Lab_1.gen/sources_1/bd/design_1/ipshared/22b9/hdl/verilog/sc_node_v1_0_13_t_reqsend.svh" included at line 3049. (VERI-9003)
/opt/Vivado-Design-Tutorials/Design_Flow_Tutorials/IP_Integrator/Lab_1/Lab_1.gen/sources_1/bd/design_1/ipshared/22b9/hdl/sc_node_v1_0_vl_rfs.sv(3049): INFO: back to file '/opt/Vivado-Design-Tutorials/Design_Flow_Tutorials/IP_Integrator/Lab_1/Lab_1.gen/sources_1/bd/design_1/ipshared/22b9/hdl/sc_node_v1_0_vl_rfs.sv' (VERI-2320)
/opt/Vivado-Design-Tutorials/Design_Flow_Tutorials/IP_Integrator/Lab_1/Lab_1.gen/sources_1/bd/design_1/ipshared/22b9/hdl/sc_node_v1_0_vl_rfs.sv(3053): WARNING: cannot omit port direction for function/task declarations (VERI-9024)
/opt/Vivado-Design-Tutorials/Design_Flow_Tutorials/IP_Integrator/Lab_1/Lab_1.gen/sources_1/bd/design_1/ipshared/22b9/hdl/sc_node_v1_0_vl_rfs.sv(3054): WARNING: cannot omit port direction for function/task declarations (VERI-9024)
/opt/Vivado-Design-Tutorials/Design_Flow_Tutorials/IP_Integrator/Lab_1/Lab_1.gen/sources_1/bd/design_1/ipshared/22b9/hdl/sc_node_v1_0_vl_rfs.sv(3055): WARNING: cannot omit port direction for function/task declarations (VERI-9024)
/opt/Vivado-Design-Tutorials/Design_Flow_Tutorials/IP_Integrator/Lab_1/Lab_1.gen/sources_1/bd/design_1/ipshared/22b9/hdl/sc_node_v1_0_vl_rfs.sv(3056): WARNING: cannot omit port direction for function/task declarations (VERI-9024)
/opt/Vivado-Design-Tutorials/Design_Flow_Tutorials/IP_Integrator/Lab_1/Lab_1.gen/sources_1/bd/design_1/ipshared/22b9/hdl/sc_node_v1_0_vl_rfs.sv(3057): WARNING: cannot omit port direction for function/task declarations (VERI-9024)
/opt/Vivado-Design-Tutorials/Design_Flow_Tutorials/IP_Integrator/Lab_1/Lab_1.gen/sources_1/bd/design_1/ipshared/22b9/hdl/sc_node_v1_0_vl_rfs.sv(3058): WARNING: cannot omit port direction for function/task declarations (VERI-9024)
/opt/Vivado-Design-Tutorials/Design_Flow_Tutorials/IP_Integrator/Lab_1/Lab_1.gen/sources_1/bd/design_1/ipshared/22b9/hdl/sc_node_v1_0_vl_rfs.sv(3059): WARNING: cannot omit port direction for function/task declarations (VERI-9024)
/opt/Vivado-Design-Tutorials/Design_Flow_Tutorials/IP_Integrator/Lab_1/Lab_1.gen/sources_1/bd/design_1/ipshared/22b9/hdl/sc_node_v1_0_vl_rfs.sv(3060): WARNING: cannot omit port direction for function/task declarations (VERI-9024)
/opt/Vivado-Design-Tutorials/Design_Flow_Tutorials/IP_Integrator/Lab_1/Lab_1.gen/sources_1/bd/design_1/ipshared/22b9/hdl/sc_node_v1_0_vl_rfs.sv(3669): INFO: Compiling verilog file "/opt/Vivado-Design-Tutorials/Design_Flow_Tutorials/IP_Integrator/Lab_1/Lab_1.gen/sources_1/bd/design_1/ipshared/80cc/hdl/verilog/sc_util_v1_0_4_constants.vh" included at line 3669. (VERI-9003)
/opt/Vivado-Design-Tutorials/Design_Flow_Tutorials/IP_Integrator/Lab_1/Lab_1.gen/sources_1/bd/design_1/ipshared/22b9/hdl/sc_node_v1_0_vl_rfs.sv(3669): INFO: back to file '/opt/Vivado-Design-Tutorials/Design_Flow_Tutorials/IP_Integrator/Lab_1/Lab_1.gen/sources_1/bd/design_1/ipshared/22b9/hdl/sc_node_v1_0_vl_rfs.sv' (VERI-2320)
INFO: analyzing module sc_node_v1_0_13_top (VERI-9002)
/opt/Vivado-Design-Tutorials/Design_Flow_Tutorials/IP_Integrator/Lab_1/Lab_1.gen/sources_1/bd/design_1/ipshared/22b9/hdl/sc_node_v1_0_vl_rfs.sv(3735): WARNING: cannot omit port direction for function/task declarations (VERI-9024)
/opt/Vivado-Design-Tutorials/Design_Flow_Tutorials/IP_Integrator/Lab_1/Lab_1.gen/sources_1/bd/design_1/ipshared/22b9/hdl/sc_node_v1_0_vl_rfs.sv(3735): WARNING: cannot omit port direction for function/task declarations (VERI-9024)
/opt/Vivado-Design-Tutorials/Design_Flow_Tutorials/IP_Integrator/Lab_1/Lab_1.gen/sources_1/bd/design_1/ipshared/22b9/hdl/sc_node_v1_0_vl_rfs.sv(3744): WARNING: cannot omit port direction for function/task declarations (VERI-9024)
/opt/Vivado-Design-Tutorials/Design_Flow_Tutorials/IP_Integrator/Lab_1/Lab_1.gen/sources_1/bd/design_1/ipshared/22b9/hdl/sc_node_v1_0_vl_rfs.sv(3744): WARNING: cannot omit port direction for function/task declarations (VERI-9024)
/opt/Vivado-Design-Tutorials/Design_Flow_Tutorials/IP_Integrator/Lab_1/Lab_1.gen/sources_1/bd/design_1/ipshared/22b9/hdl/sc_node_v1_0_vl_rfs.sv(3874): INFO: Compiling verilog file "/opt/Vivado-Design-Tutorials/Design_Flow_Tutorials/IP_Integrator/Lab_1/Lab_1.gen/sources_1/bd/design_1/ipshared/80cc/hdl/verilog/sc_util_v1_0_4_structs.svh" included at line 3874. (VERI-9003)
/opt/Vivado-Design-Tutorials/Design_Flow_Tutorials/IP_Integrator/Lab_1/Lab_1.gen/sources_1/bd/design_1/ipshared/22b9/hdl/sc_node_v1_0_vl_rfs.sv(3874): INFO: back to file '/opt/Vivado-Design-Tutorials/Design_Flow_Tutorials/IP_Integrator/Lab_1/Lab_1.gen/sources_1/bd/design_1/ipshared/22b9/hdl/sc_node_v1_0_vl_rfs.sv' (VERI-2320)
/opt/Vivado-Design-Tutorials/Design_Flow_Tutorials/IP_Integrator/Lab_1/Lab_1.gen/sources_1/bd/design_1/ipshared/7005/hdl/sc_sc2axi_v1_0_vl_rfs.sv(66): INFO: Compiling verilog file "/opt/Vivado-Design-Tutorials/Design_Flow_Tutorials/IP_Integrator/Lab_1/Lab_1.gen/sources_1/bd/design_1/ipshared/80cc/hdl/verilog/sc_util_v1_0_4_constants.vh" included at line 66. (VERI-9003)
/opt/Vivado-Design-Tutorials/Design_Flow_Tutorials/IP_Integrator/Lab_1/Lab_1.gen/sources_1/bd/design_1/ipshared/7005/hdl/sc_sc2axi_v1_0_vl_rfs.sv(66): INFO: back to file '/opt/Vivado-Design-Tutorials/Design_Flow_Tutorials/IP_Integrator/Lab_1/Lab_1.gen/sources_1/bd/design_1/ipshared/7005/hdl/sc_sc2axi_v1_0_vl_rfs.sv' (VERI-2320)
INFO: analyzing module sc_sc2axi_v1_0_7_top (VERI-9002)
/opt/Vivado-Design-Tutorials/Design_Flow_Tutorials/IP_Integrator/Lab_1/Lab_1.gen/sources_1/bd/design_1/ipshared/7005/hdl/sc_sc2axi_v1_0_vl_rfs.sv(175): INFO: Compiling verilog file "/opt/Vivado-Design-Tutorials/Design_Flow_Tutorials/IP_Integrator/Lab_1/Lab_1.gen/sources_1/bd/design_1/ipshared/80cc/hdl/verilog/sc_util_v1_0_4_structs.svh" included at line 175. (VERI-9003)
/opt/Vivado-Design-Tutorials/Design_Flow_Tutorials/IP_Integrator/Lab_1/Lab_1.gen/sources_1/bd/design_1/ipshared/7005/hdl/sc_sc2axi_v1_0_vl_rfs.sv(175): INFO: back to file '/opt/Vivado-Design-Tutorials/Design_Flow_Tutorials/IP_Integrator/Lab_1/Lab_1.gen/sources_1/bd/design_1/ipshared/7005/hdl/sc_sc2axi_v1_0_vl_rfs.sv' (VERI-2320)
INFO: analyzing module sc_si_converter_v1_0_10_arb_alg_rr (VERI-9002)
/opt/Vivado-Design-Tutorials/Design_Flow_Tutorials/IP_Integrator/Lab_1/Lab_1.gen/sources_1/bd/design_1/ipshared/8047/hdl/sc_si_converter_v1_0_vl_rfs.sv(161): INFO: Compiling verilog file "/opt/Vivado-Design-Tutorials/Design_Flow_Tutorials/IP_Integrator/Lab_1/Lab_1.gen/sources_1/bd/design_1/ipshared/80cc/hdl/verilog/sc_util_v1_0_4_constants.vh" included at line 161. (VERI-9003)
/opt/Vivado-Design-Tutorials/Design_Flow_Tutorials/IP_Integrator/Lab_1/Lab_1.gen/sources_1/bd/design_1/ipshared/8047/hdl/sc_si_converter_v1_0_vl_rfs.sv(161): INFO: back to file '/opt/Vivado-Design-Tutorials/Design_Flow_Tutorials/IP_Integrator/Lab_1/Lab_1.gen/sources_1/bd/design_1/ipshared/8047/hdl/sc_si_converter_v1_0_vl_rfs.sv' (VERI-2320)
INFO: analyzing module sc_si_converter_v1_0_10_offset_fifo (VERI-9002)
/opt/Vivado-Design-Tutorials/Design_Flow_Tutorials/IP_Integrator/Lab_1/Lab_1.gen/sources_1/bd/design_1/ipshared/8047/hdl/sc_si_converter_v1_0_vl_rfs.sv(453): INFO: Compiling verilog file "/opt/Vivado-Design-Tutorials/Design_Flow_Tutorials/IP_Integrator/Lab_1/Lab_1.gen/sources_1/bd/design_1/ipshared/80cc/hdl/verilog/sc_util_v1_0_4_constants.vh" included at line 453. (VERI-9003)
/opt/Vivado-Design-Tutorials/Design_Flow_Tutorials/IP_Integrator/Lab_1/Lab_1.gen/sources_1/bd/design_1/ipshared/8047/hdl/sc_si_converter_v1_0_vl_rfs.sv(453): INFO: back to file '/opt/Vivado-Design-Tutorials/Design_Flow_Tutorials/IP_Integrator/Lab_1/Lab_1.gen/sources_1/bd/design_1/ipshared/8047/hdl/sc_si_converter_v1_0_vl_rfs.sv' (VERI-2320)
INFO: analyzing module sc_si_converter_v1_0_10_splitter (VERI-9002)
/opt/Vivado-Design-Tutorials/Design_Flow_Tutorials/IP_Integrator/Lab_1/Lab_1.gen/sources_1/bd/design_1/ipshared/8047/hdl/sc_si_converter_v1_0_vl_rfs.sv(2046): INFO: Compiling verilog file "/opt/Vivado-Design-Tutorials/Design_Flow_Tutorials/IP_Integrator/Lab_1/Lab_1.gen/sources_1/bd/design_1/ipshared/80cc/hdl/verilog/sc_util_v1_0_4_constants.vh" included at line 2046. (VERI-9003)
/opt/Vivado-Design-Tutorials/Design_Flow_Tutorials/IP_Integrator/Lab_1/Lab_1.gen/sources_1/bd/design_1/ipshared/8047/hdl/sc_si_converter_v1_0_vl_rfs.sv(2046): INFO: back to file '/opt/Vivado-Design-Tutorials/Design_Flow_Tutorials/IP_Integrator/Lab_1/Lab_1.gen/sources_1/bd/design_1/ipshared/8047/hdl/sc_si_converter_v1_0_vl_rfs.sv' (VERI-2320)
INFO: analyzing module sc_si_converter_v1_0_10_wrap_narrow (VERI-9002)
/opt/Vivado-Design-Tutorials/Design_Flow_Tutorials/IP_Integrator/Lab_1/Lab_1.gen/sources_1/bd/design_1/ipshared/8047/hdl/sc_si_converter_v1_0_vl_rfs.sv(3563): INFO: Compiling verilog file "/opt/Vivado-Design-Tutorials/Design_Flow_Tutorials/IP_Integrator/Lab_1/Lab_1.gen/sources_1/bd/design_1/ipshared/80cc/hdl/verilog/sc_util_v1_0_4_constants.vh" included at line 3563. (VERI-9003)
/opt/Vivado-Design-Tutorials/Design_Flow_Tutorials/IP_Integrator/Lab_1/Lab_1.gen/sources_1/bd/design_1/ipshared/8047/hdl/sc_si_converter_v1_0_vl_rfs.sv(3563): INFO: back to file '/opt/Vivado-Design-Tutorials/Design_Flow_Tutorials/IP_Integrator/Lab_1/Lab_1.gen/sources_1/bd/design_1/ipshared/8047/hdl/sc_si_converter_v1_0_vl_rfs.sv' (VERI-2320)
INFO: analyzing module sc_si_converter_v1_0_10_axilite_conv (VERI-9002)
/opt/Vivado-Design-Tutorials/Design_Flow_Tutorials/IP_Integrator/Lab_1/Lab_1.gen/sources_1/bd/design_1/ipshared/8047/hdl/sc_si_converter_v1_0_vl_rfs.sv(4287): INFO: Compiling verilog file "/opt/Vivado-Design-Tutorials/Design_Flow_Tutorials/IP_Integrator/Lab_1/Lab_1.gen/sources_1/bd/design_1/ipshared/80cc/hdl/verilog/sc_util_v1_0_4_constants.vh" included at line 4287. (VERI-9003)
/opt/Vivado-Design-Tutorials/Design_Flow_Tutorials/IP_Integrator/Lab_1/Lab_1.gen/sources_1/bd/design_1/ipshared/8047/hdl/sc_si_converter_v1_0_vl_rfs.sv(4287): INFO: back to file '/opt/Vivado-Design-Tutorials/Design_Flow_Tutorials/IP_Integrator/Lab_1/Lab_1.gen/sources_1/bd/design_1/ipshared/8047/hdl/sc_si_converter_v1_0_vl_rfs.sv' (VERI-2320)
INFO: analyzing module sc_si_converter_v1_0_10_top (VERI-9002)
/opt/Vivado-Design-Tutorials/Design_Flow_Tutorials/IP_Integrator/Lab_1/Lab_1.gen/sources_1/bd/design_1/ipshared/c012/hdl/sc_switchboard_v1_0_vl_rfs.sv(50): INFO: Compiling verilog file "/opt/Vivado-Design-Tutorials/Design_Flow_Tutorials/IP_Integrator/Lab_1/Lab_1.gen/sources_1/bd/design_1/ipshared/80cc/hdl/verilog/sc_util_v1_0_4_constants.vh" included at line 50. (VERI-9003)
/opt/Vivado-Design-Tutorials/Design_Flow_Tutorials/IP_Integrator/Lab_1/Lab_1.gen/sources_1/bd/design_1/ipshared/c012/hdl/sc_switchboard_v1_0_vl_rfs.sv(50): INFO: back to file '/opt/Vivado-Design-Tutorials/Design_Flow_Tutorials/IP_Integrator/Lab_1/Lab_1.gen/sources_1/bd/design_1/ipshared/c012/hdl/sc_switchboard_v1_0_vl_rfs.sv' (VERI-2320)
INFO: analyzing module sc_switchboard_v1_0_6_top (VERI-9002)
/opt/Vivado-Design-Tutorials/Design_Flow_Tutorials/IP_Integrator/Lab_1/Lab_1.gen/sources_1/bd/design_1/ipshared/4fd2/hdl/sc_transaction_regulator_v1_0_vl_rfs.sv(54): INFO: Compiling verilog file "/opt/Vivado-Design-Tutorials/Design_Flow_Tutorials/IP_Integrator/Lab_1/Lab_1.gen/sources_1/bd/design_1/ipshared/80cc/hdl/verilog/sc_util_v1_0_4_constants.vh" included at line 54. (VERI-9003)
/opt/Vivado-Design-Tutorials/Design_Flow_Tutorials/IP_Integrator/Lab_1/Lab_1.gen/sources_1/bd/design_1/ipshared/4fd2/hdl/sc_transaction_regulator_v1_0_vl_rfs.sv(54): INFO: back to file '/opt/Vivado-Design-Tutorials/Design_Flow_Tutorials/IP_Integrator/Lab_1/Lab_1.gen/sources_1/bd/design_1/ipshared/4fd2/hdl/sc_transaction_regulator_v1_0_vl_rfs.sv' (VERI-2320)
INFO: analyzing module sc_transaction_regulator_v1_0_9_singleorder (VERI-9002)
/opt/Vivado-Design-Tutorials/Design_Flow_Tutorials/IP_Integrator/Lab_1/Lab_1.gen/sources_1/bd/design_1/ipshared/4fd2/hdl/sc_transaction_regulator_v1_0_vl_rfs.sv(359): INFO: Compiling verilog file "/opt/Vivado-Design-Tutorials/Design_Flow_Tutorials/IP_Integrator/Lab_1/Lab_1.gen/sources_1/bd/design_1/ipshared/80cc/hdl/verilog/sc_util_v1_0_4_constants.vh" included at line 359. (VERI-9003)
/opt/Vivado-Design-Tutorials/Design_Flow_Tutorials/IP_Integrator/Lab_1/Lab_1.gen/sources_1/bd/design_1/ipshared/4fd2/hdl/sc_transaction_regulator_v1_0_vl_rfs.sv(359): INFO: back to file '/opt/Vivado-Design-Tutorials/Design_Flow_Tutorials/IP_Integrator/Lab_1/Lab_1.gen/sources_1/bd/design_1/ipshared/4fd2/hdl/sc_transaction_regulator_v1_0_vl_rfs.sv' (VERI-2320)
INFO: analyzing module sc_transaction_regulator_v1_0_9_multithread (VERI-9002)
/opt/Vivado-Design-Tutorials/Design_Flow_Tutorials/IP_Integrator/Lab_1/Lab_1.gen/sources_1/bd/design_1/ipshared/4fd2/hdl/sc_transaction_regulator_v1_0_vl_rfs.sv(885): INFO: Compiling verilog file "/opt/Vivado-Design-Tutorials/Design_Flow_Tutorials/IP_Integrator/Lab_1/Lab_1.gen/sources_1/bd/design_1/ipshared/80cc/hdl/verilog/sc_util_v1_0_4_constants.vh" included at line 885. (VERI-9003)
/opt/Vivado-Design-Tutorials/Design_Flow_Tutorials/IP_Integrator/Lab_1/Lab_1.gen/sources_1/bd/design_1/ipshared/4fd2/hdl/sc_transaction_regulator_v1_0_vl_rfs.sv(885): INFO: back to file '/opt/Vivado-Design-Tutorials/Design_Flow_Tutorials/IP_Integrator/Lab_1/Lab_1.gen/sources_1/bd/design_1/ipshared/4fd2/hdl/sc_transaction_regulator_v1_0_vl_rfs.sv' (VERI-2320)
INFO: analyzing module sc_transaction_regulator_v1_0_9_top (VERI-9002)
-- Analyzing VHDL file "/opt/Vivado-Design-Tutorials/Design_Flow_Tutorials/IP_Integrator/Lab_1/Lab_1.gen/sources_1/bd/design_1/ipshared/ef1e/hdl/lib_cdc_v1_0_rfs.vhd" into library lib_cdc_v1_0_2 (VHDL-9003)
INFO: analyzing entity 'cdc_sync' (VHDL-1012)
INFO: analyzing architecture 'implementation' of entity 'cdc_sync' (VHDL-9006)
-- Analyzing VHDL file "/opt/Vivado-Design-Tutorials/Design_Flow_Tutorials/IP_Integrator/Lab_1/Lab_1.gen/sources_1/bd/design_1/ipshared/8842/hdl/proc_sys_reset_v5_0_vh_rfs.vhd" into library proc_sys_reset_v5_0_13 (VHDL-9003)
INFO: analyzing entity 'upcnt_n' (VHDL-1012)
INFO: analyzing architecture 'imp' of entity 'upcnt_n' (VHDL-9006)
INFO: analyzing entity 'sequence_psr' (VHDL-1012)
INFO: analyzing architecture 'imp' of entity 'sequence_psr' (VHDL-9006)
INFO: analyzing entity 'lpf' (VHDL-1012)
INFO: analyzing architecture 'imp' of entity 'lpf' (VHDL-9006)
INFO: analyzing entity 'proc_sys_reset' (VHDL-1012)
INFO: analyzing architecture 'imp' of entity 'proc_sys_reset' (VHDL-9006)
Listing tops:
VeriTop library:xil_defaultlib mod:axi_infrastructure_v1_1_0_axic_srl_fifo
VeriTop library:xil_defaultlib mod:axi_register_slice_v2_1_24_axi_register_slice
VeriTop library:xil_defaultlib mod:design_1_smartconnect_0_0
VeriTop library:xil_defaultlib mod:xlconstant_v1_1_7_xlconstant
VeriTop library:xil_defaultlib mod:axi_vip_v1_1_10_top
VeriTop library:xil_defaultlib mod:sc_axi2sc_v1_0_7_top
VeriTop library:xil_defaultlib mod:sc_exit_v1_0_11_axi_register_slice
VeriTop library:xil_defaultlib mod:sc_exit_v1_0_11_top
VeriTop library:xil_defaultlib mod:sc_mmu_v1_0_10_top
VeriTop library:xil_defaultlib mod:sc_node_v1_0_13_top
VeriTop library:xil_defaultlib mod:sc_sc2axi_v1_0_7_top
VeriTop library:xil_defaultlib mod:sc_si_converter_v1_0_10_top
VeriTop library:xil_defaultlib mod:sc_switchboard_v1_0_6_top
VeriTop library:xil_defaultlib mod:sc_transaction_regulator_v1_0_9_top
VeriTop library:xil_defaultlib mod:sc_util_v1_0_4_fifo
VeriTop library:xil_defaultlib mod:sc_util_v1_0_4_vcafifo
VeriTop library:xil_defaultlib mod:sc_util_v1_0_4_vcafifo_progfull
VeriTop library:xil_defaultlib mod:sc_util_v1_0_4_afifo_meta
VeriTop library:xil_defaultlib mod:sc_util_v1_0_4_fifo_output_reg
VeriTop library:xil_defaultlib mod:sc_util_v1_0_4_axic_fifo
VHDLTop: library:proc_sys_reset_v5_0_13 entity:proc_sys_reset arch:
VHDLTop: library:proc_sys_reset_v5_0_13 entity:proc_sys_reset arch:
END of tops
/opt/Vivado-Design-Tutorials/Design_Flow_Tutorials/IP_Integrator/Lab_1/Lab_1.gen/sources_1/bd/design_1/ipshared/ec67/hdl/axi_infrastructure_v1_1_vl_rfs.v(287): INFO: compiling module 'axi_infrastructure_v1_1_0_axic_srl_fifo_default' (VERI-1018)
/opt/Vivado-Design-Tutorials/Design_Flow_Tutorials/IP_Integrator/Lab_1/Lab_1.gen/sources_1/bd/design_1/ipshared/8f68/hdl/axi_register_slice_v2_1_vl_rfs.v(3726): INFO: compiling module 'axi_register_slice_v2_1_24_axi_register_slice_default' (VERI-1018)
/opt/Vivado-Design-Tutorials/Design_Flow_Tutorials/IP_Integrator/Lab_1/Lab_1.gen/sources_1/bd/design_1/ip/design_1_smartconnect_0_0/sim/design_1_smartconnect_0_0.v(56): INFO: compiling module 'design_1_smartconnect_0_0_default' (VERI-1018)
/opt/Vivado-Design-Tutorials/Design_Flow_Tutorials/IP_Integrator/Lab_1/Lab_1.gen/sources_1/bd/design_1/ip/design_1_smartconnect_0_0/sim/design_1_smartconnect_0_0.v(405): WARNING: Module <bd_48ac> not found while processing module instance <inst> (VERI-1063)
/opt/Vivado-Design-Tutorials/Design_Flow_Tutorials/IP_Integrator/Lab_1/Lab_1.gen/sources_1/bd/design_1/ipshared/fcfc/hdl/xlconstant_v1_1_vl_rfs.v(23): INFO: compiling module 'xlconstant_v1_1_7_xlconstant_default' (VERI-1018)
/opt/Vivado-Design-Tutorials/Design_Flow_Tutorials/IP_Integrator/Lab_1/Lab_1.gen/sources_1/bd/design_1/ipshared/0980/hdl/axi_vip_v1_1_vl_rfs.sv(61): INFO: compiling module 'axi_vip_v1_1_10_top_default' (VERI-1018)
/opt/Vivado-Design-Tutorials/Design_Flow_Tutorials/IP_Integrator/Lab_1/Lab_1.gen/sources_1/bd/design_1/ipshared/0980/hdl/axi_vip_v1_1_vl_rfs.sv(362): WARNING: Module <axi_vip_if> not found while processing module instance <IF> (VERI-1063)
/opt/Vivado-Design-Tutorials/Design_Flow_Tutorials/IP_Integrator/Lab_1/Lab_1.gen/sources_1/bd/design_1/ipshared/b89e/hdl/sc_axi2sc_v1_0_vl_rfs.sv(69): INFO: compiling module 'sc_axi2sc_v1_0_7_top_default' (VERI-1018)
/opt/Vivado-Design-Tutorials/Design_Flow_Tutorials/IP_Integrator/Lab_1/Lab_1.gen/sources_1/bd/design_1/ipshared/7bd7/hdl/sc_exit_v1_0_vl_rfs.sv(2001): INFO: compiling module 'sc_exit_v1_0_11_axi_register_slice_default' (VERI-1018)
/opt/Vivado-Design-Tutorials/Design_Flow_Tutorials/IP_Integrator/Lab_1/Lab_1.gen/sources_1/bd/design_1/ipshared/7bd7/hdl/sc_exit_v1_0_vl_rfs.sv(4424): INFO: compiling module 'sc_exit_v1_0_11_top_default' (VERI-1018)
/opt/Vivado-Design-Tutorials/Design_Flow_Tutorials/IP_Integrator/Lab_1/Lab_1.gen/sources_1/bd/design_1/ipshared/ea34/hdl/sc_mmu_v1_0_vl_rfs.sv(565): INFO: compiling module 'sc_mmu_v1_0_10_top_default' (VERI-1018)
/opt/Vivado-Design-Tutorials/Design_Flow_Tutorials/IP_Integrator/Lab_1/Lab_1.gen/sources_1/bd/design_1/ipshared/22b9/hdl/sc_node_v1_0_vl_rfs.sv(3671): INFO: compiling module 'sc_node_v1_0_13_top_default' (VERI-1018)
/opt/Vivado-Design-Tutorials/Design_Flow_Tutorials/IP_Integrator/Lab_1/Lab_1.gen/sources_1/bd/design_1/ipshared/7005/hdl/sc_sc2axi_v1_0_vl_rfs.sv(69): INFO: compiling module 'sc_sc2axi_v1_0_7_top_default' (VERI-1018)
/opt/Vivado-Design-Tutorials/Design_Flow_Tutorials/IP_Integrator/Lab_1/Lab_1.gen/sources_1/bd/design_1/ipshared/8047/hdl/sc_si_converter_v1_0_vl_rfs.sv(4289): INFO: compiling module 'sc_si_converter_v1_0_10_top_default' (VERI-1018)
/opt/Vivado-Design-Tutorials/Design_Flow_Tutorials/IP_Integrator/Lab_1/Lab_1.gen/sources_1/bd/design_1/ipshared/c012/hdl/sc_switchboard_v1_0_vl_rfs.sv(52): INFO: compiling module 'sc_switchboard_v1_0_6_top_default' (VERI-1018)
/opt/Vivado-Design-Tutorials/Design_Flow_Tutorials/IP_Integrator/Lab_1/Lab_1.gen/sources_1/bd/design_1/ipshared/4fd2/hdl/sc_transaction_regulator_v1_0_vl_rfs.sv(888): INFO: compiling module 'sc_transaction_regulator_v1_0_9_top_default' (VERI-1018)
/opt/Vivado-Design-Tutorials/Design_Flow_Tutorials/IP_Integrator/Lab_1/Lab_1.gen/sources_1/bd/design_1/ipshared/80cc/hdl/sc_util_v1_0_vl_rfs.sv(831): INFO: compiling module 'sc_util_v1_0_4_fifo_default' (VERI-1018)
/opt/Vivado-Design-Tutorials/Design_Flow_Tutorials/IP_Integrator/Lab_1/Lab_1.gen/sources_1/bd/design_1/ipshared/80cc/hdl/sc_util_v1_0_vl_rfs.sv(1138): INFO: compiling module 'sc_util_v1_0_4_vcafifo_default' (VERI-1018)
/opt/Vivado-Design-Tutorials/Design_Flow_Tutorials/IP_Integrator/Lab_1/Lab_1.gen/sources_1/bd/design_1/ipshared/80cc/hdl/sc_util_v1_0_vl_rfs.sv(1294): INFO: compiling module 'sc_util_v1_0_4_vcafifo_progfull_default' (VERI-1018)
/opt/Vivado-Design-Tutorials/Design_Flow_Tutorials/IP_Integrator/Lab_1/Lab_1.gen/sources_1/bd/design_1/ipshared/80cc/hdl/sc_util_v1_0_vl_rfs.sv(1527): INFO: compiling module 'sc_util_v1_0_4_afifo_meta_default' (VERI-1018)
/opt/Vivado-Design-Tutorials/Design_Flow_Tutorials/IP_Integrator/Lab_1/Lab_1.gen/sources_1/bd/design_1/ipshared/80cc/hdl/sc_util_v1_0_vl_rfs.sv(2434): INFO: compiling module 'sc_util_v1_0_4_fifo_output_reg_default' (VERI-1018)
/opt/Vivado-Design-Tutorials/Design_Flow_Tutorials/IP_Integrator/Lab_1/Lab_1.gen/sources_1/bd/design_1/ipshared/80cc/hdl/sc_util_v1_0_vl_rfs.sv(3287): INFO: compiling module 'sc_util_v1_0_4_axic_fifo_default' (VERI-1018)
/opt/Vivado-Design-Tutorials/Design_Flow_Tutorials/IP_Integrator/Lab_1/Lab_1.gen/sources_1/bd/design_1/ipshared/80cc/hdl/sc_util_v1_0_vl_rfs.sv(3323): WARNING: Module <sc_util_v1_0_4_xpm_fifo> not found while processing module instance <inst_fifo> (VERI-1063)
/opt/Vivado-Design-Tutorials/Design_Flow_Tutorials/IP_Integrator/Lab_1/Lab_1.gen/sources_1/bd/design_1/ipshared/0980/hdl/axi_vip_v1_1_vl_rfs.sv(420): ERROR: 'set_intf_monitor' is not declared under prefix 'IF' (VERI-1187)
/opt/Vivado-Design-Tutorials/Design_Flow_Tutorials/IP_Integrator/Lab_1/Lab_1.gen/sources_1/bd/design_1/ipshared/0980/hdl/axi_vip_v1_1_vl_rfs.sv(434): ERROR: 'set_intf_master' is not declared under prefix 'IF' (VERI-1187)
/opt/Vivado-Design-Tutorials/Design_Flow_Tutorials/IP_Integrator/Lab_1/Lab_1.gen/sources_1/bd/design_1/ipshared/0980/hdl/axi_vip_v1_1_vl_rfs.sv(448): ERROR: 'set_intf_slave' is not declared under prefix 'IF' (VERI-1187)
/opt/Vivado-Design-Tutorials/Design_Flow_Tutorials/IP_Integrator/Lab_1/Lab_1.gen/sources_1/bd/design_1/ipshared/0980/hdl/axi_vip_v1_1_vl_rfs.sv(459): ERROR: 'xilinx_slave_ready_check_enable' is not declared under prefix 'IF' (VERI-1187)
/opt/Vivado-Design-Tutorials/Design_Flow_Tutorials/IP_Integrator/Lab_1/Lab_1.gen/sources_1/bd/design_1/ipshared/0980/hdl/axi_vip_v1_1_vl_rfs.sv(467): ERROR: 'xilinx_slave_ready_check_enable' is not declared under prefix 'IF' (VERI-1187)
/opt/Vivado-Design-Tutorials/Design_Flow_Tutorials/IP_Integrator/Lab_1/Lab_1.gen/sources_1/bd/design_1/ipshared/0980/hdl/axi_vip_v1_1_vl_rfs.sv(475): ERROR: 'PC' is not declared under prefix 'IF' (VERI-1187)
/opt/Vivado-Design-Tutorials/Design_Flow_Tutorials/IP_Integrator/Lab_1/Lab_1.gen/sources_1/bd/design_1/ipshared/0980/hdl/axi_vip_v1_1_vl_rfs.sv(475): ERROR: 'max_aw_wait_cycles' is not declared under prefix 'PC' (VERI-1187)
/opt/Vivado-Design-Tutorials/Design_Flow_Tutorials/IP_Integrator/Lab_1/Lab_1.gen/sources_1/bd/design_1/ipshared/0980/hdl/axi_vip_v1_1_vl_rfs.sv(483): ERROR: 'PC' is not declared under prefix 'IF' (VERI-1187)
/opt/Vivado-Design-Tutorials/Design_Flow_Tutorials/IP_Integrator/Lab_1/Lab_1.gen/sources_1/bd/design_1/ipshared/0980/hdl/axi_vip_v1_1_vl_rfs.sv(483): ERROR: 'max_ar_wait_cycles' is not declared under prefix 'PC' (VERI-1187)
/opt/Vivado-Design-Tutorials/Design_Flow_Tutorials/IP_Integrator/Lab_1/Lab_1.gen/sources_1/bd/design_1/ipshared/0980/hdl/axi_vip_v1_1_vl_rfs.sv(491): ERROR: 'PC' is not declared under prefix 'IF' (VERI-1187)
/opt/Vivado-Design-Tutorials/Design_Flow_Tutorials/IP_Integrator/Lab_1/Lab_1.gen/sources_1/bd/design_1/ipshared/0980/hdl/axi_vip_v1_1_vl_rfs.sv(491): ERROR: 'max_r_wait_cycles' is not declared under prefix 'PC' (VERI-1187)
/opt/Vivado-Design-Tutorials/Design_Flow_Tutorials/IP_Integrator/Lab_1/Lab_1.gen/sources_1/bd/design_1/ipshared/0980/hdl/axi_vip_v1_1_vl_rfs.sv(499): ERROR: 'PC' is not declared under prefix 'IF' (VERI-1187)
/opt/Vivado-Design-Tutorials/Design_Flow_Tutorials/IP_Integrator/Lab_1/Lab_1.gen/sources_1/bd/design_1/ipshared/0980/hdl/axi_vip_v1_1_vl_rfs.sv(499): ERROR: 'max_b_wait_cycles' is not declared under prefix 'PC' (VERI-1187)
/opt/Vivado-Design-Tutorials/Design_Flow_Tutorials/IP_Integrator/Lab_1/Lab_1.gen/sources_1/bd/design_1/ipshared/0980/hdl/axi_vip_v1_1_vl_rfs.sv(507): ERROR: 'PC' is not declared under prefix 'IF' (VERI-1187)
/opt/Vivado-Design-Tutorials/Design_Flow_Tutorials/IP_Integrator/Lab_1/Lab_1.gen/sources_1/bd/design_1/ipshared/0980/hdl/axi_vip_v1_1_vl_rfs.sv(507): ERROR: 'max_w_wait_cycles' is not declared under prefix 'PC' (VERI-1187)
/opt/Vivado-Design-Tutorials/Design_Flow_Tutorials/IP_Integrator/Lab_1/Lab_1.gen/sources_1/bd/design_1/ipshared/0980/hdl/axi_vip_v1_1_vl_rfs.sv(515): ERROR: 'PC' is not declared under prefix 'IF' (VERI-1187)
/opt/Vivado-Design-Tutorials/Design_Flow_Tutorials/IP_Integrator/Lab_1/Lab_1.gen/sources_1/bd/design_1/ipshared/0980/hdl/axi_vip_v1_1_vl_rfs.sv(515): ERROR: 'max_wlast_to_awvalid_wait_cycles' is not declared under prefix 'PC' (VERI-1187)
/opt/Vivado-Design-Tutorials/Design_Flow_Tutorials/IP_Integrator/Lab_1/Lab_1.gen/sources_1/bd/design_1/ipshared/0980/hdl/axi_vip_v1_1_vl_rfs.sv(523): ERROR: 'PC' is not declared under prefix 'IF' (VERI-1187)
/opt/Vivado-Design-Tutorials/Design_Flow_Tutorials/IP_Integrator/Lab_1/Lab_1.gen/sources_1/bd/design_1/ipshared/0980/hdl/axi_vip_v1_1_vl_rfs.sv(523): ERROR: 'max_rtransfers_wait_cycles' is not declared under prefix 'PC' (VERI-1187)
/opt/Vivado-Design-Tutorials/Design_Flow_Tutorials/IP_Integrator/Lab_1/Lab_1.gen/sources_1/bd/design_1/ipshared/0980/hdl/axi_vip_v1_1_vl_rfs.sv(531): ERROR: 'PC' is not declared under prefix 'IF' (VERI-1187)
/opt/Vivado-Design-Tutorials/Design_Flow_Tutorials/IP_Integrator/Lab_1/Lab_1.gen/sources_1/bd/design_1/ipshared/0980/hdl/axi_vip_v1_1_vl_rfs.sv(531): ERROR: 'max_wtransfers_wait_cycles' is not declared under prefix 'PC' (VERI-1187)
/opt/Vivado-Design-Tutorials/Design_Flow_Tutorials/IP_Integrator/Lab_1/Lab_1.gen/sources_1/bd/design_1/ipshared/0980/hdl/axi_vip_v1_1_vl_rfs.sv(539): ERROR: 'PC' is not declared under prefix 'IF' (VERI-1187)
/opt/Vivado-Design-Tutorials/Design_Flow_Tutorials/IP_Integrator/Lab_1/Lab_1.gen/sources_1/bd/design_1/ipshared/0980/hdl/axi_vip_v1_1_vl_rfs.sv(539): ERROR: 'max_wlcmd_wait_cycles' is not declared under prefix 'PC' (VERI-1187)
/opt/Vivado-Design-Tutorials/Design_Flow_Tutorials/IP_Integrator/Lab_1/Lab_1.gen/sources_1/bd/design_1/ipshared/0980/hdl/axi_vip_v1_1_vl_rfs.sv(547): ERROR: 'PC' is not declared under prefix 'IF' (VERI-1187)
/opt/Vivado-Design-Tutorials/Design_Flow_Tutorials/IP_Integrator/Lab_1/Lab_1.gen/sources_1/bd/design_1/ipshared/0980/hdl/axi_vip_v1_1_vl_rfs.sv(547): ERROR: 'max_aw_wait_cycles' is not declared under prefix 'PC' (VERI-1187)
/opt/Vivado-Design-Tutorials/Design_Flow_Tutorials/IP_Integrator/Lab_1/Lab_1.gen/sources_1/bd/design_1/ipshared/0980/hdl/axi_vip_v1_1_vl_rfs.sv(555): ERROR: 'PC' is not declared under prefix 'IF' (VERI-1187)
/opt/Vivado-Design-Tutorials/Design_Flow_Tutorials/IP_Integrator/Lab_1/Lab_1.gen/sources_1/bd/design_1/ipshared/0980/hdl/axi_vip_v1_1_vl_rfs.sv(555): ERROR: 'max_ar_wait_cycles' is not declared under prefix 'PC' (VERI-1187)
/opt/Vivado-Design-Tutorials/Design_Flow_Tutorials/IP_Integrator/Lab_1/Lab_1.gen/sources_1/bd/design_1/ipshared/0980/hdl/axi_vip_v1_1_vl_rfs.sv(563): ERROR: 'PC' is not declared under prefix 'IF' (VERI-1187)
/opt/Vivado-Design-Tutorials/Design_Flow_Tutorials/IP_Integrator/Lab_1/Lab_1.gen/sources_1/bd/design_1/ipshared/0980/hdl/axi_vip_v1_1_vl_rfs.sv(563): ERROR: 'max_r_wait_cycles' is not declared under prefix 'PC' (VERI-1187)
/opt/Vivado-Design-Tutorials/Design_Flow_Tutorials/IP_Integrator/Lab_1/Lab_1.gen/sources_1/bd/design_1/ipshared/0980/hdl/axi_vip_v1_1_vl_rfs.sv(571): ERROR: 'PC' is not declared under prefix 'IF' (VERI-1187)
/opt/Vivado-Design-Tutorials/Design_Flow_Tutorials/IP_Integrator/Lab_1/Lab_1.gen/sources_1/bd/design_1/ipshared/0980/hdl/axi_vip_v1_1_vl_rfs.sv(571): ERROR: 'max_b_wait_cycles' is not declared under prefix 'PC' (VERI-1187)
/opt/Vivado-Design-Tutorials/Design_Flow_Tutorials/IP_Integrator/Lab_1/Lab_1.gen/sources_1/bd/design_1/ipshared/0980/hdl/axi_vip_v1_1_vl_rfs.sv(579): ERROR: 'PC' is not declared under prefix 'IF' (VERI-1187)
/opt/Vivado-Design-Tutorials/Design_Flow_Tutorials/IP_Integrator/Lab_1/Lab_1.gen/sources_1/bd/design_1/ipshared/0980/hdl/axi_vip_v1_1_vl_rfs.sv(579): ERROR: 'max_w_wait_cycles' is not declared under prefix 'PC' (VERI-1187)
/opt/Vivado-Design-Tutorials/Design_Flow_Tutorials/IP_Integrator/Lab_1/Lab_1.gen/sources_1/bd/design_1/ipshared/0980/hdl/axi_vip_v1_1_vl_rfs.sv(587): ERROR: 'PC' is not declared under prefix 'IF' (VERI-1187)
/opt/Vivado-Design-Tutorials/Design_Flow_Tutorials/IP_Integrator/Lab_1/Lab_1.gen/sources_1/bd/design_1/ipshared/0980/hdl/axi_vip_v1_1_vl_rfs.sv(587): ERROR: 'max_wlast_to_awvalid_wait_cycles' is not declared under prefix 'PC' (VERI-1187)
/opt/Vivado-Design-Tutorials/Design_Flow_Tutorials/IP_Integrator/Lab_1/Lab_1.gen/sources_1/bd/design_1/ipshared/0980/hdl/axi_vip_v1_1_vl_rfs.sv(595): ERROR: 'PC' is not declared under prefix 'IF' (VERI-1187)
/opt/Vivado-Design-Tutorials/Design_Flow_Tutorials/IP_Integrator/Lab_1/Lab_1.gen/sources_1/bd/design_1/ipshared/0980/hdl/axi_vip_v1_1_vl_rfs.sv(595): ERROR: 'max_rtransfers_wait_cycles' is not declared under prefix 'PC' (VERI-1187)
/opt/Vivado-Design-Tutorials/Design_Flow_Tutorials/IP_Integrator/Lab_1/Lab_1.gen/sources_1/bd/design_1/ipshared/0980/hdl/axi_vip_v1_1_vl_rfs.sv(603): ERROR: 'PC' is not declared under prefix 'IF' (VERI-1187)
/opt/Vivado-Design-Tutorials/Design_Flow_Tutorials/IP_Integrator/Lab_1/Lab_1.gen/sources_1/bd/design_1/ipshared/0980/hdl/axi_vip_v1_1_vl_rfs.sv(603): ERROR: 'max_wtransfers_wait_cycles' is not declared under prefix 'PC' (VERI-1187)
/opt/Vivado-Design-Tutorials/Design_Flow_Tutorials/IP_Integrator/Lab_1/Lab_1.gen/sources_1/bd/design_1/ipshared/0980/hdl/axi_vip_v1_1_vl_rfs.sv(611): ERROR: 'PC' is not declared under prefix 'IF' (VERI-1187)
/opt/Vivado-Design-Tutorials/Design_Flow_Tutorials/IP_Integrator/Lab_1/Lab_1.gen/sources_1/bd/design_1/ipshared/0980/hdl/axi_vip_v1_1_vl_rfs.sv(611): ERROR: 'max_wlcmd_wait_cycles' is not declared under prefix 'PC' (VERI-1187)
/opt/Vivado-Design-Tutorials/Design_Flow_Tutorials/IP_Integrator/Lab_1/Lab_1.gen/sources_1/bd/design_1/ipshared/0980/hdl/axi_vip_v1_1_vl_rfs.sv(619): ERROR: 'PC' is not declared under prefix 'IF' (VERI-1187)
/opt/Vivado-Design-Tutorials/Design_Flow_Tutorials/IP_Integrator/Lab_1/Lab_1.gen/sources_1/bd/design_1/ipshared/0980/hdl/axi_vip_v1_1_vl_rfs.sv(619): ERROR: 'fatal_to_warnings' is not declared under prefix 'PC' (VERI-1187)
/opt/Vivado-Design-Tutorials/Design_Flow_Tutorials/IP_Integrator/Lab_1/Lab_1.gen/sources_1/bd/design_1/ipshared/0980/hdl/axi_vip_v1_1_vl_rfs.sv(627): ERROR: 'PC' is not declared under prefix 'IF' (VERI-1187)
/opt/Vivado-Design-Tutorials/Design_Flow_Tutorials/IP_Integrator/Lab_1/Lab_1.gen/sources_1/bd/design_1/ipshared/0980/hdl/axi_vip_v1_1_vl_rfs.sv(627): ERROR: 'fatal_to_warnings' is not declared under prefix 'PC' (VERI-1187)
/opt/Vivado-Design-Tutorials/Design_Flow_Tutorials/IP_Integrator/Lab_1/Lab_1.gen/sources_1/bd/design_1/ipshared/8842/hdl/proc_sys_reset_v5_0_vh_rfs.vhd(1264): INFO: executing 'proc_sys_reset_default(imp)' (VHDL-1067)
/opt/Vivado-Design-Tutorials/Design_Flow_Tutorials/IP_Integrator/Lab_1/Lab_1.gen/sources_1/bd/design_1/ipshared/8842/hdl/proc_sys_reset_v5_0_vh_rfs.vhd(797): INFO: executing '\lpf(c_ext_rst_width=4,c_aux_rst_width=4,c_ext_reset_high='0',c_aux_reset_high='1')\(imp)' (VHDL-1067)
/opt/Vivado-Design-Tutorials/Design_Flow_Tutorials/IP_Integrator/Lab_1/Lab_1.gen/sources_1/bd/design_1/ipshared/ef1e/hdl/lib_cdc_v1_0_rfs.vhd(64): INFO: executing '\cdc_sync(c_vector_width=2,c_mtbf_stages=4)\(implementation)' (VHDL-1067)
/opt/Vivado-Design-Tutorials/Design_Flow_Tutorials/IP_Integrator/Lab_1/Lab_1.gen/sources_1/bd/design_1/ipshared/8842/hdl/proc_sys_reset_v5_0_vh_rfs.vhd(286): INFO: executing 'sequence_psr_default(imp)' (VHDL-1067)
/opt/Vivado-Design-Tutorials/Design_Flow_Tutorials/IP_Integrator/Lab_1/Lab_1.gen/sources_1/bd/design_1/ipshared/8842/hdl/proc_sys_reset_v5_0_vh_rfs.vhd(109): INFO: executing '\upcnt_n(c_size=6)\(imp)' (VHDL-1067)
/opt/Vivado-Design-Tutorials/Design_Flow_Tutorials/IP_Integrator/Lab_1/Lab_1.gen/sources_1/bd/design_1/ipshared/0980/hdl/axi_vip_v1_1_vl_rfs.sv(420): ERROR: 'set_intf_monitor' is not declared under prefix 'IF' (VERI-1187)
/opt/Vivado-Design-Tutorials/Design_Flow_Tutorials/IP_Integrator/Lab_1/Lab_1.gen/sources_1/bd/design_1/ipshared/0980/hdl/axi_vip_v1_1_vl_rfs.sv(434): ERROR: 'set_intf_master' is not declared under prefix 'IF' (VERI-1187)
/opt/Vivado-Design-Tutorials/Design_Flow_Tutorials/IP_Integrator/Lab_1/Lab_1.gen/sources_1/bd/design_1/ipshared/0980/hdl/axi_vip_v1_1_vl_rfs.sv(448): ERROR: 'set_intf_slave' is not declared under prefix 'IF' (VERI-1187)
/opt/Vivado-Design-Tutorials/Design_Flow_Tutorials/IP_Integrator/Lab_1/Lab_1.gen/sources_1/bd/design_1/ipshared/0980/hdl/axi_vip_v1_1_vl_rfs.sv(459): ERROR: 'xilinx_slave_ready_check_enable' is not declared under prefix 'IF' (VERI-1187)
/opt/Vivado-Design-Tutorials/Design_Flow_Tutorials/IP_Integrator/Lab_1/Lab_1.gen/sources_1/bd/design_1/ipshared/0980/hdl/axi_vip_v1_1_vl_rfs.sv(467): ERROR: 'xilinx_slave_ready_check_enable' is not declared under prefix 'IF' (VERI-1187)
/opt/Vivado-Design-Tutorials/Design_Flow_Tutorials/IP_Integrator/Lab_1/Lab_1.gen/sources_1/bd/design_1/ipshared/0980/hdl/axi_vip_v1_1_vl_rfs.sv(475): ERROR: 'PC' is not declared under prefix 'IF' (VERI-1187)
/opt/Vivado-Design-Tutorials/Design_Flow_Tutorials/IP_Integrator/Lab_1/Lab_1.gen/sources_1/bd/design_1/ipshared/0980/hdl/axi_vip_v1_1_vl_rfs.sv(475): ERROR: 'max_aw_wait_cycles' is not declared under prefix 'PC' (VERI-1187)
/opt/Vivado-Design-Tutorials/Design_Flow_Tutorials/IP_Integrator/Lab_1/Lab_1.gen/sources_1/bd/design_1/ipshared/0980/hdl/axi_vip_v1_1_vl_rfs.sv(483): ERROR: 'PC' is not declared under prefix 'IF' (VERI-1187)
/opt/Vivado-Design-Tutorials/Design_Flow_Tutorials/IP_Integrator/Lab_1/Lab_1.gen/sources_1/bd/design_1/ipshared/0980/hdl/axi_vip_v1_1_vl_rfs.sv(483): ERROR: 'max_ar_wait_cycles' is not declared under prefix 'PC' (VERI-1187)
/opt/Vivado-Design-Tutorials/Design_Flow_Tutorials/IP_Integrator/Lab_1/Lab_1.gen/sources_1/bd/design_1/ipshared/0980/hdl/axi_vip_v1_1_vl_rfs.sv(491): ERROR: 'PC' is not declared under prefix 'IF' (VERI-1187)
/opt/Vivado-Design-Tutorials/Design_Flow_Tutorials/IP_Integrator/Lab_1/Lab_1.gen/sources_1/bd/design_1/ipshared/0980/hdl/axi_vip_v1_1_vl_rfs.sv(491): ERROR: 'max_r_wait_cycles' is not declared under prefix 'PC' (VERI-1187)
/opt/Vivado-Design-Tutorials/Design_Flow_Tutorials/IP_Integrator/Lab_1/Lab_1.gen/sources_1/bd/design_1/ipshared/0980/hdl/axi_vip_v1_1_vl_rfs.sv(499): ERROR: 'PC' is not declared under prefix 'IF' (VERI-1187)
/opt/Vivado-Design-Tutorials/Design_Flow_Tutorials/IP_Integrator/Lab_1/Lab_1.gen/sources_1/bd/design_1/ipshared/0980/hdl/axi_vip_v1_1_vl_rfs.sv(499): ERROR: 'max_b_wait_cycles' is not declared under prefix 'PC' (VERI-1187)
/opt/Vivado-Design-Tutorials/Design_Flow_Tutorials/IP_Integrator/Lab_1/Lab_1.gen/sources_1/bd/design_1/ipshared/0980/hdl/axi_vip_v1_1_vl_rfs.sv(507): ERROR: 'PC' is not declared under prefix 'IF' (VERI-1187)
/opt/Vivado-Design-Tutorials/Design_Flow_Tutorials/IP_Integrator/Lab_1/Lab_1.gen/sources_1/bd/design_1/ipshared/0980/hdl/axi_vip_v1_1_vl_rfs.sv(507): ERROR: 'max_w_wait_cycles' is not declared under prefix 'PC' (VERI-1187)
/opt/Vivado-Design-Tutorials/Design_Flow_Tutorials/IP_Integrator/Lab_1/Lab_1.gen/sources_1/bd/design_1/ipshared/0980/hdl/axi_vip_v1_1_vl_rfs.sv(515): ERROR: 'PC' is not declared under prefix 'IF' (VERI-1187)
/opt/Vivado-Design-Tutorials/Design_Flow_Tutorials/IP_Integrator/Lab_1/Lab_1.gen/sources_1/bd/design_1/ipshared/0980/hdl/axi_vip_v1_1_vl_rfs.sv(515): ERROR: 'max_wlast_to_awvalid_wait_cycles' is not declared under prefix 'PC' (VERI-1187)
/opt/Vivado-Design-Tutorials/Design_Flow_Tutorials/IP_Integrator/Lab_1/Lab_1.gen/sources_1/bd/design_1/ipshared/0980/hdl/axi_vip_v1_1_vl_rfs.sv(523): ERROR: 'PC' is not declared under prefix 'IF' (VERI-1187)
/opt/Vivado-Design-Tutorials/Design_Flow_Tutorials/IP_Integrator/Lab_1/Lab_1.gen/sources_1/bd/design_1/ipshared/0980/hdl/axi_vip_v1_1_vl_rfs.sv(523): ERROR: 'max_rtransfers_wait_cycles' is not declared under prefix 'PC' (VERI-1187)
/opt/Vivado-Design-Tutorials/Design_Flow_Tutorials/IP_Integrator/Lab_1/Lab_1.gen/sources_1/bd/design_1/ipshared/0980/hdl/axi_vip_v1_1_vl_rfs.sv(531): ERROR: 'PC' is not declared under prefix 'IF' (VERI-1187)
/opt/Vivado-Design-Tutorials/Design_Flow_Tutorials/IP_Integrator/Lab_1/Lab_1.gen/sources_1/bd/design_1/ipshared/0980/hdl/axi_vip_v1_1_vl_rfs.sv(531): ERROR: 'max_wtransfers_wait_cycles' is not declared under prefix 'PC' (VERI-1187)
/opt/Vivado-Design-Tutorials/Design_Flow_Tutorials/IP_Integrator/Lab_1/Lab_1.gen/sources_1/bd/design_1/ipshared/0980/hdl/axi_vip_v1_1_vl_rfs.sv(539): ERROR: 'PC' is not declared under prefix 'IF' (VERI-1187)
/opt/Vivado-Design-Tutorials/Design_Flow_Tutorials/IP_Integrator/Lab_1/Lab_1.gen/sources_1/bd/design_1/ipshared/0980/hdl/axi_vip_v1_1_vl_rfs.sv(539): ERROR: 'max_wlcmd_wait_cycles' is not declared under prefix 'PC' (VERI-1187)
/opt/Vivado-Design-Tutorials/Design_Flow_Tutorials/IP_Integrator/Lab_1/Lab_1.gen/sources_1/bd/design_1/ipshared/0980/hdl/axi_vip_v1_1_vl_rfs.sv(547): ERROR: 'PC' is not declared under prefix 'IF' (VERI-1187)
/opt/Vivado-Design-Tutorials/Design_Flow_Tutorials/IP_Integrator/Lab_1/Lab_1.gen/sources_1/bd/design_1/ipshared/0980/hdl/axi_vip_v1_1_vl_rfs.sv(547): ERROR: 'max_aw_wait_cycles' is not declared under prefix 'PC' (VERI-1187)
/opt/Vivado-Design-Tutorials/Design_Flow_Tutorials/IP_Integrator/Lab_1/Lab_1.gen/sources_1/bd/design_1/ipshared/0980/hdl/axi_vip_v1_1_vl_rfs.sv(555): ERROR: 'PC' is not declared under prefix 'IF' (VERI-1187)
/opt/Vivado-Design-Tutorials/Design_Flow_Tutorials/IP_Integrator/Lab_1/Lab_1.gen/sources_1/bd/design_1/ipshared/0980/hdl/axi_vip_v1_1_vl_rfs.sv(555): ERROR: 'max_ar_wait_cycles' is not declared under prefix 'PC' (VERI-1187)
/opt/Vivado-Design-Tutorials/Design_Flow_Tutorials/IP_Integrator/Lab_1/Lab_1.gen/sources_1/bd/design_1/ipshared/0980/hdl/axi_vip_v1_1_vl_rfs.sv(563): ERROR: 'PC' is not declared under prefix 'IF' (VERI-1187)
/opt/Vivado-Design-Tutorials/Design_Flow_Tutorials/IP_Integrator/Lab_1/Lab_1.gen/sources_1/bd/design_1/ipshared/0980/hdl/axi_vip_v1_1_vl_rfs.sv(563): ERROR: 'max_r_wait_cycles' is not declared under prefix 'PC' (VERI-1187)
/opt/Vivado-Design-Tutorials/Design_Flow_Tutorials/IP_Integrator/Lab_1/Lab_1.gen/sources_1/bd/design_1/ipshared/0980/hdl/axi_vip_v1_1_vl_rfs.sv(571): ERROR: 'PC' is not declared under prefix 'IF' (VERI-1187)
/opt/Vivado-Design-Tutorials/Design_Flow_Tutorials/IP_Integrator/Lab_1/Lab_1.gen/sources_1/bd/design_1/ipshared/0980/hdl/axi_vip_v1_1_vl_rfs.sv(571): ERROR: 'max_b_wait_cycles' is not declared under prefix 'PC' (VERI-1187)
/opt/Vivado-Design-Tutorials/Design_Flow_Tutorials/IP_Integrator/Lab_1/Lab_1.gen/sources_1/bd/design_1/ipshared/0980/hdl/axi_vip_v1_1_vl_rfs.sv(579): ERROR: 'PC' is not declared under prefix 'IF' (VERI-1187)
/opt/Vivado-Design-Tutorials/Design_Flow_Tutorials/IP_Integrator/Lab_1/Lab_1.gen/sources_1/bd/design_1/ipshared/0980/hdl/axi_vip_v1_1_vl_rfs.sv(579): ERROR: 'max_w_wait_cycles' is not declared under prefix 'PC' (VERI-1187)
/opt/Vivado-Design-Tutorials/Design_Flow_Tutorials/IP_Integrator/Lab_1/Lab_1.gen/sources_1/bd/design_1/ipshared/0980/hdl/axi_vip_v1_1_vl_rfs.sv(587): ERROR: 'PC' is not declared under prefix 'IF' (VERI-1187)
/opt/Vivado-Design-Tutorials/Design_Flow_Tutorials/IP_Integrator/Lab_1/Lab_1.gen/sources_1/bd/design_1/ipshared/0980/hdl/axi_vip_v1_1_vl_rfs.sv(587): ERROR: 'max_wlast_to_awvalid_wait_cycles' is not declared under prefix 'PC' (VERI-1187)
/opt/Vivado-Design-Tutorials/Design_Flow_Tutorials/IP_Integrator/Lab_1/Lab_1.gen/sources_1/bd/design_1/ipshared/0980/hdl/axi_vip_v1_1_vl_rfs.sv(595): ERROR: 'PC' is not declared under prefix 'IF' (VERI-1187)
/opt/Vivado-Design-Tutorials/Design_Flow_Tutorials/IP_Integrator/Lab_1/Lab_1.gen/sources_1/bd/design_1/ipshared/0980/hdl/axi_vip_v1_1_vl_rfs.sv(595): ERROR: 'max_rtransfers_wait_cycles' is not declared under prefix 'PC' (VERI-1187)
/opt/Vivado-Design-Tutorials/Design_Flow_Tutorials/IP_Integrator/Lab_1/Lab_1.gen/sources_1/bd/design_1/ipshared/0980/hdl/axi_vip_v1_1_vl_rfs.sv(603): ERROR: 'PC' is not declared under prefix 'IF' (VERI-1187)
/opt/Vivado-Design-Tutorials/Design_Flow_Tutorials/IP_Integrator/Lab_1/Lab_1.gen/sources_1/bd/design_1/ipshared/0980/hdl/axi_vip_v1_1_vl_rfs.sv(603): ERROR: 'max_wtransfers_wait_cycles' is not declared under prefix 'PC' (VERI-1187)
/opt/Vivado-Design-Tutorials/Design_Flow_Tutorials/IP_Integrator/Lab_1/Lab_1.gen/sources_1/bd/design_1/ipshared/0980/hdl/axi_vip_v1_1_vl_rfs.sv(611): ERROR: 'PC' is not declared under prefix 'IF' (VERI-1187)
/opt/Vivado-Design-Tutorials/Design_Flow_Tutorials/IP_Integrator/Lab_1/Lab_1.gen/sources_1/bd/design_1/ipshared/0980/hdl/axi_vip_v1_1_vl_rfs.sv(611): ERROR: 'max_wlcmd_wait_cycles' is not declared under prefix 'PC' (VERI-1187)
/opt/Vivado-Design-Tutorials/Design_Flow_Tutorials/IP_Integrator/Lab_1/Lab_1.gen/sources_1/bd/design_1/ipshared/0980/hdl/axi_vip_v1_1_vl_rfs.sv(619): ERROR: 'PC' is not declared under prefix 'IF' (VERI-1187)
/opt/Vivado-Design-Tutorials/Design_Flow_Tutorials/IP_Integrator/Lab_1/Lab_1.gen/sources_1/bd/design_1/ipshared/0980/hdl/axi_vip_v1_1_vl_rfs.sv(619): ERROR: 'fatal_to_warnings' is not declared under prefix 'PC' (VERI-1187)
/opt/Vivado-Design-Tutorials/Design_Flow_Tutorials/IP_Integrator/Lab_1/Lab_1.gen/sources_1/bd/design_1/ipshared/0980/hdl/axi_vip_v1_1_vl_rfs.sv(627): ERROR: 'PC' is not declared under prefix 'IF' (VERI-1187)
/opt/Vivado-Design-Tutorials/Design_Flow_Tutorials/IP_Integrator/Lab_1/Lab_1.gen/sources_1/bd/design_1/ipshared/0980/hdl/axi_vip_v1_1_vl_rfs.sv(627): ERROR: 'fatal_to_warnings' is not declared under prefix 'PC' (VERI-1187)
/opt/Vivado-Design-Tutorials/Design_Flow_Tutorials/IP_Integrator/Lab_1/Lab_1.gen/sources_1/bd/design_1/ipshared/0980/hdl/axi_vip_v1_1_vl_rfs.sv(420): ERROR: 'set_intf_monitor' is not declared under prefix 'IF' (VERI-1187)
/opt/Vivado-Design-Tutorials/Design_Flow_Tutorials/IP_Integrator/Lab_1/Lab_1.gen/sources_1/bd/design_1/ipshared/0980/hdl/axi_vip_v1_1_vl_rfs.sv(434): ERROR: 'set_intf_master' is not declared under prefix 'IF' (VERI-1187)
/opt/Vivado-Design-Tutorials/Design_Flow_Tutorials/IP_Integrator/Lab_1/Lab_1.gen/sources_1/bd/design_1/ipshared/0980/hdl/axi_vip_v1_1_vl_rfs.sv(448): ERROR: 'set_intf_slave' is not declared under prefix 'IF' (VERI-1187)
/opt/Vivado-Design-Tutorials/Design_Flow_Tutorials/IP_Integrator/Lab_1/Lab_1.gen/sources_1/bd/design_1/ipshared/0980/hdl/axi_vip_v1_1_vl_rfs.sv(459): ERROR: 'xilinx_slave_ready_check_enable' is not declared under prefix 'IF' (VERI-1187)
/opt/Vivado-Design-Tutorials/Design_Flow_Tutorials/IP_Integrator/Lab_1/Lab_1.gen/sources_1/bd/design_1/ipshared/0980/hdl/axi_vip_v1_1_vl_rfs.sv(467): ERROR: 'xilinx_slave_ready_check_enable' is not declared under prefix 'IF' (VERI-1187)
/opt/Vivado-Design-Tutorials/Design_Flow_Tutorials/IP_Integrator/Lab_1/Lab_1.gen/sources_1/bd/design_1/ipshared/0980/hdl/axi_vip_v1_1_vl_rfs.sv(475): ERROR: 'PC' is not declared under prefix 'IF' (VERI-1187)
/opt/Vivado-Design-Tutorials/Design_Flow_Tutorials/IP_Integrator/Lab_1/Lab_1.gen/sources_1/bd/design_1/ipshared/0980/hdl/axi_vip_v1_1_vl_rfs.sv(475): ERROR: 'max_aw_wait_cycles' is not declared under prefix 'PC' (VERI-1187)
/opt/Vivado-Design-Tutorials/Design_Flow_Tutorials/IP_Integrator/Lab_1/Lab_1.gen/sources_1/bd/design_1/ipshared/0980/hdl/axi_vip_v1_1_vl_rfs.sv(483): ERROR: 'PC' is not declared under prefix 'IF' (VERI-1187)
/opt/Vivado-Design-Tutorials/Design_Flow_Tutorials/IP_Integrator/Lab_1/Lab_1.gen/sources_1/bd/design_1/ipshared/0980/hdl/axi_vip_v1_1_vl_rfs.sv(483): ERROR: 'max_ar_wait_cycles' is not declared under prefix 'PC' (VERI-1187)
/opt/Vivado-Design-Tutorials/Design_Flow_Tutorials/IP_Integrator/Lab_1/Lab_1.gen/sources_1/bd/design_1/ipshared/0980/hdl/axi_vip_v1_1_vl_rfs.sv(491): ERROR: 'PC' is not declared under prefix 'IF' (VERI-1187)
/opt/Vivado-Design-Tutorials/Design_Flow_Tutorials/IP_Integrator/Lab_1/Lab_1.gen/sources_1/bd/design_1/ipshared/0980/hdl/axi_vip_v1_1_vl_rfs.sv(491): ERROR: 'max_r_wait_cycles' is not declared under prefix 'PC' (VERI-1187)
/opt/Vivado-Design-Tutorials/Design_Flow_Tutorials/IP_Integrator/Lab_1/Lab_1.gen/sources_1/bd/design_1/ipshared/0980/hdl/axi_vip_v1_1_vl_rfs.sv(499): ERROR: 'PC' is not declared under prefix 'IF' (VERI-1187)
/opt/Vivado-Design-Tutorials/Design_Flow_Tutorials/IP_Integrator/Lab_1/Lab_1.gen/sources_1/bd/design_1/ipshared/0980/hdl/axi_vip_v1_1_vl_rfs.sv(499): ERROR: 'max_b_wait_cycles' is not declared under prefix 'PC' (VERI-1187)
/opt/Vivado-Design-Tutorials/Design_Flow_Tutorials/IP_Integrator/Lab_1/Lab_1.gen/sources_1/bd/design_1/ipshared/0980/hdl/axi_vip_v1_1_vl_rfs.sv(507): ERROR: 'PC' is not declared under prefix 'IF' (VERI-1187)
/opt/Vivado-Design-Tutorials/Design_Flow_Tutorials/IP_Integrator/Lab_1/Lab_1.gen/sources_1/bd/design_1/ipshared/0980/hdl/axi_vip_v1_1_vl_rfs.sv(507): ERROR: 'max_w_wait_cycles' is not declared under prefix 'PC' (VERI-1187)
/opt/Vivado-Design-Tutorials/Design_Flow_Tutorials/IP_Integrator/Lab_1/Lab_1.gen/sources_1/bd/design_1/ipshared/0980/hdl/axi_vip_v1_1_vl_rfs.sv(515): ERROR: 'PC' is not declared under prefix 'IF' (VERI-1187)
/opt/Vivado-Design-Tutorials/Design_Flow_Tutorials/IP_Integrator/Lab_1/Lab_1.gen/sources_1/bd/design_1/ipshared/0980/hdl/axi_vip_v1_1_vl_rfs.sv(515): ERROR: 'max_wlast_to_awvalid_wait_cycles' is not declared under prefix 'PC' (VERI-1187)
/opt/Vivado-Design-Tutorials/Design_Flow_Tutorials/IP_Integrator/Lab_1/Lab_1.gen/sources_1/bd/design_1/ipshared/0980/hdl/axi_vip_v1_1_vl_rfs.sv(523): ERROR: 'PC' is not declared under prefix 'IF' (VERI-1187)
/opt/Vivado-Design-Tutorials/Design_Flow_Tutorials/IP_Integrator/Lab_1/Lab_1.gen/sources_1/bd/design_1/ipshared/0980/hdl/axi_vip_v1_1_vl_rfs.sv(523): ERROR: 'max_rtransfers_wait_cycles' is not declared under prefix 'PC' (VERI-1187)
/opt/Vivado-Design-Tutorials/Design_Flow_Tutorials/IP_Integrator/Lab_1/Lab_1.gen/sources_1/bd/design_1/ipshared/0980/hdl/axi_vip_v1_1_vl_rfs.sv(531): ERROR: 'PC' is not declared under prefix 'IF' (VERI-1187)
/opt/Vivado-Design-Tutorials/Design_Flow_Tutorials/IP_Integrator/Lab_1/Lab_1.gen/sources_1/bd/design_1/ipshared/0980/hdl/axi_vip_v1_1_vl_rfs.sv(531): ERROR: 'max_wtransfers_wait_cycles' is not declared under prefix 'PC' (VERI-1187)
/opt/Vivado-Design-Tutorials/Design_Flow_Tutorials/IP_Integrator/Lab_1/Lab_1.gen/sources_1/bd/design_1/ipshared/0980/hdl/axi_vip_v1_1_vl_rfs.sv(539): ERROR: 'PC' is not declared under prefix 'IF' (VERI-1187)
/opt/Vivado-Design-Tutorials/Design_Flow_Tutorials/IP_Integrator/Lab_1/Lab_1.gen/sources_1/bd/design_1/ipshared/0980/hdl/axi_vip_v1_1_vl_rfs.sv(539): ERROR: 'max_wlcmd_wait_cycles' is not declared under prefix 'PC' (VERI-1187)
/opt/Vivado-Design-Tutorials/Design_Flow_Tutorials/IP_Integrator/Lab_1/Lab_1.gen/sources_1/bd/design_1/ipshared/0980/hdl/axi_vip_v1_1_vl_rfs.sv(547): ERROR: 'PC' is not declared under prefix 'IF' (VERI-1187)
/opt/Vivado-Design-Tutorials/Design_Flow_Tutorials/IP_Integrator/Lab_1/Lab_1.gen/sources_1/bd/design_1/ipshared/0980/hdl/axi_vip_v1_1_vl_rfs.sv(547): ERROR: 'max_aw_wait_cycles' is not declared under prefix 'PC' (VERI-1187)
/opt/Vivado-Design-Tutorials/Design_Flow_Tutorials/IP_Integrator/Lab_1/Lab_1.gen/sources_1/bd/design_1/ipshared/0980/hdl/axi_vip_v1_1_vl_rfs.sv(555): ERROR: 'PC' is not declared under prefix 'IF' (VERI-1187)
/opt/Vivado-Design-Tutorials/Design_Flow_Tutorials/IP_Integrator/Lab_1/Lab_1.gen/sources_1/bd/design_1/ipshared/0980/hdl/axi_vip_v1_1_vl_rfs.sv(555): ERROR: 'max_ar_wait_cycles' is not declared under prefix 'PC' (VERI-1187)
/opt/Vivado-Design-Tutorials/Design_Flow_Tutorials/IP_Integrator/Lab_1/Lab_1.gen/sources_1/bd/design_1/ipshared/0980/hdl/axi_vip_v1_1_vl_rfs.sv(563): ERROR: 'PC' is not declared under prefix 'IF' (VERI-1187)
/opt/Vivado-Design-Tutorials/Design_Flow_Tutorials/IP_Integrator/Lab_1/Lab_1.gen/sources_1/bd/design_1/ipshared/0980/hdl/axi_vip_v1_1_vl_rfs.sv(563): ERROR: 'max_r_wait_cycles' is not declared under prefix 'PC' (VERI-1187)
/opt/Vivado-Design-Tutorials/Design_Flow_Tutorials/IP_Integrator/Lab_1/Lab_1.gen/sources_1/bd/design_1/ipshared/0980/hdl/axi_vip_v1_1_vl_rfs.sv(571): ERROR: 'PC' is not declared under prefix 'IF' (VERI-1187)
/opt/Vivado-Design-Tutorials/Design_Flow_Tutorials/IP_Integrator/Lab_1/Lab_1.gen/sources_1/bd/design_1/ipshared/0980/hdl/axi_vip_v1_1_vl_rfs.sv(571): ERROR: 'max_b_wait_cycles' is not declared under prefix 'PC' (VERI-1187)
/opt/Vivado-Design-Tutorials/Design_Flow_Tutorials/IP_Integrator/Lab_1/Lab_1.gen/sources_1/bd/design_1/ipshared/0980/hdl/axi_vip_v1_1_vl_rfs.sv(579): ERROR: 'PC' is not declared under prefix 'IF' (VERI-1187)
/opt/Vivado-Design-Tutorials/Design_Flow_Tutorials/IP_Integrator/Lab_1/Lab_1.gen/sources_1/bd/design_1/ipshared/0980/hdl/axi_vip_v1_1_vl_rfs.sv(579): ERROR: 'max_w_wait_cycles' is not declared under prefix 'PC' (VERI-1187)
/opt/Vivado-Design-Tutorials/Design_Flow_Tutorials/IP_Integrator/Lab_1/Lab_1.gen/sources_1/bd/design_1/ipshared/0980/hdl/axi_vip_v1_1_vl_rfs.sv(587): ERROR: 'PC' is not declared under prefix 'IF' (VERI-1187)
/opt/Vivado-Design-Tutorials/Design_Flow_Tutorials/IP_Integrator/Lab_1/Lab_1.gen/sources_1/bd/design_1/ipshared/0980/hdl/axi_vip_v1_1_vl_rfs.sv(587): ERROR: 'max_wlast_to_awvalid_wait_cycles' is not declared under prefix 'PC' (VERI-1187)
/opt/Vivado-Design-Tutorials/Design_Flow_Tutorials/IP_Integrator/Lab_1/Lab_1.gen/sources_1/bd/design_1/ipshared/0980/hdl/axi_vip_v1_1_vl_rfs.sv(595): ERROR: 'PC' is not declared under prefix 'IF' (VERI-1187)
/opt/Vivado-Design-Tutorials/Design_Flow_Tutorials/IP_Integrator/Lab_1/Lab_1.gen/sources_1/bd/design_1/ipshared/0980/hdl/axi_vip_v1_1_vl_rfs.sv(595): ERROR: 'max_rtransfers_wait_cycles' is not declared under prefix 'PC' (VERI-1187)
/opt/Vivado-Design-Tutorials/Design_Flow_Tutorials/IP_Integrator/Lab_1/Lab_1.gen/sources_1/bd/design_1/ipshared/0980/hdl/axi_vip_v1_1_vl_rfs.sv(603): ERROR: 'PC' is not declared under prefix 'IF' (VERI-1187)
/opt/Vivado-Design-Tutorials/Design_Flow_Tutorials/IP_Integrator/Lab_1/Lab_1.gen/sources_1/bd/design_1/ipshared/0980/hdl/axi_vip_v1_1_vl_rfs.sv(603): ERROR: 'max_wtransfers_wait_cycles' is not declared under prefix 'PC' (VERI-1187)
/opt/Vivado-Design-Tutorials/Design_Flow_Tutorials/IP_Integrator/Lab_1/Lab_1.gen/sources_1/bd/design_1/ipshared/0980/hdl/axi_vip_v1_1_vl_rfs.sv(611): ERROR: 'PC' is not declared under prefix 'IF' (VERI-1187)
/opt/Vivado-Design-Tutorials/Design_Flow_Tutorials/IP_Integrator/Lab_1/Lab_1.gen/sources_1/bd/design_1/ipshared/0980/hdl/axi_vip_v1_1_vl_rfs.sv(611): ERROR: 'max_wlcmd_wait_cycles' is not declared under prefix 'PC' (VERI-1187)
/opt/Vivado-Design-Tutorials/Design_Flow_Tutorials/IP_Integrator/Lab_1/Lab_1.gen/sources_1/bd/design_1/ipshared/0980/hdl/axi_vip_v1_1_vl_rfs.sv(619): ERROR: 'PC' is not declared under prefix 'IF' (VERI-1187)
/opt/Vivado-Design-Tutorials/Design_Flow_Tutorials/IP_Integrator/Lab_1/Lab_1.gen/sources_1/bd/design_1/ipshared/0980/hdl/axi_vip_v1_1_vl_rfs.sv(619): ERROR: 'fatal_to_warnings' is not declared under prefix 'PC' (VERI-1187)
/opt/Vivado-Design-Tutorials/Design_Flow_Tutorials/IP_Integrator/Lab_1/Lab_1.gen/sources_1/bd/design_1/ipshared/0980/hdl/axi_vip_v1_1_vl_rfs.sv(627): ERROR: 'PC' is not declared under prefix 'IF' (VERI-1187)
/opt/Vivado-Design-Tutorials/Design_Flow_Tutorials/IP_Integrator/Lab_1/Lab_1.gen/sources_1/bd/design_1/ipshared/0980/hdl/axi_vip_v1_1_vl_rfs.sv(627): ERROR: 'fatal_to_warnings' is not declared under prefix 'PC' (VERI-1187)
ModName: axi_infrastructure_v1_1_0_axi2vector(C_AXI_ID_WIDTH=1,C_AXI_SUPPORTS_REGION_SIGNALS=1,C_AWPAYLOAD_WIDTH=62,C_WPAYLOAD_WIDTH=37,C_BPAYLOAD_WIDTH=3,C_ARPAYLOAD_WIDTH=62,C_RPAYLOAD_WIDTH=36)
ModName: axi_infrastructure_v1_1_0_vector2axi(C_AXI_ID_WIDTH=1,C_AXI_SUPPORTS_REGION_SIGNALS=1,C_AWPAYLOAD_WIDTH=62,C_WPAYLOAD_WIDTH=37,C_BPAYLOAD_WIDTH=3,C_ARPAYLOAD_WIDTH=62,C_RPAYLOAD_WIDTH=36)
ModName: axi_register_slice_v2_1_24_axic_register_slice(C_DATA_WIDTH=3,C_REG_CONFIG=7)
ModName: axi_register_slice_v2_1_24_axic_register_slice(C_DATA_WIDTH=36,C_REG_CONFIG=1)
ModName: axi_register_slice_v2_1_24_axic_register_slice(C_DATA_WIDTH=37,C_REG_CONFIG=1)
ModName: axi_register_slice_v2_1_24_axic_register_slice(C_DATA_WIDTH=62,C_REG_CONFIG=7)
ModName: sc_exit_v1_0_11_axi2vector(C_AXI_SUPPORTS_REGION_SIGNALS=1,C_AWPAYLOAD_WIDTH=65,C_WPAYLOAD_WIDTH=37,C_ARPAYLOAD_WIDTH=65,C_RPAYLOAD_WIDTH=39)
ModName: sc_exit_v1_0_11_axic_register_slice(C_DATA_WIDTH=37,C_REG_CONFIG=0)
ModName: sc_exit_v1_0_11_axic_register_slice(C_DATA_WIDTH=39,C_REG_CONFIG=0)
ModName: sc_exit_v1_0_11_axic_register_slice(C_DATA_WIDTH=6,C_REG_CONFIG=0)
ModName: sc_exit_v1_0_11_axic_register_slice(C_DATA_WIDTH=65,C_REG_CONFIG=0)
ModName: sc_exit_v1_0_11_exit(C_RDATA_WIDTH=32,C_WDATA_WIDTH=32,C_READ_ACCEPTANCE=32,C_WRITE_ACCEPTANCE=32)
ModName: sc_exit_v1_0_11_splitter(C_RDATA_WIDTH=32,C_WDATA_WIDTH=32,C_READ_ACCEPTANCE=32,C_WRITE_ACCEPTANCE=32)
ModName: sc_exit_v1_0_11_vector2axi(C_AXI_SUPPORTS_REGION_SIGNALS=1,C_AWPAYLOAD_WIDTH=65,C_WPAYLOAD_WIDTH=37,C_ARPAYLOAD_WIDTH=65,C_RPAYLOAD_WIDTH=39)
ModName: sc_mmu_v1_0_10_addr_decoder(C_BASE_ADDR=64'b0,C_RANGE_SIZE=32'b010000,C_RANGE_SECURE=2'b0,C_RANGE_QUAL=2'b01)
ModName: sc_mmu_v1_0_10_decerr_slave(C_RESP=32'sb011)
ModName: sc_node_v1_0_13_arb_alg_rr(C_NUM_REQ=2,C_PRIORITY_ARB_ARRAY=2'b0)
ModName: sc_node_v1_0_13_egress(C_NODE_PAYLD_WIDTH=1106,C_PAYLD_WIDTH=1854,C_NODE_ID_WIDTH=1,C_NUM_MI=1,C_INFO_WIDTH=1,C_M_MAX_NUM_BYTES=4)
ModName: sc_node_v1_0_13_fifo(C_FIFO_SIZE=5,C_FIFO_WIDTH=114,C_PROG_FULL=31,C_READ_LATENCY=1,C_FLAG_PROTECTION=0)
ModName: sc_node_v1_0_13_fifo(C_FIFO_SIZE=5,C_FIFO_WIDTH=18,C_PROG_FULL=31,C_READ_MODE=1,C_READ_LATENCY=1,C_FLAG_PROTECTION=3)
ModName: sc_node_v1_0_13_ingress(C_NUM_SI=2,C_PAYLD_WIDTH=1854,C_REQSEND_WIDTH=18,C_NODE_PAYLD_WIDTH=1106,C_NODE_ID_WIDTH=1,C_NUM_MI=1,C_INFO_WIDTH=1,C_LOG_NUM_SI=1,C_M_MAX_NUM_BYTES=4,C_S_MAX_NUM_BYTES=4,C_S_NUM_BYTES_ARRAY=64'b010000000000000000000000000000000100,C_M_NUM_BYTES_ARRAY=32'b0100)
ModName: sc_node_v1_0_13_mi_handler(C_NUM_SI=2,C_NUM_MI=1,C_LOG_NUM_SI=1,C_LOG_NUM_MI=1,C_FIFO_SIZE=5,C_PAYLD_WIDTH=1854,C_SYNCHRONIZATION_STAGES=2,C_NODE_ID_WIDTH=1,C_S_NUM_BYTES_ARRAY=64'b010000000000000000000000000000000100,C_M_NUM_BYTES_ARRAY=32'b0100,C_NODE_USER_WIDTH=1,C_S_PIPELINE=32'sb0,C_FIFO_OUTPUT_REG=1,C_ARBITER_MODE=1)
ModName: sc_node_v1_0_13_reg_slice3(C_PAYLD_WIDTH=1)
ModName: sc_node_v1_0_13_si_handler(C_NUM_SI=2,C_MAX_OUTSTANDING_REQ=3,C_ARBITER_MODE=1,C_FIFO_SIZE=5,C_PRIORITY_ARB_ARRAY=2'b0)
ModName: sc_si_converter_v1_0_10_offset_fifo(C_FIFO_WIDTH=105)
ModName: sc_si_converter_v1_0_10_offset_fifo(C_FIFO_WIDTH=40)
ModName: sc_si_converter_v1_0_10_splitter(C_SEP_WDATA_WIDTH_ARRAY=32'b0100000,C_SEP_RDATA_WIDTH_ARRAY=32'b0100000,C_SEP_PROTOCOL_ARRAY=32'b0,C_MSC_WDATA_WIDTH_ARRAY=32'b0100000,C_MSC_RDATA_WIDTH_ARRAY=32'b0100000,C_WDATA_WIDTH=32,C_RDATA_WIDTH=32)
ModName: sc_si_converter_v1_0_10_wrap_narrow(C_WDATA_WIDTH=32,C_RDATA_WIDTH=32,C_SEP_WDATA_WIDTH_ARRAY=32'b0100000,C_SEP_RDATA_WIDTH_ARRAY=32'b0100000)
ModName: sc_transaction_regulator_v1_0_9_singleorder(C_S_ID_WIDTH=0)
ModName: sc_util_v1_0_4_axi2vector(C_ID_WIDTH=1,C_RDATA_WIDTH=8,C_WDATA_WIDTH=8)
ModName: sc_util_v1_0_4_axi2vector(C_RDATA_WIDTH=8,C_WDATA_WIDTH=8)
ModName: sc_util_v1_0_4_axi_reg_stall(C_REG_CONFIG=2)
ModName: sc_util_v1_0_4_axic_reg_srl_fifo(C_FIFO_WIDTH=12)
ModName: sc_util_v1_0_4_axic_reg_srl_fifo(C_FIFO_WIDTH=16)
ModName: sc_util_v1_0_4_axic_reg_srl_fifo(C_FIFO_WIDTH=21)
ModName: sc_util_v1_0_4_axic_reg_srl_fifo(C_FIFO_WIDTH=33)
ModName: sc_util_v1_0_4_axic_reg_srl_fifo(C_FIFO_WIDTH=47)
ModName: sc_util_v1_0_4_axic_reg_srl_fifo(C_FIFO_WIDTH=7)
ModName: sc_util_v1_0_4_axic_reg_srl_fifo(C_FIFO_WIDTH=9)
ModName: sc_util_v1_0_4_axic_register_slice(C_DATA_WIDTH=16)
ModName: sc_util_v1_0_4_counter(C_WIDTH=2)
ModName: sc_util_v1_0_4_counter(C_WIDTH=6)
ModName: sc_util_v1_0_4_counter(C_WIDTH=6,C_INIT=6'b01)
ModName: sc_util_v1_0_4_mux(C_DWIDTH=1854,C_SWIDTH=32'b01,C_NUM=2,C_MUX_IMPL=32'b0)
ModName: sc_util_v1_0_4_onehot_to_binary(C_BIN_WIDTH=1,C_OH_WIDTH=2)
ModName: sc_util_v1_0_4_onehot_to_binary(C_BIN_WIDTH=32'b01,C_OH_WIDTH=2)
ModName: sc_util_v1_0_4_pipeline(C_DEPTH=0)
ModName: sc_util_v1_0_4_pipeline(C_DEPTH=32'sb0)
ModName: sc_util_v1_0_4_pipeline(C_DEPTH=32'sb0101)
ModName: sc_util_v1_0_4_pipeline(C_DWIDTH=1854,C_DEPTH=32'sb0)
ModName: sc_util_v1_0_4_pipeline(C_DWIDTH=2,C_DEPTH=0)
ModName: sc_util_v1_0_4_pipeline(C_DWIDTH=2,C_DEPTH=32'sb0)
ModName: sc_util_v1_0_4_pipeline(C_DWIDTH=32'sb01,C_DEPTH=32'sb0)
ModName: sc_util_v1_0_4_vector2axi(C_RDATA_WIDTH=8,C_WDATA_WIDTH=8)
ModName: sc_util_v1_0_4_vector2axi(C_RDATA_WIDTH=8,C_WDATA_WIDTH=8,C_ID_WIDTH=1)
ModName: sc_util_v1_0_4_xpm_memory_fifo(C_FIFO_MEMORY_TYPE=0,C_FIFO_WIDTH=114,C_PROG_FULL_THRESH=31,C_FIFO_READ_LATENCY=1,C_CDC_DEST_SYNC_FF=2,C_FLAG_PROTECTION=0,C_SIM_ASSERT_CHK=0)
ModName: sc_util_v1_0_4_xpm_memory_fifo(C_FIFO_MEMORY_TYPE=0,C_FIFO_WIDTH=18,C_PROG_FULL_THRESH=31,C_READ_MODE=1,C_FIFO_READ_LATENCY=1,C_CDC_DEST_SYNC_FF=2,C_FLAG_PROTECTION=3,C_SIM_ASSERT_CHK=0)
BaseName axi_infrastructure_v1_1_0_axi2vector has 1 entries
BaseName axi_infrastructure_v1_1_0_vector2axi has 1 entries
BaseName axi_register_slice_v2_1_24_axic_register_slice has 4 entries
BaseName sc_exit_v1_0_11_axi2vector has 1 entries
BaseName sc_exit_v1_0_11_axic_register_slice has 4 entries
BaseName sc_exit_v1_0_11_exit has 1 entries
BaseName sc_exit_v1_0_11_splitter has 1 entries
BaseName sc_exit_v1_0_11_vector2axi has 1 entries
BaseName sc_mmu_v1_0_10_addr_decoder has 1 entries
BaseName sc_mmu_v1_0_10_decerr_slave has 1 entries
BaseName sc_node_v1_0_13_arb_alg_rr has 1 entries
BaseName sc_node_v1_0_13_egress has 1 entries
BaseName sc_node_v1_0_13_fifo has 2 entries
BaseName sc_node_v1_0_13_ingress has 1 entries
BaseName sc_node_v1_0_13_mi_handler has 1 entries
BaseName sc_node_v1_0_13_reg_slice3 has 1 entries
BaseName sc_node_v1_0_13_si_handler has 1 entries
BaseName sc_si_converter_v1_0_10_offset_fifo has 2 entries
BaseName sc_si_converter_v1_0_10_splitter has 1 entries
BaseName sc_si_converter_v1_0_10_wrap_narrow has 1 entries
BaseName sc_transaction_regulator_v1_0_9_singleorder has 1 entries
BaseName sc_util_v1_0_4_axi2vector has 2 entries
BaseName sc_util_v1_0_4_axi_reg_stall has 1 entries
BaseName sc_util_v1_0_4_axic_reg_srl_fifo has 7 entries
BaseName sc_util_v1_0_4_axic_register_slice has 1 entries
BaseName sc_util_v1_0_4_counter has 3 entries
BaseName sc_util_v1_0_4_mux has 1 entries
BaseName sc_util_v1_0_4_onehot_to_binary has 2 entries
BaseName sc_util_v1_0_4_pipeline has 7 entries
BaseName sc_util_v1_0_4_vector2axi has 2 entries
BaseName sc_util_v1_0_4_xpm_memory_fifo has 2 entries
srcscan exits with return value 0
