srcscan starts
=============== Using vdb files for VHDL std libs ===========
INFO: The vhdl library search path for library "std" is now "/tools/Xilinx/Vivado/2021.1/data/precomp_hsv/vhdl/std" (VHDL-1505)
INFO: The vhdl library search path for library "synopsys" is now "/tools/Xilinx/Vivado/2021.1/data/precomp_hsv/vhdl/synopsys" (VHDL-1505)
INFO: The vhdl library search path for library "ieee" is now "/tools/Xilinx/Vivado/2021.1/data/precomp_hsv/vhdl/ieee" (VHDL-1505)
INFO: The vhdl library search path for library "unimacro" is now "/tools/Xilinx/Vivado/2021.1/data/precomp_hsv/vhdl/unimacro" (VHDL-1505)
INFO: The vhdl library search path for library "unisim" is now "/tools/Xilinx/Vivado/2021.1/data/precomp_hsv/vhdl/unisim" (VHDL-1505)
INFO: The vhdl library search path for library "vl" is now "/tools/Xilinx/Vivado/2021.1/data/precomp_hsv/vhdl/vl" (VHDL-1505)
INFO: The vhdl library search path for library "xpm" is now "/tools/Xilinx/Vivado/2021.1/data/precomp_hsv/vhdl/xpm" (VHDL-1505)
-- Analyzing VHDL file "/opt/Vivado-Design-Tutorials/Design_Flow_Tutorials/IP_Integrator/Lab_1/Lab_1.gen/sources_1/bd/design_1/ipshared/774d/hdl/microblaze_v11_0_vh_rfs.vhd" into library microblaze_v11_0_6 (VHDL-9003)
INFO: analyzing package 'MicroBlaze_Types'

INFO: analyzing package body 'MicroBlaze_Types'

INFO: analyzing package 'MicroBlaze_ISA'

INFO: analyzing entity 'xil_scan_reset_control' (VHDL-1012)
INFO: analyzing architecture 'IMP' of entity 'xil_scan_reset_control' (VHDL-9006)
INFO: analyzing entity 'MB_SRL16E' (VHDL-1012)
INFO: analyzing architecture 'IMP' of entity 'mb_srl16e' (VHDL-9006)
INFO: analyzing entity 'MB_SRLC16E' (VHDL-1012)
INFO: analyzing architecture 'IMP' of entity 'mb_srlc16e' (VHDL-9006)
INFO: analyzing entity 'MB_LUT1' (VHDL-1012)
INFO: analyzing architecture 'IMP' of entity 'mb_lut1' (VHDL-9006)
INFO: analyzing entity 'MB_LUT2' (VHDL-1012)
INFO: analyzing architecture 'IMP' of entity 'mb_lut2' (VHDL-9006)
INFO: analyzing entity 'MB_LUT3' (VHDL-1012)
INFO: analyzing architecture 'IMP' of entity 'mb_lut3' (VHDL-9006)
INFO: analyzing entity 'MB_LUT4' (VHDL-1012)
INFO: analyzing architecture 'IMP' of entity 'mb_lut4' (VHDL-9006)
INFO: analyzing entity 'MB_LUT5' (VHDL-1012)
INFO: analyzing architecture 'IMP' of entity 'mb_lut5' (VHDL-9006)
INFO: analyzing entity 'MB_LUT6' (VHDL-1012)
INFO: analyzing architecture 'IMP' of entity 'mb_lut6' (VHDL-9006)
INFO: analyzing entity 'MB_LUT6_2' (VHDL-1012)
INFO: analyzing architecture 'IMP' of entity 'mb_lut6_2' (VHDL-9006)
INFO: analyzing entity 'MB_MUXCY' (VHDL-1012)
INFO: analyzing architecture 'IMP' of entity 'mb_muxcy' (VHDL-9006)
INFO: analyzing entity 'MB_XORCY' (VHDL-1012)
INFO: analyzing architecture 'IMP' of entity 'mb_xorcy' (VHDL-9006)
INFO: analyzing entity 'MB_AND2B1L' (VHDL-1012)
INFO: analyzing architecture 'IMP' of entity 'mb_and2b1l' (VHDL-9006)
INFO: analyzing entity 'MB_OR2L' (VHDL-1012)
INFO: analyzing architecture 'IMP' of entity 'mb_or2l' (VHDL-9006)
INFO: analyzing entity 'MB_MUXF7' (VHDL-1012)
INFO: analyzing architecture 'IMP' of entity 'mb_muxf7' (VHDL-9006)
INFO: analyzing entity 'MB_MUXF8' (VHDL-1012)
INFO: analyzing architecture 'IMP' of entity 'mb_muxf8' (VHDL-9006)
INFO: analyzing entity 'MB_MUXF9' (VHDL-1012)
INFO: analyzing architecture 'IMP' of entity 'mb_muxf9' (VHDL-9006)
INFO: analyzing entity 'MB_RAM32M' (VHDL-1012)
INFO: analyzing architecture 'IMP' of entity 'mb_ram32m' (VHDL-9006)
INFO: analyzing entity 'MB_RAM16X1D' (VHDL-1012)
INFO: analyzing architecture 'IMP' of entity 'mb_ram16x1d' (VHDL-9006)
INFO: analyzing entity 'MB_RAM32X1D' (VHDL-1012)
INFO: analyzing architecture 'IMP' of entity 'mb_ram32x1d' (VHDL-9006)
INFO: analyzing entity 'MB_MULT18X18S' (VHDL-1012)
INFO: analyzing architecture 'IMP' of entity 'mb_mult18x18s' (VHDL-9006)
INFO: analyzing entity 'MB_FD' (VHDL-1012)
INFO: analyzing architecture 'IMP' of entity 'mb_fd' (VHDL-9006)
INFO: analyzing entity 'MB_FDR' (VHDL-1012)
INFO: analyzing architecture 'IMP' of entity 'mb_fdr' (VHDL-9006)
INFO: analyzing entity 'MB_FDRE' (VHDL-1012)
INFO: analyzing architecture 'IMP' of entity 'mb_fdre' (VHDL-9006)
INFO: analyzing entity 'MB_FDE' (VHDL-1012)
INFO: analyzing architecture 'IMP' of entity 'mb_fde' (VHDL-9006)
INFO: analyzing entity 'MB_FDSE' (VHDL-1012)
INFO: analyzing architecture 'IMP' of entity 'mb_fdse' (VHDL-9006)
INFO: analyzing entity 'MB_FDS' (VHDL-1012)
INFO: analyzing architecture 'IMP' of entity 'mb_fds' (VHDL-9006)
INFO: analyzing entity 'MB_FDRSE' (VHDL-1012)
INFO: analyzing architecture 'IMP' of entity 'mb_fdrse' (VHDL-9006)
INFO: analyzing entity 'MB_MULT_AND' (VHDL-1012)
INFO: analyzing architecture 'IMP' of entity 'mb_mult_and' (VHDL-9006)
INFO: analyzing entity 'MB_RAMB36' (VHDL-1012)
INFO: analyzing architecture 'IMP' of entity 'mb_ramb36' (VHDL-9006)
INFO: analyzing entity 'MB_MUXCY_XORCY' (VHDL-1012)
INFO: analyzing architecture 'IMP' of entity 'mb_muxcy_xorcy' (VHDL-9006)
INFO: analyzing entity 'MB_DSP48E1' (VHDL-1012)
INFO: analyzing architecture 'IMP' of entity 'mb_dsp48e1' (VHDL-9006)
INFO: analyzing entity 'mb_sync_bit' (VHDL-1012)
INFO: analyzing architecture 'IMP' of entity 'mb_sync_bit' (VHDL-9006)
INFO: analyzing entity 'mb_sync_vec' (VHDL-1012)
INFO: analyzing architecture 'IMP' of entity 'mb_sync_vec' (VHDL-9006)
INFO: analyzing entity 'mb_sync_reset' (VHDL-1012)
INFO: analyzing architecture 'IMP' of entity 'mb_sync_reset' (VHDL-9006)
INFO: analyzing entity 'OneHot_Buffer' (VHDL-1012)
INFO: analyzing architecture 'IMP' of entity 'onehot_buffer' (VHDL-9006)
INFO: analyzing entity 'two_piperun_fd' (VHDL-1012)
INFO: analyzing architecture 'IMP' of entity 'two_piperun_fd' (VHDL-9006)
INFO: analyzing entity 'mux_bus' (VHDL-1012)
INFO: analyzing architecture 'IMP' of entity 'mux_bus' (VHDL-9006)
INFO: analyzing entity 'Parity_Recursive_LUT6' (VHDL-1012)
INFO: analyzing architecture 'IMP' of entity 'parity_recursive_lut6' (VHDL-9006)
INFO: analyzing entity 'Parity' (VHDL-1012)
INFO: analyzing architecture 'IMP' of entity 'parity' (VHDL-9006)
INFO: analyzing entity 'comparator' (VHDL-1012)
INFO: analyzing architecture 'IMP' of entity 'comparator' (VHDL-9006)
INFO: analyzing entity 'comparator_bool' (VHDL-1012)
INFO: analyzing architecture 'IMP' of entity 'comparator_bool' (VHDL-9006)
INFO: analyzing entity 'carry_and' (VHDL-1012)
INFO: analyzing architecture 'IMP' of entity 'carry_and' (VHDL-9006)
INFO: analyzing entity 'carry_and_bs' (VHDL-1012)
INFO: analyzing architecture 'IMP' of entity 'carry_and_bs' (VHDL-9006)
INFO: analyzing entity 'carry_and_bb' (VHDL-1012)
INFO: analyzing architecture 'IMP' of entity 'carry_and_bb' (VHDL-9006)
INFO: analyzing entity 'carry_and_n_bb' (VHDL-1012)
INFO: analyzing architecture 'IMP' of entity 'carry_and_n_bb' (VHDL-9006)
INFO: analyzing entity 'carry_latch_and_bb' (VHDL-1012)
INFO: analyzing architecture 'IMP' of entity 'carry_latch_and_bb' (VHDL-9006)
INFO: analyzing entity 'carry_latch_and_n_bb' (VHDL-1012)
INFO: analyzing architecture 'IMP' of entity 'carry_latch_and_n_bb' (VHDL-9006)
INFO: analyzing entity 'carry_or' (VHDL-1012)
INFO: analyzing architecture 'IMP' of entity 'carry_or' (VHDL-9006)
INFO: analyzing entity 'carry_or_bs' (VHDL-1012)
INFO: analyzing architecture 'IMP' of entity 'carry_or_bs' (VHDL-9006)
INFO: analyzing entity 'carry_or_bb' (VHDL-1012)
INFO: analyzing architecture 'IMP' of entity 'carry_or_bb' (VHDL-9006)
INFO: analyzing entity 'carry_or_n_bb' (VHDL-1012)
INFO: analyzing architecture 'IMP' of entity 'carry_or_n_bb' (VHDL-9006)
INFO: analyzing entity 'carry_equal' (VHDL-1012)
INFO: analyzing architecture 'IMP' of entity 'carry_equal' (VHDL-9006)
INFO: analyzing entity 'carry_compare' (VHDL-1012)
INFO: analyzing architecture 'IMP' of entity 'carry_compare' (VHDL-9006)
INFO: analyzing entity 'carry_compare_bool' (VHDL-1012)
INFO: analyzing architecture 'IMP' of entity 'carry_compare_bool' (VHDL-9006)
INFO: analyzing entity 'carry_compare_mask' (VHDL-1012)
INFO: analyzing architecture 'IMP' of entity 'carry_compare_mask' (VHDL-9006)
INFO: analyzing entity 'carry_compare_mask_bool' (VHDL-1012)
INFO: analyzing architecture 'IMP' of entity 'carry_compare_mask_bool' (VHDL-9006)
INFO: analyzing entity 'carry_compare_const' (VHDL-1012)
INFO: analyzing architecture 'IMP' of entity 'carry_compare_const' (VHDL-9006)
INFO: analyzing entity 'carry_compare_const_bool' (VHDL-1012)
INFO: analyzing architecture 'IMP' of entity 'carry_compare_const_bool' (VHDL-9006)
INFO: analyzing entity 'Carry_Compare_GE' (VHDL-1012)
INFO: analyzing architecture 'IMP' of entity 'carry_compare_ge' (VHDL-9006)
INFO: analyzing entity 'find_first_bit' (VHDL-1012)
INFO: analyzing architecture 'IMP' of entity 'find_first_bit' (VHDL-9006)
INFO: analyzing entity 'mux4_8' (VHDL-1012)
INFO: analyzing architecture 'IMP' of entity 'mux4_8' (VHDL-9006)
INFO: analyzing entity 'mux4' (VHDL-1012)
INFO: analyzing architecture 'IMP' of entity 'mux4' (VHDL-9006)
INFO: analyzing entity 'vec_mux' (VHDL-1012)
INFO: analyzing architecture 'IMP' of entity 'vec_mux' (VHDL-9006)
INFO: analyzing entity 'srl_fifo' (VHDL-1012)
INFO: analyzing architecture 'IMP' of entity 'srl_fifo' (VHDL-9006)
INFO: analyzing entity 'ALU_Bit' (VHDL-1012)
INFO: analyzing architecture 'IMP' of entity 'alu_bit' (VHDL-9006)
INFO: analyzing entity 'ALU' (VHDL-1012)
INFO: analyzing architecture 'IMP' of entity 'alu' (VHDL-9006)
INFO: analyzing entity 'MSR_Reg_Bit' (VHDL-1012)
INFO: analyzing architecture 'IMP' of entity 'msr_reg_bit' (VHDL-9006)
INFO: analyzing entity 'MSR_Reg' (VHDL-1012)
INFO: analyzing architecture 'IMP' of entity 'msr_reg' (VHDL-9006)
INFO: analyzing entity 'msr_reg_gti' (VHDL-1012)
INFO: analyzing architecture 'msr_reg' of entity 'msr_reg_gti' (VHDL-9006)
INFO: analyzing entity 'MSR_Reg_ff' (VHDL-1012)
INFO: analyzing architecture 'IMP' of entity 'msr_reg_ff' (VHDL-9006)
INFO: analyzing entity 'dsp_module' (VHDL-1012)
INFO: analyzing architecture 'IMP' of entity 'dsp_module' (VHDL-9006)
INFO: analyzing entity 'mul_unit' (VHDL-1012)
INFO: analyzing architecture 'IMP' of entity 'mul_unit' (VHDL-9006)
INFO: analyzing entity 'mul_unit_ff' (VHDL-1012)
INFO: analyzing architecture 'IMP' of entity 'mul_unit_ff' (VHDL-9006)
INFO: analyzing entity 'Div_unit' (VHDL-1012)
INFO: analyzing architecture 'IMP' of entity 'div_unit' (VHDL-9006)
INFO: analyzing entity 'Div_unit_gti' (VHDL-1012)
INFO: analyzing architecture 'IMP' of entity 'div_unit_gti' (VHDL-9006)
INFO: analyzing entity 'Div_Unit_ff' (VHDL-1012)
INFO: analyzing architecture 'IMP' of entity 'div_unit_ff' (VHDL-9006)
INFO: analyzing entity 'Operand_Select_Bit' (VHDL-1012)
INFO: analyzing architecture 'IMP' of entity 'operand_select_bit' (VHDL-9006)
INFO: analyzing entity 'Operand_Select' (VHDL-1012)
INFO: analyzing architecture 'IMP' of entity 'operand_select' (VHDL-9006)
INFO: analyzing entity 'Operand_Select_gti' (VHDL-1012)
INFO: analyzing architecture 'IMP' of entity 'operand_select_gti' (VHDL-9006)
INFO: analyzing entity 'Operand_Select_ff' (VHDL-1012)
INFO: analyzing architecture 'IMP' of entity 'operand_select_ff' (VHDL-9006)
INFO: analyzing entity 'PC_Bit' (VHDL-1012)
INFO: analyzing architecture 'IMP' of entity 'pc_bit' (VHDL-9006)
INFO: analyzing entity 'PC_Module' (VHDL-1012)
INFO: analyzing architecture 'IMP' of entity 'pc_module' (VHDL-9006)
INFO: analyzing entity 'PC_Module_gti' (VHDL-1012)
INFO: analyzing architecture 'IMP' of entity 'pc_module_gti' (VHDL-9006)
INFO: analyzing entity 'PC_Module_ff' (VHDL-1012)
INFO: analyzing architecture 'IMP' of entity 'pc_module_ff' (VHDL-9006)
INFO: analyzing entity 'PreFetch_Buffer' (VHDL-1012)
INFO: analyzing architecture 'IMP' of entity 'prefetch_buffer' (VHDL-9006)
INFO: analyzing entity 'PreFetch_Buffer_gti' (VHDL-1012)
INFO: analyzing architecture 'IMP' of entity 'prefetch_buffer_gti' (VHDL-9006)
INFO: analyzing entity 'PreFetch_Buffer_ff' (VHDL-1012)
INFO: analyzing architecture 'IMP' of entity 'prefetch_buffer_ff' (VHDL-9006)
INFO: analyzing entity 'Register_File_Bit' (VHDL-1012)
INFO: analyzing architecture 'IMP' of entity 'register_file_bit' (VHDL-9006)
INFO: analyzing entity 'Register_File' (VHDL-1012)
INFO: analyzing architecture 'IMP' of entity 'register_file' (VHDL-9006)
INFO: analyzing entity 'Register_File_gti' (VHDL-1012)
INFO: analyzing architecture 'IMP' of entity 'register_file_gti' (VHDL-9006)
INFO: analyzing entity 'count_leading_zeros' (VHDL-1012)
INFO: analyzing architecture 'IMP' of entity 'count_leading_zeros' (VHDL-9006)
INFO: analyzing entity 'Shift_Logic_Bit' (VHDL-1012)
INFO: analyzing architecture 'IMP' of entity 'shift_logic_bit' (VHDL-9006)
INFO: analyzing entity 'Shift_Logic_Module' (VHDL-1012)
INFO: analyzing architecture 'IMP' of entity 'shift_logic_module' (VHDL-9006)
INFO: analyzing entity 'Shift_Logic_Module_gti' (VHDL-1012)
INFO: analyzing architecture 'IMP' of entity 'shift_logic_module_gti' (VHDL-9006)
INFO: analyzing entity 'Zero_Detect' (VHDL-1012)
INFO: analyzing architecture 'IMP' of entity 'zero_detect' (VHDL-9006)
INFO: analyzing entity 'Zero_Detect_gti' (VHDL-1012)
INFO: analyzing architecture 'IMP' of entity 'zero_detect_gti' (VHDL-9006)
INFO: analyzing entity 'barrel_shift' (VHDL-1012)
INFO: analyzing architecture 'IMP' of entity 'barrel_shift' (VHDL-9006)
INFO: analyzing entity 'Barrel_Shifter_gti' (VHDL-1012)
INFO: analyzing architecture 'IMP' of entity 'barrel_shifter_gti' (VHDL-9006)
INFO: analyzing entity 'WB_Mux_Bit' (VHDL-1012)
INFO: analyzing architecture 'IMP' of entity 'wb_mux_bit' (VHDL-9006)
INFO: analyzing entity 'WB_Mux' (VHDL-1012)
INFO: analyzing architecture 'IMP' of entity 'wb_mux' (VHDL-9006)
INFO: analyzing entity 'WB_Mux_ff' (VHDL-1012)
INFO: analyzing architecture 'IMP' of entity 'wb_mux_ff' (VHDL-9006)
INFO: analyzing entity 'Byte_Doublet_Handle' (VHDL-1012)
INFO: analyzing architecture 'IMP' of entity 'byte_doublet_handle' (VHDL-9006)
INFO: analyzing entity 'Byte_Doublet_Handle_gti' (VHDL-1012)
INFO: analyzing architecture 'IMP' of entity 'byte_doublet_handle_gti' (VHDL-9006)
INFO: analyzing entity 'Byte_Doublet_Handle_ff' (VHDL-1012)
INFO: analyzing architecture 'IMP' of entity 'byte_doublet_handle_ff' (VHDL-9006)
INFO: analyzing entity 'Data_Flow_Logic' (VHDL-1012)
INFO: analyzing architecture 'IMP' of entity 'data_flow_logic' (VHDL-9006)
INFO: analyzing entity 'Data_Flow_Logic_ff' (VHDL-1012)
INFO: analyzing architecture 'IMP' of entity 'data_flow_logic_ff' (VHDL-9006)
INFO: analyzing entity 'Streaming_AXI' (VHDL-1012)
INFO: analyzing architecture 'IMP' of entity 'streaming_axi' (VHDL-9006)
INFO: analyzing entity 'exception_registers' (VHDL-1012)
INFO: analyzing architecture 'IMP' of entity 'exception_registers' (VHDL-9006)
INFO: analyzing entity 'exception_registers_gti' (VHDL-1012)
INFO: analyzing architecture 'IMP' of entity 'exception_registers_gti' (VHDL-9006)
INFO: analyzing entity 'exception_registers_ff' (VHDL-1012)
INFO: analyzing architecture 'IMP' of entity 'exception_registers_ff' (VHDL-9006)
INFO: analyzing entity 'FPU_ADDSUB' (VHDL-1012)
INFO: analyzing architecture 'IMP' of entity 'fpu_addsub' (VHDL-9006)
INFO: analyzing entity 'FPU_DIV' (VHDL-1012)
INFO: analyzing architecture 'IMP' of entity 'fpu_div' (VHDL-9006)
INFO: analyzing entity 'FPU_MUL' (VHDL-1012)
INFO: analyzing architecture 'IMP' of entity 'fpu_mul' (VHDL-9006)
INFO: analyzing entity 'fpu_conv' (VHDL-1012)
INFO: analyzing architecture 'IMP' of entity 'fpu_conv' (VHDL-9006)
INFO: analyzing entity 'fpu_sqrt' (VHDL-1012)
INFO: analyzing architecture 'IMP' of entity 'fpu_sqrt' (VHDL-9006)
INFO: analyzing entity 'FPU_DIV_FF' (VHDL-1012)
INFO: analyzing architecture 'IMP' of entity 'fpu_div_ff' (VHDL-9006)
INFO: analyzing entity 'FPU_MUL_ff' (VHDL-1012)
INFO: analyzing architecture 'IMP' of entity 'fpu_mul_ff' (VHDL-9006)
INFO: analyzing entity 'fpu_conv_ff' (VHDL-1012)
INFO: analyzing architecture 'IMP' of entity 'fpu_conv_ff' (VHDL-9006)
INFO: analyzing entity 'fpu_sqrt_ff' (VHDL-1012)
INFO: analyzing architecture 'IMP' of entity 'fpu_sqrt_ff' (VHDL-9006)
INFO: analyzing entity 'Fpu' (VHDL-1012)
INFO: analyzing architecture 'IMP' of entity 'fpu' (VHDL-9006)
INFO: analyzing entity 'Fpu_ff' (VHDL-1012)
INFO: analyzing architecture 'IMP' of entity 'fpu_ff' (VHDL-9006)
INFO: analyzing entity 'PVR' (VHDL-1012)
INFO: analyzing architecture 'IMP' of entity 'pvr' (VHDL-9006)
INFO: analyzing entity 'Result_Mux_Bit' (VHDL-1012)
INFO: analyzing architecture 'IMP' of entity 'result_mux_bit' (VHDL-9006)
INFO: analyzing entity 'Result_Mux' (VHDL-1012)
INFO: analyzing architecture 'IMP' of entity 'result_mux' (VHDL-9006)
INFO: analyzing entity 'stack_protection' (VHDL-1012)
INFO: analyzing architecture 'IMP' of entity 'stack_protection' (VHDL-9006)
INFO: analyzing entity 'Data_Flow' (VHDL-1012)
INFO: analyzing architecture 'IMP' of entity 'data_flow' (VHDL-9006)
INFO: analyzing entity 'Data_Flow_gti' (VHDL-1012)
INFO: analyzing architecture 'IMP' of entity 'data_flow_gti' (VHDL-9006)
INFO: analyzing entity 'Data_Flow_ff' (VHDL-1012)
INFO: analyzing architecture 'IMP' of entity 'data_flow_ff' (VHDL-9006)
INFO: analyzing entity 'jump_logic' (VHDL-1012)
INFO: analyzing architecture 'IMP' of entity 'jump_logic' (VHDL-9006)
INFO: analyzing entity 'Jump_Logic_ff' (VHDL-1012)
INFO: analyzing architecture 'IMP' of entity 'jump_logic_ff' (VHDL-9006)
INFO: analyzing entity 'Decode' (VHDL-1012)
INFO: analyzing architecture 'IMP' of entity 'decode' (VHDL-9006)
INFO: analyzing entity 'Decode_gti' (VHDL-1012)
INFO: analyzing architecture 'IMP' of entity 'decode_gti' (VHDL-9006)
INFO: analyzing entity 'decode_conflict_ff' (VHDL-1012)
INFO: analyzing architecture 'IMP' of entity 'decode_conflict_ff' (VHDL-9006)
INFO: analyzing entity 'decode_exception_flow_ff' (VHDL-1012)
INFO: analyzing architecture 'IMP' of entity 'decode_exception_flow_ff' (VHDL-9006)
INFO: analyzing entity 'decode_instr_flow_ff' (VHDL-1012)
INFO: analyzing architecture 'IMP' of entity 'decode_instr_flow_ff' (VHDL-9006)
INFO: analyzing entity 'decode_pipe_flow_ff' (VHDL-1012)
INFO: analyzing architecture 'IMP' of entity 'decode_pipe_flow_ff' (VHDL-9006)
INFO: analyzing entity 'Decode_ff' (VHDL-1012)
INFO: analyzing architecture 'IMP' of entity 'decode_ff' (VHDL-9006)
INFO: analyzing entity 'address_hit' (VHDL-1012)
INFO: analyzing architecture 'IMP' of entity 'address_hit' (VHDL-9006)
INFO: analyzing entity 'address_data_hit' (VHDL-1012)
INFO: analyzing architecture 'IMP' of entity 'address_data_hit' (VHDL-9006)
INFO: analyzing entity 'Debug' (VHDL-1012)
INFO: analyzing architecture 'IMP' of entity 'debug' (VHDL-9006)
INFO: analyzing entity 'Debug_Profile' (VHDL-1012)
INFO: analyzing architecture 'IMP' of entity 'debug_profile' (VHDL-9006)
INFO: analyzing entity 'debug_stat_counter' (VHDL-1012)
INFO: analyzing architecture 'IMP' of entity 'debug_stat_counter' (VHDL-9006)
INFO: analyzing entity 'Debug_Stat' (VHDL-1012)
INFO: analyzing architecture 'IMP' of entity 'debug_stat' (VHDL-9006)
INFO: analyzing entity 'Debug_Trace' (VHDL-1012)
INFO: analyzing architecture 'IMP' of entity 'debug_trace' (VHDL-9006)
INFO: analyzing entity 'DAXI_interface' (VHDL-1012)
INFO: analyzing architecture 'IMP' of entity 'daxi_interface' (VHDL-9006)
INFO: analyzing entity 'DAXI_interface_ff' (VHDL-1012)
INFO: analyzing architecture 'IMP' of entity 'daxi_interface_ff' (VHDL-9006)
INFO: analyzing entity 'IAXI_Interface' (VHDL-1012)
INFO: analyzing architecture 'IMP' of entity 'iaxi_interface' (VHDL-9006)
INFO: analyzing entity 'IAXI_Interface_ff' (VHDL-1012)
INFO: analyzing architecture 'IMP' of entity 'iaxi_interface_ff' (VHDL-9006)
INFO: analyzing entity 'DLMB_Interface_ff' (VHDL-1012)
INFO: analyzing architecture 'IMP' of entity 'dlmb_interface_ff' (VHDL-9006)
INFO: analyzing entity 'ILMB_Interface_ff' (VHDL-1012)
INFO: analyzing architecture 'IMP' of entity 'ilmb_interface_ff' (VHDL-9006)
INFO: analyzing entity 'RAM_Module' (VHDL-1012)
INFO: analyzing architecture 'IMP' of entity 'ram_module' (VHDL-9006)
INFO: analyzing entity 'LRU_Module' (VHDL-1012)
INFO: analyzing architecture 'LRU_Module' of entity 'lru_module' (VHDL-9006)
INFO: analyzing entity 'victim_cache' (VHDL-1012)
INFO: analyzing architecture 'IMP' of entity 'victim_cache' (VHDL-9006)
INFO: analyzing entity 'victim_cache_ff' (VHDL-1012)
INFO: analyzing architecture 'IMP' of entity 'victim_cache_ff' (VHDL-9006)
INFO: analyzing entity 'stream_cache' (VHDL-1012)
INFO: analyzing architecture 'IMP' of entity 'stream_cache' (VHDL-9006)
INFO: analyzing entity 'stream_cache_ff' (VHDL-1012)
INFO: analyzing architecture 'IMP' of entity 'stream_cache_ff' (VHDL-9006)
INFO: analyzing entity 'Cache_Interface' (VHDL-1012)
INFO: analyzing architecture 'IMP' of entity 'cache_interface' (VHDL-9006)
INFO: analyzing entity 'Cache_Interface_ff' (VHDL-1012)
INFO: analyzing architecture 'IMP' of entity 'cache_interface_ff' (VHDL-9006)
INFO: analyzing entity 'Icache' (VHDL-1012)
INFO: analyzing architecture 'IMP' of entity 'icache' (VHDL-9006)
INFO: analyzing entity 'DCache' (VHDL-1012)
INFO: analyzing architecture 'IMP' of entity 'dcache' (VHDL-9006)
INFO: analyzing entity 'DCache_gti' (VHDL-1012)
INFO: analyzing architecture 'IMP' of entity 'dcache_gti' (VHDL-9006)
INFO: analyzing entity 'carry_hit' (VHDL-1012)
INFO: analyzing architecture 'IMP' of entity 'carry_hit' (VHDL-9006)
INFO: analyzing entity 'Cache_ff' (VHDL-1012)
INFO: analyzing architecture 'IMP' of entity 'cache_ff' (VHDL-9006)
INFO: analyzing entity 'cache_valid_bit_detect' (VHDL-1012)
INFO: analyzing architecture 'IMP' of entity 'cache_valid_bit_detect' (VHDL-9006)
INFO: analyzing entity 'cachehit_detect' (VHDL-1012)
INFO: analyzing architecture 'IMP' of entity 'cachehit_detect' (VHDL-9006)
INFO: analyzing entity 'DCache_wb' (VHDL-1012)
INFO: analyzing architecture 'IMP' of entity 'dcache_wb' (VHDL-9006)
INFO: analyzing entity 'instr_mux' (VHDL-1012)
INFO: analyzing architecture 'IMP' of entity 'instr_mux' (VHDL-9006)
INFO: analyzing entity 'Instr_Mux_ff' (VHDL-1012)
INFO: analyzing architecture 'IMP' of entity 'instr_mux_ff' (VHDL-9006)
INFO: analyzing entity 'read_data_mux' (VHDL-1012)
INFO: analyzing architecture 'IMP' of entity 'read_data_mux' (VHDL-9006)
INFO: analyzing entity 'Read_Data_Mux_ff' (VHDL-1012)
INFO: analyzing architecture 'IMP' of entity 'read_data_mux_ff' (VHDL-9006)
INFO: analyzing entity 'ISide_Logic_ff' (VHDL-1012)
INFO: analyzing architecture 'IMP' of entity 'iside_logic_ff' (VHDL-9006)
INFO: analyzing entity 'DSide_Logic_ff' (VHDL-1012)
INFO: analyzing architecture 'IMP' of entity 'dside_logic_ff' (VHDL-9006)
INFO: analyzing entity 'interrupt_mode_converter' (VHDL-1012)
INFO: analyzing architecture 'IMP' of entity 'interrupt_mode_converter' (VHDL-9006)
INFO: analyzing package 'MMU_Types'

INFO: analyzing entity 'MMU_TLB' (VHDL-1012)
INFO: analyzing architecture 'IMP' of entity 'mmu_tlb' (VHDL-9006)
INFO: analyzing entity 'MMU_UTLB_RAM' (VHDL-1012)
INFO: analyzing architecture 'IMP' of entity 'mmu_utlb_ram' (VHDL-9006)
INFO: analyzing entity 'MMU_UTLB' (VHDL-1012)
INFO: analyzing architecture 'IMP' of entity 'mmu_utlb' (VHDL-9006)
INFO: analyzing entity 'MMU' (VHDL-1012)
INFO: analyzing architecture 'IMP' of entity 'mmu' (VHDL-9006)
INFO: analyzing entity 'MMU_ff' (VHDL-1012)
INFO: analyzing architecture 'IMP' of entity 'mmu_ff' (VHDL-9006)
INFO: analyzing entity 'MicroBlaze_Area' (VHDL-1012)
INFO: analyzing architecture 'IMP' of entity 'microblaze_area' (VHDL-9006)
INFO: analyzing entity 'MicroBlaze_GTi' (VHDL-1012)
INFO: analyzing architecture 'IMP' of entity 'microblaze_gti' (VHDL-9006)
INFO: analyzing entity 'MicroBlaze_FF' (VHDL-1012)
INFO: analyzing architecture 'IMP' of entity 'microblaze_ff' (VHDL-9006)
INFO: analyzing entity 'MicroBlaze_Core' (VHDL-1012)
INFO: analyzing architecture 'IMP' of entity 'microblaze_core' (VHDL-9006)
INFO: analyzing entity 'MicroBlaze' (VHDL-1012)
INFO: analyzing architecture 'IMP' of entity 'microblaze' (VHDL-9006)
-- Analyzing VHDL file "/opt/Vivado-Design-Tutorials/Design_Flow_Tutorials/IP_Integrator/Lab_1/Lab_1.gen/sources_1/bd/design_1/ip/design_1_microblaze_0_1/sim/design_1_microblaze_0_1.vhd" into library xil_defaultlib (VHDL-9003)
INFO: analyzing entity 'design_1_microblaze_0_1' (VHDL-1012)
INFO: analyzing architecture 'design_1_microblaze_0_1_arch' of entity 'design_1_microblaze_0_1' (VHDL-9006)
Listing tops:
VHDLTop: library:xil_defaultlib entity:design_1_microblaze_0_1 arch:
VHDLTop: library:xil_defaultlib entity:design_1_microblaze_0_1 arch:
VHDLTop: library:microblaze_v11_0_6 entity:mb_lut1 arch:
VHDLTop: library:microblaze_v11_0_6 entity:mb_lut1 arch:
VHDLTop: library:microblaze_v11_0_6 entity:mb_xorcy arch:
VHDLTop: library:microblaze_v11_0_6 entity:mb_xorcy arch:
VHDLTop: library:microblaze_v11_0_6 entity:mb_or2l arch:
VHDLTop: library:microblaze_v11_0_6 entity:mb_or2l arch:
VHDLTop: library:microblaze_v11_0_6 entity:mb_muxf8 arch:
VHDLTop: library:microblaze_v11_0_6 entity:mb_muxf8 arch:
VHDLTop: library:microblaze_v11_0_6 entity:mb_muxf9 arch:
VHDLTop: library:microblaze_v11_0_6 entity:mb_muxf9 arch:
VHDLTop: library:microblaze_v11_0_6 entity:carry_and_bs arch:
VHDLTop: library:microblaze_v11_0_6 entity:carry_and_bs arch:
VHDLTop: library:microblaze_v11_0_6 entity:carry_or_bs arch:
VHDLTop: library:microblaze_v11_0_6 entity:carry_or_bs arch:
VHDLTop: library:microblaze_v11_0_6 entity:carry_compare_mask_bool arch:
VHDLTop: library:microblaze_v11_0_6 entity:carry_compare_mask_bool arch:
VHDLTop: library:microblaze_v11_0_6 entity:mux4 arch:
VHDLTop: library:microblaze_v11_0_6 entity:mux4 arch:
VHDLTop: library:microblaze_v11_0_6 entity:srl_fifo arch:
VHDLTop: library:microblaze_v11_0_6 entity:srl_fifo arch:
VHDLTop: library:microblaze_v11_0_6 entity:decode_exception_flow_ff arch:
VHDLTop: library:microblaze_v11_0_6 entity:decode_exception_flow_ff arch:
VHDLTop: library:microblaze_v11_0_6 entity:decode_instr_flow_ff arch:
VHDLTop: library:microblaze_v11_0_6 entity:decode_instr_flow_ff arch:
VHDLTop: library:microblaze_v11_0_6 entity:decode_pipe_flow_ff arch:
VHDLTop: library:microblaze_v11_0_6 entity:decode_pipe_flow_ff arch:
END of tops
/opt/Vivado-Design-Tutorials/Design_Flow_Tutorials/IP_Integrator/Lab_1/Lab_1.gen/sources_1/bd/design_1/ip/design_1_microblaze_0_1/sim/design_1_microblaze_0_1.vhd(59): INFO: executing 'design_1_microblaze_0_1_default(design_1_microblaze_0_1_arch)' (VHDL-1067)
/opt/Vivado-Design-Tutorials/Design_Flow_Tutorials/IP_Integrator/Lab_1/Lab_1.gen/sources_1/bd/design_1/ipshared/774d/hdl/microblaze_v11_0_vh_rfs.vhd(164683): INFO: executing '\MicroBlaze(c_freq=100000000,c_endianness=1,c_family="virtexuplus",c_instance="design_1_microblaze_0_1",c_interconnect=2,c_i_axi=0,c_use_msr_instr=0,c_use_pcmp_instr=0,c_use_barrel=0,c_use_div=0,c_use_hw_mul=0,c_mmu_dtlb_size=4,c_mmu_itlb_size=2,c_dynamic_bus_sizing=0,c_number_of_rd_addr_brk=0,c_number_of_wr_addr_brk=0,c_fsl_links=0,c_icache_highaddr="0000000000000000000000000000000000111111111111111111111111111111",c_use_icache=0,c_addr_tag_bits=17,c_cache_byte_size=8192,c_icache_always_used=1,c_dcache_highaddr="0000000000000000000000000000000000111111111111111111111111111111",c_use_dcache=0,c_dcache_addr_tag=17,c_dcache_byte_size=8192,c_dcache_always_used=1)(1,11)(1,23)\(IMP)' (VHDL-1067)
/opt/Vivado-Design-Tutorials/Design_Flow_Tutorials/IP_Integrator/Lab_1/Lab_1.gen/sources_1/bd/design_1/ipshared/774d/hdl/microblaze_v11_0_vh_rfs.vhd(158868): INFO: executing '\MicroBlaze_Core(c_freq=100000000,c_num_sync_ff_clk=2,c_num_sync_ff_clk_irq=1,c_num_sync_ff_clk_debug=2,c_num_sync_ff_dbg_clk=1,c_num_sync_ff_dbg_trace_clk=2,c_endianness=1,c_family="virtexuplus",c_interconnect=2,c_i_axi=0,c_use_msr_instr=0,c_use_pcmp_instr=0,c_use_barrel=0,c_use_div=0,c_use_hw_mul=0,c_mmu_dtlb_size=4,c_mmu_itlb_size=2,c_dynamic_bus_sizing=0,c_number_of_rd_addr_brk=0,c_number_of_wr_addr_brk=0,c_fsl_links=0,c_icache_highaddr="0000000000000000000000000000000000111111111111111111111111111111",c_use_icache=0,c_addr_tag_bits=17,c_cache_byte_size=8192,c_icache_always_used=1,c_dcache_highaddr="0000000000000000000000000000000000111111111111111111111111111111",c_use_dcache=0,c_dcache_addr_tag=17,c_dcache_byte_size=8192,c_dcache_always_used=1)(1,11)(1,5)\(IMP)' (VHDL-1067)
/opt/Vivado-Design-Tutorials/Design_Flow_Tutorials/IP_Integrator/Lab_1/Lab_1.gen/sources_1/bd/design_1/ipshared/774d/hdl/microblaze_v11_0_vh_rfs.vhd(4885): INFO: executing 'mb_sync_bit_default(IMP)' (VHDL-1067)
/opt/Vivado-Design-Tutorials/Design_Flow_Tutorials/IP_Integrator/Lab_1/Lab_1.gen/sources_1/bd/design_1/ipshared/774d/hdl/microblaze_v11_0_vh_rfs.vhd(145865): INFO: executing '\MicroBlaze_GTi(c_num_sync_ff_clk=2,c_num_sync_ff_clk_irq=1,c_num_sync_ff_clk_debug=2,c_num_sync_ff_dbg_clk=1,c_num_sync_ff_dbg_trace_clk=2,c_endianness=1,c_family="virtexuplus",c_interconnect=2,c_i_axi=0,c_use_msr_instr=0,c_use_pcmp_instr=0,c_use_barrel=0,c_use_div=0,c_use_hw_mul=0,c_mmu_dtlb_size=4,c_mmu_itlb_size=2,c_dynamic_bus_sizing=0,c_number_of_rd_addr_brk=0,c_number_of_wr_addr_brk=0,c_fsl_links=0,c_icache_highaddr="0000000000000000000000000000000000111111111111111111111111111111",c_use_icache=0,c_addr_tag_bits=17,c_cache_byte_size=8192,c_icache_always_used=1,c_dcache_highaddr="0000000000000000000000000000000000111111111111111111111111111111",c_use_dcache=0,c_dcache_addr_tag=17,c_dcache_byte_size=8192,c_dcache_always_used=1,c_use_srl16="yes",c_use_lutram="yes",target=virtexuplus,use_i_lmb=true,allow_icache_wr=true,use_d_axi=true,use_d_lmb=true,use_d_ext=true,allow_dcache_wr=true,use_reorder_instr=true,use_lwx_swx_instr=true,debug_enabled=true,detect_div_overflow=true,edge_is_positive=true,c_pc_start_addr="0000000000000000000000000000000000000000000000000000000000000000",c_interrupt_addr="0000000000000000000000000000000000000000000000000000000000010000",c_ext_brk_addr="0000000000000000000000000000000000000000000000000000000000011000",c_exception_addr="0000000000000000000000000000000000000000000000000000000000100000")(1,11)(1,3)(1,3)(1,5)\(IMP)' (VHDL-1067)
/opt/Vivado-Design-Tutorials/Design_Flow_Tutorials/IP_Integrator/Lab_1/Lab_1.gen/sources_1/bd/design_1/ipshared/774d/hdl/microblaze_v11_0_vh_rfs.vhd(134649): INFO: executing '\interrupt_mode_converter(c_edge_is_positive=true)\(IMP)' (VHDL-1067)
/opt/Vivado-Design-Tutorials/Design_Flow_Tutorials/IP_Integrator/Lab_1/Lab_1.gen/sources_1/bd/design_1/ipshared/774d/hdl/microblaze_v11_0_vh_rfs.vhd(63640): INFO: executing '\Decode_gti(c_data_size=32,c_instr_size=32,c_daddr_size=32,c_iaddr_size=32,c_imm_data_size=16,c_target=virtexuplus,c_use_config_reset=0,c_allow_lut6=true,c_use_srl16="yes",c_use_lutram="yes",c_fault_tolerant=0,c_use_interrupt=0,c_use_ext_brk=false,c_use_ext_nm_brk=false,c_pvr=0,c_debug_enabled=true,c_enable_ace=0,c_use_icache=false,c_allow_icache_wr=true,c_use_dcache=false,c_allow_dcache_wr=true,c_use_barrel=false,c_use_msr_instr=false,c_use_div=false,c_use_fpu=0,c_use_mmu=0,c_mmu_tlb_read=false,c_mmu_privileged_instr=0,c_fsl_links=0,c_unaligned_exceptions=false,c_ill_opcode_exception=false,c_detect_opcode_0x0=false,c_ibus_exception=false,c_dbus_exception=false,c_div_zero_exception=false,c_detect_div_overflow=true,c_fpu_exception=false,c_fsl_exception=false,c_use_stack_protection=false,c_use_mul_instr=false,c_use_mul64=false,c_use_pcmp_instr=false,c_use_lwx_swx_instr=true,c_use_lwx_swx_exclusive=false,c_dcache_use_writeback=0,c_use_btc=false,c_btc_size=0,c_btc_parity=false,c_use_reorder_instr=true,c_pc_start_addr="0000000000000000000000000000000000000000000000000000000000000000",c_ecc_freq_opt_gti=false)(1,3)(1,3)\(IMP)' (VHDL-1067)
/opt/Vivado-Design-Tutorials/Design_Flow_Tutorials/IP_Integrator/Lab_1/Lab_1.gen/sources_1/bd/design_1/ipshared/774d/hdl/microblaze_v11_0_vh_rfs.vhd(19353): INFO: executing '\PC_Module_gti(c_data_size=32,c_addr_size=32,c_instr_size=32,c_target=virtexuplus,c_use_config_reset=0,c_allow_lut6=true,c_use_mmu=0,c_use_btc=false,c_btc_size=0,c_use_srl16="yes",c_use_lutram="yes",c_enable_ace=0)(1,3)(1,3)\(IMP)' (VHDL-1067)
/opt/Vivado-Design-Tutorials/Design_Flow_Tutorials/IP_Integrator/Lab_1/Lab_1.gen/sources_1/bd/design_1/ipshared/774d/hdl/microblaze_v11_0_vh_rfs.vhd(4553): INFO: executing '\MB_MUXCY_XORCY(c_target=virtexuplus)\(IMP)' (VHDL-1067)
/opt/Vivado-Design-Tutorials/Design_Flow_Tutorials/IP_Integrator/Lab_1/Lab_1.gen/sources_1/bd/design_1/ipshared/774d/hdl/microblaze_v11_0_vh_rfs.vhd(2564): INFO: executing '\MB_MUXF7(c_target=virtexuplus)\(IMP)' (VHDL-1067)
/opt/Vivado-Design-Tutorials/Design_Flow_Tutorials/IP_Integrator/Lab_1/Lab_1.gen/sources_1/bd/design_1/ipshared/774d/hdl/microblaze_v11_0_vh_rfs.vhd(3378): INFO: executing '\MB_FDR(c_target=virtexuplus)\(IMP)' (VHDL-1067)
/opt/Vivado-Design-Tutorials/Design_Flow_Tutorials/IP_Integrator/Lab_1/Lab_1.gen/sources_1/bd/design_1/ipshared/774d/hdl/microblaze_v11_0_vh_rfs.vhd(23821): INFO: executing '\PreFetch_Buffer_gti(c_instr_size=32,c_allow_lut6=true,c_target=virtexuplus,c_use_config_reset=0,c_iext_bus_exception=false,c_fault_tolerant=0,c_use_mmu=0,c_use_srl16="yes")(1,3)\(IMP)' (VHDL-1067)
/opt/Vivado-Design-Tutorials/Design_Flow_Tutorials/IP_Integrator/Lab_1/Lab_1.gen/sources_1/bd/design_1/ipshared/774d/hdl/microblaze_v11_0_vh_rfs.vhd(2227): INFO: executing '\MB_LUT6(c_target=virtexuplus,init="0000000000000000000000000000000011001100111100001010101011001100")(0,63)\(IMP)' (VHDL-1067)
/opt/Vivado-Design-Tutorials/Design_Flow_Tutorials/IP_Integrator/Lab_1/Lab_1.gen/sources_1/bd/design_1/ipshared/774d/hdl/microblaze_v11_0_vh_rfs.vhd(2227): INFO: executing '\MB_LUT6(c_target=virtexuplus,init="0000000000000000111111111111111111001100111100001010101011001100")(0,63)\(IMP)' (VHDL-1067)
/opt/Vivado-Design-Tutorials/Design_Flow_Tutorials/IP_Integrator/Lab_1/Lab_1.gen/sources_1/bd/design_1/ipshared/774d/hdl/microblaze_v11_0_vh_rfs.vhd(2227): INFO: executing '\MB_LUT6(c_target=virtexuplus,init="1111111100000000111111111111111110101110000010101010111000001010")(0,63)\(IMP)' (VHDL-1067)
/opt/Vivado-Design-Tutorials/Design_Flow_Tutorials/IP_Integrator/Lab_1/Lab_1.gen/sources_1/bd/design_1/ipshared/774d/hdl/microblaze_v11_0_vh_rfs.vhd(3648): INFO: executing '\MB_FDS(c_target=virtexuplus)\(IMP)' (VHDL-1067)
/opt/Vivado-Design-Tutorials/Design_Flow_Tutorials/IP_Integrator/Lab_1/Lab_1.gen/sources_1/bd/design_1/ipshared/774d/hdl/microblaze_v11_0_vh_rfs.vhd(2227): INFO: executing '\MB_LUT6(c_target=virtexuplus,init="0000000011111111000000000000000001010001111101010101000111110101")(0,63)\(IMP)' (VHDL-1067)
/opt/Vivado-Design-Tutorials/Design_Flow_Tutorials/IP_Integrator/Lab_1/Lab_1.gen/sources_1/bd/design_1/ipshared/774d/hdl/microblaze_v11_0_vh_rfs.vhd(6958): INFO: executing '\carry_and(c_target=virtexuplus)\(IMP)' (VHDL-1067)
/opt/Vivado-Design-Tutorials/Design_Flow_Tutorials/IP_Integrator/Lab_1/Lab_1.gen/sources_1/bd/design_1/ipshared/774d/hdl/microblaze_v11_0_vh_rfs.vhd(2376): INFO: executing '\MB_MUXCY(c_target=virtexuplus)\(IMP)' (VHDL-1067)
/opt/Vivado-Design-Tutorials/Design_Flow_Tutorials/IP_Integrator/Lab_1/Lab_1.gen/sources_1/bd/design_1/ipshared/774d/hdl/microblaze_v11_0_vh_rfs.vhd(2227): INFO: executing '\MB_LUT6(c_target=virtexuplus,init="1001000000001001000000000000000000000000000000001001000000001001")(0,63)\(IMP)' (VHDL-1067)
/opt/Vivado-Design-Tutorials/Design_Flow_Tutorials/IP_Integrator/Lab_1/Lab_1.gen/sources_1/bd/design_1/ipshared/774d/hdl/microblaze_v11_0_vh_rfs.vhd(2227): INFO: executing '\MB_LUT6(c_target=virtexuplus,init="1001000000001001000000000000000000000000000000000000000000000000")(0,63)\(IMP)' (VHDL-1067)
/opt/Vivado-Design-Tutorials/Design_Flow_Tutorials/IP_Integrator/Lab_1/Lab_1.gen/sources_1/bd/design_1/ipshared/774d/hdl/microblaze_v11_0_vh_rfs.vhd(57282): INFO: executing '\jump_logic(c_instr_size=32,c_target=virtexuplus)\(IMP)' (VHDL-1067)
/opt/Vivado-Design-Tutorials/Design_Flow_Tutorials/IP_Integrator/Lab_1/Lab_1.gen/sources_1/bd/design_1/ipshared/774d/hdl/microblaze_v11_0_vh_rfs.vhd(3445): INFO: executing '\MB_FDRE(c_target=virtexuplus)\(IMP)' (VHDL-1067)
/opt/Vivado-Design-Tutorials/Design_Flow_Tutorials/IP_Integrator/Lab_1/Lab_1.gen/sources_1/bd/design_1/ipshared/774d/hdl/microblaze_v11_0_vh_rfs.vhd(7419): INFO: executing '\carry_or(c_target=virtexuplus)\(IMP)' (VHDL-1067)
/opt/Vivado-Design-Tutorials/Design_Flow_Tutorials/IP_Integrator/Lab_1/Lab_1.gen/sources_1/bd/design_1/ipshared/774d/hdl/microblaze_v11_0_vh_rfs.vhd(51559): INFO: executing '\Data_Flow_gti(c_data_size=32,c_instr_size=32,c_daddr_size=32,c_iaddr_size=32,c_imm_data_size=16,c_target=virtexuplus,c_use_config_reset=0,c_allow_lut6=true,c_endianness=1,c_use_reorder_instr=1,c_use_srl16="yes",c_use_lutram="yes",c_dynamic_intr_addr=false,c_exception_addr="0000000000000000000000000000000000000000000000000000000000100000",c_interrupt_addr="0000000000000000000000000000000000000000000000000000000000010000",c_ext_brk_addr="0000000000000000000000000000000000000000000000000000000000011000",c_use_hw_mul=false,c_max_fsl_links=16,c_pvr=0,c_mb_version="00100101",c_pvr_user1="00000000",c_pvr_user2="00000000000000000000000000000000",c_interconnect=2,c_d_axi=1,c_d_lmb=1,c_i_axi=0,c_i_lmb=1,c_interrupt_is_edge=0,c_edge_is_positive=1,c_opcode_0x0_illegal=0,c_unaligned_exceptions=0,c_ill_opcode_exception=0,c_ibus_exception=0,c_dbus_exception=0,c_div_zero_exception=0,c_detect_div_overflow=1,c_fpu_exception=0,c_fsl_exception=0,c_use_stack_protection=0,c_debug_enabled=1,c_debug_interface=0,c_number_of_pc_brk=1,c_number_of_rd_addr_brk=0,c_number_of_wr_addr_brk=0,c_debug_event_counters=5,c_debug_latency_counters=1,c_debug_counter_width=32,c_debug_trace_size=8192,c_debug_profile_size=0,c_use_icache=0,c_addr_tag_bits=17,c_icache_use_fsl=0,c_allow_icache_wr=1,c_icache_line_len=4,c_cache_byte_size=8192,c_icache_always_used=1,c_icache_interface=0,c_icache_streams=0,c_icache_victims=0,c_icache_force_tag_lutram=0,c_icache_data_width=0,c_use_dcache=0,c_dcache_addr_tag=17,c_dcache_use_fsl=0,c_allow_dcache_wr=1,c_dcache_line_len=4,c_dcache_byte_size=8192,c_dcache_always_used=1,c_dcache_interface=0,c_dcache_use_writeback=0,c_dcache_victims=0,c_dcache_force_tag_lutram=0,c_dcache_data_width=0,c_icache_baseaddr="0000000000000000000000000000000000000000000000000000000000000000",c_icache_highaddr="0000000000000000000000000000000000111111111111111111111111111111",c_dcache_baseaddr="0000000000000000000000000000000000000000000000000000000000000000",c_dcache_highaddr="0000000000000000000000000000000000111111111111111111111111111111",c_m_axi_dc_exclusive_access=0,c_m_axi_dp_exclusive_access=0,c_imprecise_exceptions=0,c_ecc_use_ce_exception=0,c_mmu_dtlb_size=4,c_mmu_itlb_size=2,c_mmu_tlb_access=3,c_mmu_zones=16,c_mmu_privileged_instr=0,c_use_btc=false,c_btc_size=0)(1,3)(1,3)\(IMP)' (VHDL-1067)
/opt/Vivado-Design-Tutorials/Design_Flow_Tutorials/IP_Integrator/Lab_1/Lab_1.gen/sources_1/bd/design_1/ipshared/774d/hdl/microblaze_v11_0_vh_rfs.vhd(25543): INFO: executing '\Register_File_gti(c_data_size=32,c_target=virtexuplus,c_use_lutram="yes")(1,3)\(IMP)' (VHDL-1067)
/opt/Vivado-Design-Tutorials/Design_Flow_Tutorials/IP_Integrator/Lab_1/Lab_1.gen/sources_1/bd/design_1/ipshared/774d/hdl/microblaze_v11_0_vh_rfs.vhd(2697): INFO: executing '\MB_RAM32M(c_target=virtexuplus,c_use_lutram="yes")(1,3)\(IMP)' (VHDL-1067)
/opt/Vivado-Design-Tutorials/Design_Flow_Tutorials/IP_Integrator/Lab_1/Lab_1.gen/sources_1/bd/design_1/ipshared/774d/hdl/microblaze_v11_0_vh_rfs.vhd(17556): INFO: executing '\Operand_Select_gti(c_data_size=32,c_addr_size=32,c_imm_data_size=16,c_allow_lut6=true,c_target=virtexuplus,c_exception_addr="0000000000000000000000000000000000000000000000000000000000100000",c_interrupt_addr="0000000000000000000000000000000000000000000000000000000000010000",c_ext_brk_addr="0000000000000000000000000000000000000000000000000000000000011000")\(IMP)' (VHDL-1067)
/opt/Vivado-Design-Tutorials/Design_Flow_Tutorials/IP_Integrator/Lab_1/Lab_1.gen/sources_1/bd/design_1/ipshared/774d/hdl/microblaze_v11_0_vh_rfs.vhd(10400): INFO: executing '\ALU(c_data_size=32,c_allow_lut6=true,c_target=virtexuplus)\(IMP)' (VHDL-1067)
/opt/Vivado-Design-Tutorials/Design_Flow_Tutorials/IP_Integrator/Lab_1/Lab_1.gen/sources_1/bd/design_1/ipshared/774d/hdl/microblaze_v11_0_vh_rfs.vhd(9880): INFO: executing '\ALU_Bit(c_target=virtexuplus,c_allow_lut6=true)\(IMP)' (VHDL-1067)
/opt/Vivado-Design-Tutorials/Design_Flow_Tutorials/IP_Integrator/Lab_1/Lab_1.gen/sources_1/bd/design_1/ipshared/774d/hdl/microblaze_v11_0_vh_rfs.vhd(2296): INFO: executing '\MB_LUT6_2(c_target=virtexuplus,init="0110000001111010101001100111100000000000000000001000100010001000")(0,63)\(IMP)' (VHDL-1067)
/opt/Vivado-Design-Tutorials/Design_Flow_Tutorials/IP_Integrator/Lab_1/Lab_1.gen/sources_1/bd/design_1/ipshared/774d/hdl/microblaze_v11_0_vh_rfs.vhd(9880): INFO: executing '\ALU_Bit(c_target=virtexuplus,c_allow_lut6=true,c_last_bit=true)\(IMP)' (VHDL-1067)
/opt/Vivado-Design-Tutorials/Design_Flow_Tutorials/IP_Integrator/Lab_1/Lab_1.gen/sources_1/bd/design_1/ipshared/774d/hdl/microblaze_v11_0_vh_rfs.vhd(2227): INFO: executing '\MB_LUT6(c_target=virtexuplus,init="0110000001111010101001100111100000000000000000001000100010001000")(0,63)\(IMP)' (VHDL-1067)
/opt/Vivado-Design-Tutorials/Design_Flow_Tutorials/IP_Integrator/Lab_1/Lab_1.gen/sources_1/bd/design_1/ipshared/774d/hdl/microblaze_v11_0_vh_rfs.vhd(2098): INFO: executing '\MB_LUT4(c_target=virtexuplus,init="1111101000001010")(0,15)\(IMP)' (VHDL-1067)
/opt/Vivado-Design-Tutorials/Design_Flow_Tutorials/IP_Integrator/Lab_1/Lab_1.gen/sources_1/bd/design_1/ipshared/774d/hdl/microblaze_v11_0_vh_rfs.vhd(3788): INFO: executing '\MB_MULT_AND(c_target=virtexuplus)\(IMP)' (VHDL-1067)
/opt/Vivado-Design-Tutorials/Design_Flow_Tutorials/IP_Integrator/Lab_1/Lab_1.gen/sources_1/bd/design_1/ipshared/774d/hdl/microblaze_v11_0_vh_rfs.vhd(26743): INFO: executing '\Shift_Logic_Module_gti(c_data_size=32,c_use_pcmp_instr=false,c_allow_lut6=true,c_target=virtexuplus)\(IMP)' (VHDL-1067)
/opt/Vivado-Design-Tutorials/Design_Flow_Tutorials/IP_Integrator/Lab_1/Lab_1.gen/sources_1/bd/design_1/ipshared/774d/hdl/microblaze_v11_0_vh_rfs.vhd(2227): INFO: executing '\MB_LUT6(c_target=rtl,init="1100101010101010110010101010101000000000000000000000000000000000")(0,63)\(IMP)' (VHDL-1067)
/opt/Vivado-Design-Tutorials/Design_Flow_Tutorials/IP_Integrator/Lab_1/Lab_1.gen/sources_1/bd/design_1/ipshared/774d/hdl/microblaze_v11_0_vh_rfs.vhd(2227): INFO: executing '\MB_LUT6(c_target=rtl,init="1100101010101111110010101010000000000000000000000000000000000000")(0,63)\(IMP)' (VHDL-1067)
/opt/Vivado-Design-Tutorials/Design_Flow_Tutorials/IP_Integrator/Lab_1/Lab_1.gen/sources_1/bd/design_1/ipshared/774d/hdl/microblaze_v11_0_vh_rfs.vhd(2227): INFO: executing '\MB_LUT6(c_target=rtl,init="1100101011111111110010100000000000000000000000000000000000000000")(0,63)\(IMP)' (VHDL-1067)
/opt/Vivado-Design-Tutorials/Design_Flow_Tutorials/IP_Integrator/Lab_1/Lab_1.gen/sources_1/bd/design_1/ipshared/774d/hdl/microblaze_v11_0_vh_rfs.vhd(13357): INFO: executing '\mul_unit(c_data_size=32,c_target=virtexuplus,c_use_hw_mul=false)\(IMP)' (VHDL-1067)
/opt/Vivado-Design-Tutorials/Design_Flow_Tutorials/IP_Integrator/Lab_1/Lab_1.gen/sources_1/bd/design_1/ipshared/774d/hdl/microblaze_v11_0_vh_rfs.vhd(28371): INFO: executing '\Barrel_Shifter_gti(c_data_size=32,c_target=virtexuplus,c_allow_lut6=true)\(IMP)' (VHDL-1067)
/opt/Vivado-Design-Tutorials/Design_Flow_Tutorials/IP_Integrator/Lab_1/Lab_1.gen/sources_1/bd/design_1/ipshared/774d/hdl/microblaze_v11_0_vh_rfs.vhd(29240): INFO: executing '\WB_Mux(c_data_size=32,c_daddr_size=32,c_iaddr_size=32,c_target=virtexuplus,c_fsl_exception=false,c_use_exceptions=false,c_use_stack_protection=false,c_use_hw_mul=false,c_use_fpu=false,c_pvr=0)\(IMP)' (VHDL-1067)
/opt/Vivado-Design-Tutorials/Design_Flow_Tutorials/IP_Integrator/Lab_1/Lab_1.gen/sources_1/bd/design_1/ipshared/774d/hdl/microblaze_v11_0_vh_rfs.vhd(29323): WARNING: range is empty (null range) (VHDL-1200)
/opt/Vivado-Design-Tutorials/Design_Flow_Tutorials/IP_Integrator/Lab_1/Lab_1.gen/sources_1/bd/design_1/ipshared/774d/hdl/microblaze_v11_0_vh_rfs.vhd(29009): INFO: executing '\WB_Mux_Bit(c_target=virtexuplus,c_lut_size=6,c_data_width=2)\(IMP)' (VHDL-1067)
/opt/Vivado-Design-Tutorials/Design_Flow_Tutorials/IP_Integrator/Lab_1/Lab_1.gen/sources_1/bd/design_1/ipshared/774d/hdl/microblaze_v11_0_vh_rfs.vhd(27712): INFO: executing '\Zero_Detect_gti(c_data_size=32,c_target=virtexuplus)\(IMP)' (VHDL-1067)
/opt/Vivado-Design-Tutorials/Design_Flow_Tutorials/IP_Integrator/Lab_1/Lab_1.gen/sources_1/bd/design_1/ipshared/774d/hdl/microblaze_v11_0_vh_rfs.vhd(30974): INFO: executing '\Byte_Doublet_Handle_gti(c_data_size=32,c_target=virtexuplus,c_use_reorder_instr=1,c_endianness=1)\(IMP)' (VHDL-1067)
/opt/Vivado-Design-Tutorials/Design_Flow_Tutorials/IP_Integrator/Lab_1/Lab_1.gen/sources_1/bd/design_1/ipshared/774d/hdl/microblaze_v11_0_vh_rfs.vhd(32669): INFO: executing '\Data_Flow_Logic(c_data_size=32,c_fsl_data_size=32,c_target=virtexuplus,c_max_fsl_links=16)\(IMP)' (VHDL-1067)
/opt/Vivado-Design-Tutorials/Design_Flow_Tutorials/IP_Integrator/Lab_1/Lab_1.gen/sources_1/bd/design_1/ipshared/774d/hdl/microblaze_v11_0_vh_rfs.vhd(11332): INFO: executing '\msr_reg_gti(c_data_size=32,c_target=virtexuplus,c_pvr=0,c_use_mmu=0)\(msr_reg)' (VHDL-1067)
/opt/Vivado-Design-Tutorials/Design_Flow_Tutorials/IP_Integrator/Lab_1/Lab_1.gen/sources_1/bd/design_1/ipshared/774d/hdl/microblaze_v11_0_vh_rfs.vhd(2296): INFO: executing '\MB_LUT6_2(c_target=virtexuplus,init="0000000011111111000000001111111111111110111111101111111011111110")(0,63)\(IMP)' (VHDL-1067)
/opt/Vivado-Design-Tutorials/Design_Flow_Tutorials/IP_Integrator/Lab_1/Lab_1.gen/sources_1/bd/design_1/ipshared/774d/hdl/microblaze_v11_0_vh_rfs.vhd(34831): INFO: executing '\exception_registers_gti(c_data_size=32,c_daddr_size=32,c_iaddr_size=32,c_target=virtexuplus,c_allow_lut6=true,c_detect_div_overflow=true,c_max_fsl_links=16,c_use_mmu=0)\(IMP)' (VHDL-1067)
/opt/Vivado-Design-Tutorials/Design_Flow_Tutorials/IP_Integrator/Lab_1/Lab_1.gen/sources_1/bd/design_1/ipshared/774d/hdl/microblaze_v11_0_vh_rfs.vhd(6003): INFO: executing '\mux_bus(c_target=virtexuplus,c_allow_lut6=true,c_size=32)\(IMP)' (VHDL-1067)
/opt/Vivado-Design-Tutorials/Design_Flow_Tutorials/IP_Integrator/Lab_1/Lab_1.gen/sources_1/bd/design_1/ipshared/774d/hdl/microblaze_v11_0_vh_rfs.vhd(2296): INFO: executing '\MB_LUT6_2(c_target=virtexuplus,init="1111111100000000111100001111000011001100110011001010101010101010")(0,63)\(IMP)' (VHDL-1067)
/opt/Vivado-Design-Tutorials/Design_Flow_Tutorials/IP_Integrator/Lab_1/Lab_1.gen/sources_1/bd/design_1/ipshared/774d/hdl/microblaze_v11_0_vh_rfs.vhd(2296): INFO: executing '\MB_LUT6_2(c_target=virtexuplus,init="1001011010010110100101101001011011111111000000001010101010101010")(0,63)\(IMP)' (VHDL-1067)
/opt/Vivado-Design-Tutorials/Design_Flow_Tutorials/IP_Integrator/Lab_1/Lab_1.gen/sources_1/bd/design_1/ipshared/774d/hdl/microblaze_v11_0_vh_rfs.vhd(41741): INFO: executing '\Fpu(c_data_size=32,c_target=virtexuplus,c_use_fpu=0,c_precision=2)(1,3)\(IMP)' (VHDL-1067)
/opt/Vivado-Design-Tutorials/Design_Flow_Tutorials/IP_Integrator/Lab_1/Lab_1.gen/sources_1/bd/design_1/ipshared/774d/hdl/microblaze_v11_0_vh_rfs.vhd(41810): WARNING: range is empty (null range) (VHDL-1200)
/opt/Vivado-Design-Tutorials/Design_Flow_Tutorials/IP_Integrator/Lab_1/Lab_1.gen/sources_1/bd/design_1/ipshared/774d/hdl/microblaze_v11_0_vh_rfs.vhd(41812): WARNING: range is empty (null range) (VHDL-1200)
/opt/Vivado-Design-Tutorials/Design_Flow_Tutorials/IP_Integrator/Lab_1/Lab_1.gen/sources_1/bd/design_1/ipshared/774d/hdl/microblaze_v11_0_vh_rfs.vhd(48549): INFO: executing '\PVR(c_data_size=32,c_daddr_size=32,c_pvr=0,c_mb_version="00100101",c_pvr_user1="00000000",c_fault_tolerant=0,c_endianness=1,c_pvr_user2="00000000000000000000000000000000",c_d_axi=1,c_d_lmb=1,c_i_axi=0,c_i_lmb=1,c_interrupt_is_edge=0,c_edge_is_positive=1,c_interconnect=2,c_use_msr_instr=false,c_use_pcmp_instr=false,c_area_optimized=0,c_use_barrel=false,c_use_div=false,c_use_hw_mul=false,c_use_fpu=0,c_use_reorder_instr=1,c_use_btc=false,c_use_mul64=false,c_ibus_exception=0,c_dbus_exception=0,c_opcode_0x0_illegal=0,c_unaligned_exceptions=0,c_ill_opcode_exception=0,c_div_zero_exception=0,c_fpu_exception=0,c_fsl_exception=0,c_use_stack_protection=0,c_use_extended_fsl_instr=0,c_m_axi_dp_exclusive_access=0,c_imprecise_exceptions=0,c_ecc_use_ce_exception=0,c_debug_enabled=1,c_debug_interface=0,c_number_of_pc_brk=1,c_number_of_rd_addr_brk=0,c_number_of_wr_addr_brk=0,c_debug_event_counters=5,c_debug_latency_counters=1,c_debug_counter_width=32,c_debug_trace_size=8192,c_debug_profile_size=0,c_fsl_links=0,c_btc_size=0,c_use_icache=0,c_addr_tag_bits=17,c_icache_use_fsl=0,c_allow_icache_wr=1,c_icache_line_len=4,c_cache_byte_size=8192,c_icache_always_used=1,c_icache_interface=0,c_icache_streams=0,c_icache_victims=0,c_icache_force_tag_lutram=0,c_icache_data_width=0,c_use_dcache=0,c_dcache_addr_tag=17,c_dcache_use_fsl=0,c_allow_dcache_wr=1,c_dcache_line_len=4,c_dcache_byte_size=8192,c_dcache_always_used=1,c_dcache_interface=0,c_dcache_use_writeback=0,c_dcache_victims=0,c_dcache_force_tag_lutram=0,c_dcache_data_width=0,c_m_axi_dc_exclusive_access=0,c_icache_baseaddr="0000000000000000000000000000000000000000000000000000000000000000",c_icache_highaddr="0000000000000000000000000000000000111111111111111111111111111111",c_dcache_baseaddr="0000000000000000000000000000000000000000000000000000000000000000",c_dcache_highaddr="0000000000000000000000000000000000111111111111111111111111111111",c_target=virtexuplus,c_use_mmu=0,c_mmu_dtlb_size=4,c_mmu_itlb_size=2,c_mmu_tlb_access=3,c_mmu_zones=16,c_mmu_privileged_instr=0,c_reset_msr="000000000000000")\(IMP)' (VHDL-1067)
/opt/Vivado-Design-Tutorials/Design_Flow_Tutorials/IP_Integrator/Lab_1/Lab_1.gen/sources_1/bd/design_1/ipshared/774d/hdl/microblaze_v11_0_vh_rfs.vhd(133569): INFO: executing '\read_data_mux(c_data_size=32,c_use_d_ext=true,c_use_d_lmb=true)\(IMP)' (VHDL-1067)
/opt/Vivado-Design-Tutorials/Design_Flow_Tutorials/IP_Integrator/Lab_1/Lab_1.gen/sources_1/bd/design_1/ipshared/774d/hdl/microblaze_v11_0_vh_rfs.vhd(97715): INFO: executing '\DAXI_interface(c_data_size=32,c_addr_size=32)\(IMP)' (VHDL-1067)
/opt/Vivado-Design-Tutorials/Design_Flow_Tutorials/IP_Integrator/Lab_1/Lab_1.gen/sources_1/bd/design_1/ipshared/774d/hdl/microblaze_v11_0_vh_rfs.vhd(2462): INFO: executing '\MB_AND2B1L(c_target=virtexuplus)\(IMP)' (VHDL-1067)
/opt/Vivado-Design-Tutorials/Design_Flow_Tutorials/IP_Integrator/Lab_1/Lab_1.gen/sources_1/bd/design_1/ipshared/774d/hdl/microblaze_v11_0_vh_rfs.vhd(133021): INFO: executing '\instr_mux(c_instr_size=32,c_target=virtexuplus,c_allow_lut6=true,c_use_i_ext=false,c_use_icache=false,c_debug_enabled=true,c_use_i_lmb=true)\(IMP)' (VHDL-1067)
/opt/Vivado-Design-Tutorials/Design_Flow_Tutorials/IP_Integrator/Lab_1/Lab_1.gen/sources_1/bd/design_1/ipshared/774d/hdl/microblaze_v11_0_vh_rfs.vhd(86260): INFO: executing '\Debug(c_data_size=32,c_instr_size=32,c_daddr_size=32,c_iaddr_size=32,c_use_lutram="yes",c_stream_interconnect=1,c_pvr_user1="00000000",c_pvr_user2="00000000000000000000000000000000",c_mb_version="00100101",c_interconnect=2,c_endianness=1,c_icache_highaddr="0000000000000000000000000000000000111111111111111111111111111111",c_dcache_highaddr="0000000000000000000000000000000000111111111111111111111111111111",c_target=virtexuplus,c_use_config_reset=0,c_use_mmu=0,c_mmu_dtlb_size=4,c_mmu_itlb_size=2,c_mmu_tlb_access=3,c_mmu_zones=16,c_mmu_privileged_instr=0,c_use_stack_protection=0,c_use_reorder_instr=1,c_use_srl16="yes",c_num_sync_ff_clk=2,c_num_sync_ff_clk_debug=2,c_num_sync_ff_dbg_clk=1,c_num_sync_ff_dbg_trace_clk=2)(1,3)(1,3)\(IMP)' (VHDL-1067)
/opt/Vivado-Design-Tutorials/Design_Flow_Tutorials/IP_Integrator/Lab_1/Lab_1.gen/sources_1/bd/design_1/ipshared/774d/hdl/microblaze_v11_0_vh_rfs.vhd(1747): INFO: executing 'xil_scan_reset_control_default(IMP)' (VHDL-1067)
/opt/Vivado-Design-Tutorials/Design_Flow_Tutorials/IP_Integrator/Lab_1/Lab_1.gen/sources_1/bd/design_1/ipshared/774d/hdl/microblaze_v11_0_vh_rfs.vhd(1771): INFO: executing '\MB_SRL16E(c_target=virtexuplus,c_use_srl16="yes",c_static=true,init="0000000000011011")(1,3)(15,0)\(IMP)' (VHDL-1067)
/opt/Vivado-Design-Tutorials/Design_Flow_Tutorials/IP_Integrator/Lab_1/Lab_1.gen/sources_1/bd/design_1/ipshared/774d/hdl/microblaze_v11_0_vh_rfs.vhd(1771): INFO: executing '\MB_SRL16E(c_target=virtexuplus,c_use_srl16="yes",c_static=true)(1,3)(15,0)\(IMP)' (VHDL-1067)
/opt/Vivado-Design-Tutorials/Design_Flow_Tutorials/IP_Integrator/Lab_1/Lab_1.gen/sources_1/bd/design_1/ipshared/774d/hdl/microblaze_v11_0_vh_rfs.vhd(1771): INFO: executing '\MB_SRL16E(c_target=virtexuplus,c_use_srl16="yes",c_static=true,init="1111111111111111")(1,3)(15,0)\(IMP)' (VHDL-1067)
/opt/Vivado-Design-Tutorials/Design_Flow_Tutorials/IP_Integrator/Lab_1/Lab_1.gen/sources_1/bd/design_1/ipshared/774d/hdl/microblaze_v11_0_vh_rfs.vhd(1771): INFO: executing '\MB_SRL16E(c_target=virtexuplus,c_use_srl16="yes",c_static=true,init="0011111111111111")(1,3)(15,0)\(IMP)' (VHDL-1067)
/opt/Vivado-Design-Tutorials/Design_Flow_Tutorials/IP_Integrator/Lab_1/Lab_1.gen/sources_1/bd/design_1/ipshared/774d/hdl/microblaze_v11_0_vh_rfs.vhd(1771): INFO: executing '\MB_SRL16E(c_target=virtexuplus,c_use_srl16="yes",c_static=true,init="0000000001100100")(1,3)(15,0)\(IMP)' (VHDL-1067)
/opt/Vivado-Design-Tutorials/Design_Flow_Tutorials/IP_Integrator/Lab_1/Lab_1.gen/sources_1/bd/design_1/ipshared/774d/hdl/microblaze_v11_0_vh_rfs.vhd(1771): INFO: executing '\MB_SRL16E(c_target=virtexuplus,c_use_srl16="yes",c_static=true,init="0010010100000000")(1,3)(15,0)\(IMP)' (VHDL-1067)
/opt/Vivado-Design-Tutorials/Design_Flow_Tutorials/IP_Integrator/Lab_1/Lab_1.gen/sources_1/bd/design_1/ipshared/774d/hdl/microblaze_v11_0_vh_rfs.vhd(5053): INFO: executing '\mb_sync_vec(c_levels=1,c_reset_synchronous=false,c_width=16)\(IMP)' (VHDL-1067)
/opt/Vivado-Design-Tutorials/Design_Flow_Tutorials/IP_Integrator/Lab_1/Lab_1.gen/sources_1/bd/design_1/ipshared/774d/hdl/microblaze_v11_0_vh_rfs.vhd(4885): INFO: executing '\mb_sync_bit(c_levels=1,c_reset_synchronous=false)\(IMP)' (VHDL-1067)
/opt/Vivado-Design-Tutorials/Design_Flow_Tutorials/IP_Integrator/Lab_1/Lab_1.gen/sources_1/bd/design_1/ipshared/774d/hdl/microblaze_v11_0_vh_rfs.vhd(4885): INFO: executing '\mb_sync_bit(c_levels=1)\(IMP)' (VHDL-1067)
/opt/Vivado-Design-Tutorials/Design_Flow_Tutorials/IP_Integrator/Lab_1/Lab_1.gen/sources_1/bd/design_1/ipshared/774d/hdl/microblaze_v11_0_vh_rfs.vhd(5053): INFO: executing '\mb_sync_vec(c_width=10)\(IMP)' (VHDL-1067)
/opt/Vivado-Design-Tutorials/Design_Flow_Tutorials/IP_Integrator/Lab_1/Lab_1.gen/sources_1/bd/design_1/ipshared/774d/hdl/microblaze_v11_0_vh_rfs.vhd(85711): INFO: executing '\address_hit(c_target=virtexuplus,c_use_config_reset=0,c_first=true,c_use_srl16="yes")(1,3)\(IMP)' (VHDL-1067)
/opt/Vivado-Design-Tutorials/Design_Flow_Tutorials/IP_Integrator/Lab_1/Lab_1.gen/sources_1/bd/design_1/ipshared/774d/hdl/microblaze_v11_0_vh_rfs.vhd(1850): INFO: executing '\MB_SRLC16E(c_target=virtexuplus,c_use_config_reset=0,c_use_srl16="yes")(1,3)(0,15)\(IMP)' (VHDL-1067)
/opt/Vivado-Design-Tutorials/Design_Flow_Tutorials/IP_Integrator/Lab_1/Lab_1.gen/sources_1/bd/design_1/ipshared/774d/hdl/microblaze_v11_0_vh_rfs.vhd(136998): INFO: executing '\MMU(c_data_size=32,c_daddr_size=32,c_iaddr_size=32,c_piaddr_size=32,c_target=virtexuplus,c_allow_lut6=true,c_mmu_dtlb_size=4,c_mmu_itlb_size=2,c_mmu_tlb_read=false,c_mmu_tlb_write=false,c_use_lutram="yes")(1,3)\(IMP)' (VHDL-1067)
/opt/Vivado-Design-Tutorials/Design_Flow_Tutorials/IP_Integrator/Lab_1/Lab_1.gen/sources_1/bd/design_1/ipshared/774d/hdl/microblaze_v11_0_vh_rfs.vhd(1930): ERROR: formal generic 'c_target' has no actual or default value (VHDL-1769)
/opt/Vivado-Design-Tutorials/Design_Flow_Tutorials/IP_Integrator/Lab_1/Lab_1.gen/sources_1/bd/design_1/ipshared/774d/hdl/microblaze_v11_0_vh_rfs.vhd(1928): INFO: executing 'MB_LUT1_default(IMP)' (VHDL-1067)
/opt/Vivado-Design-Tutorials/Design_Flow_Tutorials/IP_Integrator/Lab_1/Lab_1.gen/sources_1/bd/design_1/ipshared/774d/hdl/microblaze_v11_0_vh_rfs.vhd(1945): ERROR: generate condition is not constant (VHDL-1089)
/opt/Vivado-Design-Tutorials/Design_Flow_Tutorials/IP_Integrator/Lab_1/Lab_1.gen/sources_1/bd/design_1/ipshared/774d/hdl/microblaze_v11_0_vh_rfs.vhd(1958): ERROR: generate condition is not constant (VHDL-1089)
/opt/Vivado-Design-Tutorials/Design_Flow_Tutorials/IP_Integrator/Lab_1/Lab_1.gen/sources_1/bd/design_1/ipshared/774d/hdl/microblaze_v11_0_vh_rfs.vhd(1930): ERROR: formal generic 'c_target' has no actual or default value (VHDL-1769)
/opt/Vivado-Design-Tutorials/Design_Flow_Tutorials/IP_Integrator/Lab_1/Lab_1.gen/sources_1/bd/design_1/ipshared/774d/hdl/microblaze_v11_0_vh_rfs.vhd(2422): ERROR: formal generic 'c_target' has no actual or default value (VHDL-1769)
/opt/Vivado-Design-Tutorials/Design_Flow_Tutorials/IP_Integrator/Lab_1/Lab_1.gen/sources_1/bd/design_1/ipshared/774d/hdl/microblaze_v11_0_vh_rfs.vhd(2420): INFO: executing 'MB_XORCY_default(IMP)' (VHDL-1067)
/opt/Vivado-Design-Tutorials/Design_Flow_Tutorials/IP_Integrator/Lab_1/Lab_1.gen/sources_1/bd/design_1/ipshared/774d/hdl/microblaze_v11_0_vh_rfs.vhd(2437): ERROR: generate condition is not constant (VHDL-1089)
/opt/Vivado-Design-Tutorials/Design_Flow_Tutorials/IP_Integrator/Lab_1/Lab_1.gen/sources_1/bd/design_1/ipshared/774d/hdl/microblaze_v11_0_vh_rfs.vhd(2442): ERROR: generate condition is not constant (VHDL-1089)
/opt/Vivado-Design-Tutorials/Design_Flow_Tutorials/IP_Integrator/Lab_1/Lab_1.gen/sources_1/bd/design_1/ipshared/774d/hdl/microblaze_v11_0_vh_rfs.vhd(2422): ERROR: formal generic 'c_target' has no actual or default value (VHDL-1769)
/opt/Vivado-Design-Tutorials/Design_Flow_Tutorials/IP_Integrator/Lab_1/Lab_1.gen/sources_1/bd/design_1/ipshared/774d/hdl/microblaze_v11_0_vh_rfs.vhd(2515): ERROR: formal generic 'c_target' has no actual or default value (VHDL-1769)
/opt/Vivado-Design-Tutorials/Design_Flow_Tutorials/IP_Integrator/Lab_1/Lab_1.gen/sources_1/bd/design_1/ipshared/774d/hdl/microblaze_v11_0_vh_rfs.vhd(2513): INFO: executing 'MB_OR2L_default(IMP)' (VHDL-1067)
/opt/Vivado-Design-Tutorials/Design_Flow_Tutorials/IP_Integrator/Lab_1/Lab_1.gen/sources_1/bd/design_1/ipshared/774d/hdl/microblaze_v11_0_vh_rfs.vhd(2531): ERROR: generate condition is not constant (VHDL-1089)
/opt/Vivado-Design-Tutorials/Design_Flow_Tutorials/IP_Integrator/Lab_1/Lab_1.gen/sources_1/bd/design_1/ipshared/774d/hdl/microblaze_v11_0_vh_rfs.vhd(2541): ERROR: generate condition is not constant (VHDL-1089)
/opt/Vivado-Design-Tutorials/Design_Flow_Tutorials/IP_Integrator/Lab_1/Lab_1.gen/sources_1/bd/design_1/ipshared/774d/hdl/microblaze_v11_0_vh_rfs.vhd(2515): ERROR: formal generic 'c_target' has no actual or default value (VHDL-1769)
/opt/Vivado-Design-Tutorials/Design_Flow_Tutorials/IP_Integrator/Lab_1/Lab_1.gen/sources_1/bd/design_1/ipshared/774d/hdl/microblaze_v11_0_vh_rfs.vhd(2610): ERROR: formal generic 'c_target' has no actual or default value (VHDL-1769)
/opt/Vivado-Design-Tutorials/Design_Flow_Tutorials/IP_Integrator/Lab_1/Lab_1.gen/sources_1/bd/design_1/ipshared/774d/hdl/microblaze_v11_0_vh_rfs.vhd(2608): INFO: executing 'MB_MUXF8_default(IMP)' (VHDL-1067)
/opt/Vivado-Design-Tutorials/Design_Flow_Tutorials/IP_Integrator/Lab_1/Lab_1.gen/sources_1/bd/design_1/ipshared/774d/hdl/microblaze_v11_0_vh_rfs.vhd(2626): ERROR: generate condition is not constant (VHDL-1089)
/opt/Vivado-Design-Tutorials/Design_Flow_Tutorials/IP_Integrator/Lab_1/Lab_1.gen/sources_1/bd/design_1/ipshared/774d/hdl/microblaze_v11_0_vh_rfs.vhd(2631): ERROR: generate condition is not constant (VHDL-1089)
/opt/Vivado-Design-Tutorials/Design_Flow_Tutorials/IP_Integrator/Lab_1/Lab_1.gen/sources_1/bd/design_1/ipshared/774d/hdl/microblaze_v11_0_vh_rfs.vhd(2610): ERROR: formal generic 'c_target' has no actual or default value (VHDL-1769)
/opt/Vivado-Design-Tutorials/Design_Flow_Tutorials/IP_Integrator/Lab_1/Lab_1.gen/sources_1/bd/design_1/ipshared/774d/hdl/microblaze_v11_0_vh_rfs.vhd(2654): ERROR: formal generic 'c_target' has no actual or default value (VHDL-1769)
/opt/Vivado-Design-Tutorials/Design_Flow_Tutorials/IP_Integrator/Lab_1/Lab_1.gen/sources_1/bd/design_1/ipshared/774d/hdl/microblaze_v11_0_vh_rfs.vhd(2652): INFO: executing 'MB_MUXF9_default(IMP)' (VHDL-1067)
/opt/Vivado-Design-Tutorials/Design_Flow_Tutorials/IP_Integrator/Lab_1/Lab_1.gen/sources_1/bd/design_1/ipshared/774d/hdl/microblaze_v11_0_vh_rfs.vhd(2670): ERROR: generate condition is not constant (VHDL-1089)
/opt/Vivado-Design-Tutorials/Design_Flow_Tutorials/IP_Integrator/Lab_1/Lab_1.gen/sources_1/bd/design_1/ipshared/774d/hdl/microblaze_v11_0_vh_rfs.vhd(2675): ERROR: generate condition is not constant (VHDL-1089)
/opt/Vivado-Design-Tutorials/Design_Flow_Tutorials/IP_Integrator/Lab_1/Lab_1.gen/sources_1/bd/design_1/ipshared/774d/hdl/microblaze_v11_0_vh_rfs.vhd(2654): ERROR: formal generic 'c_target' has no actual or default value (VHDL-1769)
/opt/Vivado-Design-Tutorials/Design_Flow_Tutorials/IP_Integrator/Lab_1/Lab_1.gen/sources_1/bd/design_1/ipshared/774d/hdl/microblaze_v11_0_vh_rfs.vhd(7019): ERROR: formal generic 'c_target' has no actual or default value (VHDL-1769)
/opt/Vivado-Design-Tutorials/Design_Flow_Tutorials/IP_Integrator/Lab_1/Lab_1.gen/sources_1/bd/design_1/ipshared/774d/hdl/microblaze_v11_0_vh_rfs.vhd(7017): INFO: executing 'carry_and_bs_default(IMP)' (VHDL-1067)
/opt/Vivado-Design-Tutorials/Design_Flow_Tutorials/IP_Integrator/Lab_1/Lab_1.gen/sources_1/bd/design_1/ipshared/774d/hdl/microblaze_v11_0_vh_rfs.vhd(7032): ERROR: formal generic 'c_target' has no actual or default value (VHDL-1769)
/opt/Vivado-Design-Tutorials/Design_Flow_Tutorials/IP_Integrator/Lab_1/Lab_1.gen/sources_1/bd/design_1/ipshared/774d/hdl/microblaze_v11_0_vh_rfs.vhd(6960): ERROR: formal generic 'c_target' has no actual or default value (VHDL-1769)
/opt/Vivado-Design-Tutorials/Design_Flow_Tutorials/IP_Integrator/Lab_1/Lab_1.gen/sources_1/bd/design_1/ipshared/774d/hdl/microblaze_v11_0_vh_rfs.vhd(6960): ERROR: formal generic 'c_target' has no actual or default value (VHDL-1769)
/opt/Vivado-Design-Tutorials/Design_Flow_Tutorials/IP_Integrator/Lab_1/Lab_1.gen/sources_1/bd/design_1/ipshared/774d/hdl/microblaze_v11_0_vh_rfs.vhd(6958): INFO: executing 'carry_and_default(IMP)' (VHDL-1067)
/opt/Vivado-Design-Tutorials/Design_Flow_Tutorials/IP_Integrator/Lab_1/Lab_1.gen/sources_1/bd/design_1/ipshared/774d/hdl/microblaze_v11_0_vh_rfs.vhd(6972): ERROR: formal generic 'c_target' has no actual or default value (VHDL-1769)
/opt/Vivado-Design-Tutorials/Design_Flow_Tutorials/IP_Integrator/Lab_1/Lab_1.gen/sources_1/bd/design_1/ipshared/774d/hdl/microblaze_v11_0_vh_rfs.vhd(2378): ERROR: formal generic 'c_target' has no actual or default value (VHDL-1769)
/opt/Vivado-Design-Tutorials/Design_Flow_Tutorials/IP_Integrator/Lab_1/Lab_1.gen/sources_1/bd/design_1/ipshared/774d/hdl/microblaze_v11_0_vh_rfs.vhd(2378): ERROR: formal generic 'c_target' has no actual or default value (VHDL-1769)
/opt/Vivado-Design-Tutorials/Design_Flow_Tutorials/IP_Integrator/Lab_1/Lab_1.gen/sources_1/bd/design_1/ipshared/774d/hdl/microblaze_v11_0_vh_rfs.vhd(2376): INFO: executing 'MB_MUXCY_default(IMP)' (VHDL-1067)
/opt/Vivado-Design-Tutorials/Design_Flow_Tutorials/IP_Integrator/Lab_1/Lab_1.gen/sources_1/bd/design_1/ipshared/774d/hdl/microblaze_v11_0_vh_rfs.vhd(2394): ERROR: generate condition is not constant (VHDL-1089)
/opt/Vivado-Design-Tutorials/Design_Flow_Tutorials/IP_Integrator/Lab_1/Lab_1.gen/sources_1/bd/design_1/ipshared/774d/hdl/microblaze_v11_0_vh_rfs.vhd(2399): ERROR: generate condition is not constant (VHDL-1089)
/opt/Vivado-Design-Tutorials/Design_Flow_Tutorials/IP_Integrator/Lab_1/Lab_1.gen/sources_1/bd/design_1/ipshared/774d/hdl/microblaze_v11_0_vh_rfs.vhd(7019): ERROR: formal generic 'c_target' has no actual or default value (VHDL-1769)
/opt/Vivado-Design-Tutorials/Design_Flow_Tutorials/IP_Integrator/Lab_1/Lab_1.gen/sources_1/bd/design_1/ipshared/774d/hdl/microblaze_v11_0_vh_rfs.vhd(7481): ERROR: formal generic 'c_target' has no actual or default value (VHDL-1769)
/opt/Vivado-Design-Tutorials/Design_Flow_Tutorials/IP_Integrator/Lab_1/Lab_1.gen/sources_1/bd/design_1/ipshared/774d/hdl/microblaze_v11_0_vh_rfs.vhd(7479): INFO: executing 'carry_or_bs_default(IMP)' (VHDL-1067)
/opt/Vivado-Design-Tutorials/Design_Flow_Tutorials/IP_Integrator/Lab_1/Lab_1.gen/sources_1/bd/design_1/ipshared/774d/hdl/microblaze_v11_0_vh_rfs.vhd(7494): ERROR: formal generic 'c_target' has no actual or default value (VHDL-1769)
/opt/Vivado-Design-Tutorials/Design_Flow_Tutorials/IP_Integrator/Lab_1/Lab_1.gen/sources_1/bd/design_1/ipshared/774d/hdl/microblaze_v11_0_vh_rfs.vhd(7421): ERROR: formal generic 'c_target' has no actual or default value (VHDL-1769)
/opt/Vivado-Design-Tutorials/Design_Flow_Tutorials/IP_Integrator/Lab_1/Lab_1.gen/sources_1/bd/design_1/ipshared/774d/hdl/microblaze_v11_0_vh_rfs.vhd(7421): ERROR: formal generic 'c_target' has no actual or default value (VHDL-1769)
/opt/Vivado-Design-Tutorials/Design_Flow_Tutorials/IP_Integrator/Lab_1/Lab_1.gen/sources_1/bd/design_1/ipshared/774d/hdl/microblaze_v11_0_vh_rfs.vhd(7419): INFO: executing 'carry_or_default(IMP)' (VHDL-1067)
/opt/Vivado-Design-Tutorials/Design_Flow_Tutorials/IP_Integrator/Lab_1/Lab_1.gen/sources_1/bd/design_1/ipshared/774d/hdl/microblaze_v11_0_vh_rfs.vhd(7433): ERROR: formal generic 'c_target' has no actual or default value (VHDL-1769)
/opt/Vivado-Design-Tutorials/Design_Flow_Tutorials/IP_Integrator/Lab_1/Lab_1.gen/sources_1/bd/design_1/ipshared/774d/hdl/microblaze_v11_0_vh_rfs.vhd(2378): ERROR: formal generic 'c_target' has no actual or default value (VHDL-1769)
/opt/Vivado-Design-Tutorials/Design_Flow_Tutorials/IP_Integrator/Lab_1/Lab_1.gen/sources_1/bd/design_1/ipshared/774d/hdl/microblaze_v11_0_vh_rfs.vhd(2378): ERROR: formal generic 'c_target' has no actual or default value (VHDL-1769)
/opt/Vivado-Design-Tutorials/Design_Flow_Tutorials/IP_Integrator/Lab_1/Lab_1.gen/sources_1/bd/design_1/ipshared/774d/hdl/microblaze_v11_0_vh_rfs.vhd(7481): ERROR: formal generic 'c_target' has no actual or default value (VHDL-1769)
/opt/Vivado-Design-Tutorials/Design_Flow_Tutorials/IP_Integrator/Lab_1/Lab_1.gen/sources_1/bd/design_1/ipshared/774d/hdl/microblaze_v11_0_vh_rfs.vhd(8262): ERROR: formal generic 'c_target' has no actual or default value (VHDL-1769)
/opt/Vivado-Design-Tutorials/Design_Flow_Tutorials/IP_Integrator/Lab_1/Lab_1.gen/sources_1/bd/design_1/ipshared/774d/hdl/microblaze_v11_0_vh_rfs.vhd(8263): ERROR: formal generic 'size' has no actual or default value (VHDL-1769)
/opt/Vivado-Design-Tutorials/Design_Flow_Tutorials/IP_Integrator/Lab_1/Lab_1.gen/sources_1/bd/design_1/ipshared/774d/hdl/microblaze_v11_0_vh_rfs.vhd(8260): INFO: executing 'carry_compare_mask_bool_default(IMP)' (VHDL-1067)
/opt/Vivado-Design-Tutorials/Design_Flow_Tutorials/IP_Integrator/Lab_1/Lab_1.gen/sources_1/bd/design_1/ipshared/774d/hdl/microblaze_v11_0_vh_rfs.vhd(8279): ERROR: formal generic 'c_target' has no actual or default value (VHDL-1769)
/opt/Vivado-Design-Tutorials/Design_Flow_Tutorials/IP_Integrator/Lab_1/Lab_1.gen/sources_1/bd/design_1/ipshared/774d/hdl/microblaze_v11_0_vh_rfs.vhd(8280): ERROR: formal generic 'size' has no actual or default value (VHDL-1769)
/opt/Vivado-Design-Tutorials/Design_Flow_Tutorials/IP_Integrator/Lab_1/Lab_1.gen/sources_1/bd/design_1/ipshared/774d/hdl/microblaze_v11_0_vh_rfs.vhd(8173): ERROR: formal generic 'c_target' has no actual or default value (VHDL-1769)
/opt/Vivado-Design-Tutorials/Design_Flow_Tutorials/IP_Integrator/Lab_1/Lab_1.gen/sources_1/bd/design_1/ipshared/774d/hdl/microblaze_v11_0_vh_rfs.vhd(8175): ERROR: formal generic 'size' has no actual or default value (VHDL-1769)
/opt/Vivado-Design-Tutorials/Design_Flow_Tutorials/IP_Integrator/Lab_1/Lab_1.gen/sources_1/bd/design_1/ipshared/774d/hdl/microblaze_v11_0_vh_rfs.vhd(8173): ERROR: formal generic 'c_target' has no actual or default value (VHDL-1769)
/opt/Vivado-Design-Tutorials/Design_Flow_Tutorials/IP_Integrator/Lab_1/Lab_1.gen/sources_1/bd/design_1/ipshared/774d/hdl/microblaze_v11_0_vh_rfs.vhd(8175): ERROR: formal generic 'size' has no actual or default value (VHDL-1769)
/opt/Vivado-Design-Tutorials/Design_Flow_Tutorials/IP_Integrator/Lab_1/Lab_1.gen/sources_1/bd/design_1/ipshared/774d/hdl/microblaze_v11_0_vh_rfs.vhd(8171): INFO: executing 'carry_compare_mask_default(IMP)' (VHDL-1067)
/opt/Vivado-Design-Tutorials/Design_Flow_Tutorials/IP_Integrator/Lab_1/Lab_1.gen/sources_1/bd/design_1/ipshared/774d/hdl/microblaze_v11_0_vh_rfs.vhd(8262): ERROR: formal generic 'c_target' has no actual or default value (VHDL-1769)
/opt/Vivado-Design-Tutorials/Design_Flow_Tutorials/IP_Integrator/Lab_1/Lab_1.gen/sources_1/bd/design_1/ipshared/774d/hdl/microblaze_v11_0_vh_rfs.vhd(8263): ERROR: formal generic 'size' has no actual or default value (VHDL-1769)
/opt/Vivado-Design-Tutorials/Design_Flow_Tutorials/IP_Integrator/Lab_1/Lab_1.gen/sources_1/bd/design_1/ipshared/774d/hdl/microblaze_v11_0_vh_rfs.vhd(9249): ERROR: formal generic 'c_target' has no actual or default value (VHDL-1769)
/opt/Vivado-Design-Tutorials/Design_Flow_Tutorials/IP_Integrator/Lab_1/Lab_1.gen/sources_1/bd/design_1/ipshared/774d/hdl/microblaze_v11_0_vh_rfs.vhd(9250): ERROR: formal generic 'd_size' has no actual or default value (VHDL-1769)
/opt/Vivado-Design-Tutorials/Design_Flow_Tutorials/IP_Integrator/Lab_1/Lab_1.gen/sources_1/bd/design_1/ipshared/774d/hdl/microblaze_v11_0_vh_rfs.vhd(9247): INFO: executing 'mux4_default(IMP)' (VHDL-1067)
/opt/Vivado-Design-Tutorials/Design_Flow_Tutorials/IP_Integrator/Lab_1/Lab_1.gen/sources_1/bd/design_1/ipshared/774d/hdl/microblaze_v11_0_vh_rfs.vhd(9249): ERROR: formal generic 'c_target' has no actual or default value (VHDL-1769)
/opt/Vivado-Design-Tutorials/Design_Flow_Tutorials/IP_Integrator/Lab_1/Lab_1.gen/sources_1/bd/design_1/ipshared/774d/hdl/microblaze_v11_0_vh_rfs.vhd(9250): ERROR: formal generic 'd_size' has no actual or default value (VHDL-1769)
/opt/Vivado-Design-Tutorials/Design_Flow_Tutorials/IP_Integrator/Lab_1/Lab_1.gen/sources_1/bd/design_1/ipshared/774d/hdl/microblaze_v11_0_vh_rfs.vhd(9584): ERROR: formal generic 'c_target' has no actual or default value (VHDL-1769)
/opt/Vivado-Design-Tutorials/Design_Flow_Tutorials/IP_Integrator/Lab_1/Lab_1.gen/sources_1/bd/design_1/ipshared/774d/hdl/microblaze_v11_0_vh_rfs.vhd(9585): ERROR: formal generic 'c_use_srl16' has no actual or default value (VHDL-1769)
/opt/Vivado-Design-Tutorials/Design_Flow_Tutorials/IP_Integrator/Lab_1/Lab_1.gen/sources_1/bd/design_1/ipshared/774d/hdl/microblaze_v11_0_vh_rfs.vhd(9582): INFO: executing 'srl_fifo_default(IMP)' (VHDL-1067)
/opt/Vivado-Design-Tutorials/Design_Flow_Tutorials/IP_Integrator/Lab_1/Lab_1.gen/sources_1/bd/design_1/ipshared/774d/hdl/microblaze_v11_0_vh_rfs.vhd(9630): ERROR: formal generic 'c_target' has no actual or default value (VHDL-1769)
/opt/Vivado-Design-Tutorials/Design_Flow_Tutorials/IP_Integrator/Lab_1/Lab_1.gen/sources_1/bd/design_1/ipshared/774d/hdl/microblaze_v11_0_vh_rfs.vhd(3447): ERROR: formal generic 'c_target' has no actual or default value (VHDL-1769)
/opt/Vivado-Design-Tutorials/Design_Flow_Tutorials/IP_Integrator/Lab_1/Lab_1.gen/sources_1/bd/design_1/ipshared/774d/hdl/microblaze_v11_0_vh_rfs.vhd(3447): ERROR: formal generic 'c_target' has no actual or default value (VHDL-1769)
/opt/Vivado-Design-Tutorials/Design_Flow_Tutorials/IP_Integrator/Lab_1/Lab_1.gen/sources_1/bd/design_1/ipshared/774d/hdl/microblaze_v11_0_vh_rfs.vhd(3445): INFO: executing 'MB_FDRE_default(IMP)' (VHDL-1067)
/opt/Vivado-Design-Tutorials/Design_Flow_Tutorials/IP_Integrator/Lab_1/Lab_1.gen/sources_1/bd/design_1/ipshared/774d/hdl/microblaze_v11_0_vh_rfs.vhd(3465): ERROR: generate condition is not constant (VHDL-1089)
/opt/Vivado-Design-Tutorials/Design_Flow_Tutorials/IP_Integrator/Lab_1/Lab_1.gen/sources_1/bd/design_1/ipshared/774d/hdl/microblaze_v11_0_vh_rfs.vhd(3489): ERROR: generate condition is not constant (VHDL-1089)
/opt/Vivado-Design-Tutorials/Design_Flow_Tutorials/IP_Integrator/Lab_1/Lab_1.gen/sources_1/bd/design_1/ipshared/774d/hdl/microblaze_v11_0_vh_rfs.vhd(9617): ERROR: formal generic 'c_target' has no actual or default value (VHDL-1769)
/opt/Vivado-Design-Tutorials/Design_Flow_Tutorials/IP_Integrator/Lab_1/Lab_1.gen/sources_1/bd/design_1/ipshared/774d/hdl/microblaze_v11_0_vh_rfs.vhd(4555): ERROR: formal generic 'c_target' has no actual or default value (VHDL-1769)
/opt/Vivado-Design-Tutorials/Design_Flow_Tutorials/IP_Integrator/Lab_1/Lab_1.gen/sources_1/bd/design_1/ipshared/774d/hdl/microblaze_v11_0_vh_rfs.vhd(4555): ERROR: formal generic 'c_target' has no actual or default value (VHDL-1769)
/opt/Vivado-Design-Tutorials/Design_Flow_Tutorials/IP_Integrator/Lab_1/Lab_1.gen/sources_1/bd/design_1/ipshared/774d/hdl/microblaze_v11_0_vh_rfs.vhd(4553): INFO: executing 'MB_MUXCY_XORCY_default(IMP)' (VHDL-1067)
/opt/Vivado-Design-Tutorials/Design_Flow_Tutorials/IP_Integrator/Lab_1/Lab_1.gen/sources_1/bd/design_1/ipshared/774d/hdl/microblaze_v11_0_vh_rfs.vhd(4572): ERROR: generate condition is not constant (VHDL-1089)
/opt/Vivado-Design-Tutorials/Design_Flow_Tutorials/IP_Integrator/Lab_1/Lab_1.gen/sources_1/bd/design_1/ipshared/774d/hdl/microblaze_v11_0_vh_rfs.vhd(4578): ERROR: generate condition is not constant (VHDL-1089)
/opt/Vivado-Design-Tutorials/Design_Flow_Tutorials/IP_Integrator/Lab_1/Lab_1.gen/sources_1/bd/design_1/ipshared/774d/hdl/microblaze_v11_0_vh_rfs.vhd(9630): ERROR: formal generic 'c_target' has no actual or default value (VHDL-1769)
/opt/Vivado-Design-Tutorials/Design_Flow_Tutorials/IP_Integrator/Lab_1/Lab_1.gen/sources_1/bd/design_1/ipshared/774d/hdl/microblaze_v11_0_vh_rfs.vhd(3447): ERROR: formal generic 'c_target' has no actual or default value (VHDL-1769)
/opt/Vivado-Design-Tutorials/Design_Flow_Tutorials/IP_Integrator/Lab_1/Lab_1.gen/sources_1/bd/design_1/ipshared/774d/hdl/microblaze_v11_0_vh_rfs.vhd(3447): ERROR: formal generic 'c_target' has no actual or default value (VHDL-1769)
/opt/Vivado-Design-Tutorials/Design_Flow_Tutorials/IP_Integrator/Lab_1/Lab_1.gen/sources_1/bd/design_1/ipshared/774d/hdl/microblaze_v11_0_vh_rfs.vhd(9617): ERROR: formal generic 'c_target' has no actual or default value (VHDL-1769)
/opt/Vivado-Design-Tutorials/Design_Flow_Tutorials/IP_Integrator/Lab_1/Lab_1.gen/sources_1/bd/design_1/ipshared/774d/hdl/microblaze_v11_0_vh_rfs.vhd(4555): ERROR: formal generic 'c_target' has no actual or default value (VHDL-1769)
/opt/Vivado-Design-Tutorials/Design_Flow_Tutorials/IP_Integrator/Lab_1/Lab_1.gen/sources_1/bd/design_1/ipshared/774d/hdl/microblaze_v11_0_vh_rfs.vhd(4555): ERROR: formal generic 'c_target' has no actual or default value (VHDL-1769)
/opt/Vivado-Design-Tutorials/Design_Flow_Tutorials/IP_Integrator/Lab_1/Lab_1.gen/sources_1/bd/design_1/ipshared/774d/hdl/microblaze_v11_0_vh_rfs.vhd(9630): ERROR: formal generic 'c_target' has no actual or default value (VHDL-1769)
/opt/Vivado-Design-Tutorials/Design_Flow_Tutorials/IP_Integrator/Lab_1/Lab_1.gen/sources_1/bd/design_1/ipshared/774d/hdl/microblaze_v11_0_vh_rfs.vhd(3447): ERROR: formal generic 'c_target' has no actual or default value (VHDL-1769)
/opt/Vivado-Design-Tutorials/Design_Flow_Tutorials/IP_Integrator/Lab_1/Lab_1.gen/sources_1/bd/design_1/ipshared/774d/hdl/microblaze_v11_0_vh_rfs.vhd(3447): ERROR: formal generic 'c_target' has no actual or default value (VHDL-1769)
/opt/Vivado-Design-Tutorials/Design_Flow_Tutorials/IP_Integrator/Lab_1/Lab_1.gen/sources_1/bd/design_1/ipshared/774d/hdl/microblaze_v11_0_vh_rfs.vhd(9617): ERROR: formal generic 'c_target' has no actual or default value (VHDL-1769)
/opt/Vivado-Design-Tutorials/Design_Flow_Tutorials/IP_Integrator/Lab_1/Lab_1.gen/sources_1/bd/design_1/ipshared/774d/hdl/microblaze_v11_0_vh_rfs.vhd(4555): ERROR: formal generic 'c_target' has no actual or default value (VHDL-1769)
/opt/Vivado-Design-Tutorials/Design_Flow_Tutorials/IP_Integrator/Lab_1/Lab_1.gen/sources_1/bd/design_1/ipshared/774d/hdl/microblaze_v11_0_vh_rfs.vhd(4555): ERROR: formal generic 'c_target' has no actual or default value (VHDL-1769)
/opt/Vivado-Design-Tutorials/Design_Flow_Tutorials/IP_Integrator/Lab_1/Lab_1.gen/sources_1/bd/design_1/ipshared/774d/hdl/microblaze_v11_0_vh_rfs.vhd(9630): ERROR: formal generic 'c_target' has no actual or default value (VHDL-1769)
/opt/Vivado-Design-Tutorials/Design_Flow_Tutorials/IP_Integrator/Lab_1/Lab_1.gen/sources_1/bd/design_1/ipshared/774d/hdl/microblaze_v11_0_vh_rfs.vhd(3447): ERROR: formal generic 'c_target' has no actual or default value (VHDL-1769)
/opt/Vivado-Design-Tutorials/Design_Flow_Tutorials/IP_Integrator/Lab_1/Lab_1.gen/sources_1/bd/design_1/ipshared/774d/hdl/microblaze_v11_0_vh_rfs.vhd(3447): ERROR: formal generic 'c_target' has no actual or default value (VHDL-1769)
/opt/Vivado-Design-Tutorials/Design_Flow_Tutorials/IP_Integrator/Lab_1/Lab_1.gen/sources_1/bd/design_1/ipshared/774d/hdl/microblaze_v11_0_vh_rfs.vhd(9617): ERROR: formal generic 'c_target' has no actual or default value (VHDL-1769)
/opt/Vivado-Design-Tutorials/Design_Flow_Tutorials/IP_Integrator/Lab_1/Lab_1.gen/sources_1/bd/design_1/ipshared/774d/hdl/microblaze_v11_0_vh_rfs.vhd(4555): ERROR: formal generic 'c_target' has no actual or default value (VHDL-1769)
/opt/Vivado-Design-Tutorials/Design_Flow_Tutorials/IP_Integrator/Lab_1/Lab_1.gen/sources_1/bd/design_1/ipshared/774d/hdl/microblaze_v11_0_vh_rfs.vhd(4555): ERROR: formal generic 'c_target' has no actual or default value (VHDL-1769)
/opt/Vivado-Design-Tutorials/Design_Flow_Tutorials/IP_Integrator/Lab_1/Lab_1.gen/sources_1/bd/design_1/ipshared/774d/hdl/microblaze_v11_0_vh_rfs.vhd(9630): ERROR: formal generic 'c_target' has no actual or default value (VHDL-1769)
/opt/Vivado-Design-Tutorials/Design_Flow_Tutorials/IP_Integrator/Lab_1/Lab_1.gen/sources_1/bd/design_1/ipshared/774d/hdl/microblaze_v11_0_vh_rfs.vhd(3447): ERROR: formal generic 'c_target' has no actual or default value (VHDL-1769)
/opt/Vivado-Design-Tutorials/Design_Flow_Tutorials/IP_Integrator/Lab_1/Lab_1.gen/sources_1/bd/design_1/ipshared/774d/hdl/microblaze_v11_0_vh_rfs.vhd(3447): ERROR: formal generic 'c_target' has no actual or default value (VHDL-1769)
/opt/Vivado-Design-Tutorials/Design_Flow_Tutorials/IP_Integrator/Lab_1/Lab_1.gen/sources_1/bd/design_1/ipshared/774d/hdl/microblaze_v11_0_vh_rfs.vhd(9644): ERROR: formal generic 'c_target' has no actual or default value (VHDL-1769)
/opt/Vivado-Design-Tutorials/Design_Flow_Tutorials/IP_Integrator/Lab_1/Lab_1.gen/sources_1/bd/design_1/ipshared/774d/hdl/microblaze_v11_0_vh_rfs.vhd(9645): ERROR: formal generic 'c_use_srl16' has no actual or default value (VHDL-1769)
/opt/Vivado-Design-Tutorials/Design_Flow_Tutorials/IP_Integrator/Lab_1/Lab_1.gen/sources_1/bd/design_1/ipshared/774d/hdl/microblaze_v11_0_vh_rfs.vhd(1773): ERROR: formal generic 'c_target' has no actual or default value (VHDL-1769)
/opt/Vivado-Design-Tutorials/Design_Flow_Tutorials/IP_Integrator/Lab_1/Lab_1.gen/sources_1/bd/design_1/ipshared/774d/hdl/microblaze_v11_0_vh_rfs.vhd(1774): ERROR: formal generic 'c_use_srl16' has no actual or default value (VHDL-1769)
/opt/Vivado-Design-Tutorials/Design_Flow_Tutorials/IP_Integrator/Lab_1/Lab_1.gen/sources_1/bd/design_1/ipshared/774d/hdl/microblaze_v11_0_vh_rfs.vhd(1773): ERROR: formal generic 'c_target' has no actual or default value (VHDL-1769)
/opt/Vivado-Design-Tutorials/Design_Flow_Tutorials/IP_Integrator/Lab_1/Lab_1.gen/sources_1/bd/design_1/ipshared/774d/hdl/microblaze_v11_0_vh_rfs.vhd(1774): ERROR: formal generic 'c_use_srl16' has no actual or default value (VHDL-1769)
/opt/Vivado-Design-Tutorials/Design_Flow_Tutorials/IP_Integrator/Lab_1/Lab_1.gen/sources_1/bd/design_1/ipshared/774d/hdl/microblaze_v11_0_vh_rfs.vhd(1771): INFO: executing '\MB_SRL16E(1,2147483647)(0,15)\(IMP)' (VHDL-1067)
/opt/Vivado-Design-Tutorials/Design_Flow_Tutorials/IP_Integrator/Lab_1/Lab_1.gen/sources_1/bd/design_1/ipshared/774d/hdl/microblaze_v11_0_vh_rfs.vhd(1798): ERROR: generate condition is not constant (VHDL-1089)
/opt/Vivado-Design-Tutorials/Design_Flow_Tutorials/IP_Integrator/Lab_1/Lab_1.gen/sources_1/bd/design_1/ipshared/774d/hdl/microblaze_v11_0_vh_rfs.vhd(1813): ERROR: generate condition is not constant (VHDL-1089)
/opt/Vivado-Design-Tutorials/Design_Flow_Tutorials/IP_Integrator/Lab_1/Lab_1.gen/sources_1/bd/design_1/ipshared/774d/hdl/microblaze_v11_0_vh_rfs.vhd(9644): ERROR: formal generic 'c_target' has no actual or default value (VHDL-1769)
/opt/Vivado-Design-Tutorials/Design_Flow_Tutorials/IP_Integrator/Lab_1/Lab_1.gen/sources_1/bd/design_1/ipshared/774d/hdl/microblaze_v11_0_vh_rfs.vhd(9645): ERROR: formal generic 'c_use_srl16' has no actual or default value (VHDL-1769)
/opt/Vivado-Design-Tutorials/Design_Flow_Tutorials/IP_Integrator/Lab_1/Lab_1.gen/sources_1/bd/design_1/ipshared/774d/hdl/microblaze_v11_0_vh_rfs.vhd(1773): ERROR: formal generic 'c_target' has no actual or default value (VHDL-1769)
/opt/Vivado-Design-Tutorials/Design_Flow_Tutorials/IP_Integrator/Lab_1/Lab_1.gen/sources_1/bd/design_1/ipshared/774d/hdl/microblaze_v11_0_vh_rfs.vhd(1774): ERROR: formal generic 'c_use_srl16' has no actual or default value (VHDL-1769)
/opt/Vivado-Design-Tutorials/Design_Flow_Tutorials/IP_Integrator/Lab_1/Lab_1.gen/sources_1/bd/design_1/ipshared/774d/hdl/microblaze_v11_0_vh_rfs.vhd(9644): ERROR: formal generic 'c_target' has no actual or default value (VHDL-1769)
/opt/Vivado-Design-Tutorials/Design_Flow_Tutorials/IP_Integrator/Lab_1/Lab_1.gen/sources_1/bd/design_1/ipshared/774d/hdl/microblaze_v11_0_vh_rfs.vhd(9645): ERROR: formal generic 'c_use_srl16' has no actual or default value (VHDL-1769)
/opt/Vivado-Design-Tutorials/Design_Flow_Tutorials/IP_Integrator/Lab_1/Lab_1.gen/sources_1/bd/design_1/ipshared/774d/hdl/microblaze_v11_0_vh_rfs.vhd(1773): ERROR: formal generic 'c_target' has no actual or default value (VHDL-1769)
/opt/Vivado-Design-Tutorials/Design_Flow_Tutorials/IP_Integrator/Lab_1/Lab_1.gen/sources_1/bd/design_1/ipshared/774d/hdl/microblaze_v11_0_vh_rfs.vhd(1774): ERROR: formal generic 'c_use_srl16' has no actual or default value (VHDL-1769)
/opt/Vivado-Design-Tutorials/Design_Flow_Tutorials/IP_Integrator/Lab_1/Lab_1.gen/sources_1/bd/design_1/ipshared/774d/hdl/microblaze_v11_0_vh_rfs.vhd(9644): ERROR: formal generic 'c_target' has no actual or default value (VHDL-1769)
/opt/Vivado-Design-Tutorials/Design_Flow_Tutorials/IP_Integrator/Lab_1/Lab_1.gen/sources_1/bd/design_1/ipshared/774d/hdl/microblaze_v11_0_vh_rfs.vhd(9645): ERROR: formal generic 'c_use_srl16' has no actual or default value (VHDL-1769)
/opt/Vivado-Design-Tutorials/Design_Flow_Tutorials/IP_Integrator/Lab_1/Lab_1.gen/sources_1/bd/design_1/ipshared/774d/hdl/microblaze_v11_0_vh_rfs.vhd(1773): ERROR: formal generic 'c_target' has no actual or default value (VHDL-1769)
/opt/Vivado-Design-Tutorials/Design_Flow_Tutorials/IP_Integrator/Lab_1/Lab_1.gen/sources_1/bd/design_1/ipshared/774d/hdl/microblaze_v11_0_vh_rfs.vhd(1774): ERROR: formal generic 'c_use_srl16' has no actual or default value (VHDL-1769)
/opt/Vivado-Design-Tutorials/Design_Flow_Tutorials/IP_Integrator/Lab_1/Lab_1.gen/sources_1/bd/design_1/ipshared/774d/hdl/microblaze_v11_0_vh_rfs.vhd(9644): ERROR: formal generic 'c_target' has no actual or default value (VHDL-1769)
/opt/Vivado-Design-Tutorials/Design_Flow_Tutorials/IP_Integrator/Lab_1/Lab_1.gen/sources_1/bd/design_1/ipshared/774d/hdl/microblaze_v11_0_vh_rfs.vhd(9645): ERROR: formal generic 'c_use_srl16' has no actual or default value (VHDL-1769)
/opt/Vivado-Design-Tutorials/Design_Flow_Tutorials/IP_Integrator/Lab_1/Lab_1.gen/sources_1/bd/design_1/ipshared/774d/hdl/microblaze_v11_0_vh_rfs.vhd(1773): ERROR: formal generic 'c_target' has no actual or default value (VHDL-1769)
/opt/Vivado-Design-Tutorials/Design_Flow_Tutorials/IP_Integrator/Lab_1/Lab_1.gen/sources_1/bd/design_1/ipshared/774d/hdl/microblaze_v11_0_vh_rfs.vhd(1774): ERROR: formal generic 'c_use_srl16' has no actual or default value (VHDL-1769)
/opt/Vivado-Design-Tutorials/Design_Flow_Tutorials/IP_Integrator/Lab_1/Lab_1.gen/sources_1/bd/design_1/ipshared/774d/hdl/microblaze_v11_0_vh_rfs.vhd(9644): ERROR: formal generic 'c_target' has no actual or default value (VHDL-1769)
/opt/Vivado-Design-Tutorials/Design_Flow_Tutorials/IP_Integrator/Lab_1/Lab_1.gen/sources_1/bd/design_1/ipshared/774d/hdl/microblaze_v11_0_vh_rfs.vhd(9645): ERROR: formal generic 'c_use_srl16' has no actual or default value (VHDL-1769)
/opt/Vivado-Design-Tutorials/Design_Flow_Tutorials/IP_Integrator/Lab_1/Lab_1.gen/sources_1/bd/design_1/ipshared/774d/hdl/microblaze_v11_0_vh_rfs.vhd(1773): ERROR: formal generic 'c_target' has no actual or default value (VHDL-1769)
/opt/Vivado-Design-Tutorials/Design_Flow_Tutorials/IP_Integrator/Lab_1/Lab_1.gen/sources_1/bd/design_1/ipshared/774d/hdl/microblaze_v11_0_vh_rfs.vhd(1774): ERROR: formal generic 'c_use_srl16' has no actual or default value (VHDL-1769)
/opt/Vivado-Design-Tutorials/Design_Flow_Tutorials/IP_Integrator/Lab_1/Lab_1.gen/sources_1/bd/design_1/ipshared/774d/hdl/microblaze_v11_0_vh_rfs.vhd(9644): ERROR: formal generic 'c_target' has no actual or default value (VHDL-1769)
/opt/Vivado-Design-Tutorials/Design_Flow_Tutorials/IP_Integrator/Lab_1/Lab_1.gen/sources_1/bd/design_1/ipshared/774d/hdl/microblaze_v11_0_vh_rfs.vhd(9645): ERROR: formal generic 'c_use_srl16' has no actual or default value (VHDL-1769)
/opt/Vivado-Design-Tutorials/Design_Flow_Tutorials/IP_Integrator/Lab_1/Lab_1.gen/sources_1/bd/design_1/ipshared/774d/hdl/microblaze_v11_0_vh_rfs.vhd(1773): ERROR: formal generic 'c_target' has no actual or default value (VHDL-1769)
/opt/Vivado-Design-Tutorials/Design_Flow_Tutorials/IP_Integrator/Lab_1/Lab_1.gen/sources_1/bd/design_1/ipshared/774d/hdl/microblaze_v11_0_vh_rfs.vhd(1774): ERROR: formal generic 'c_use_srl16' has no actual or default value (VHDL-1769)
/opt/Vivado-Design-Tutorials/Design_Flow_Tutorials/IP_Integrator/Lab_1/Lab_1.gen/sources_1/bd/design_1/ipshared/774d/hdl/microblaze_v11_0_vh_rfs.vhd(9644): ERROR: formal generic 'c_target' has no actual or default value (VHDL-1769)
/opt/Vivado-Design-Tutorials/Design_Flow_Tutorials/IP_Integrator/Lab_1/Lab_1.gen/sources_1/bd/design_1/ipshared/774d/hdl/microblaze_v11_0_vh_rfs.vhd(9645): ERROR: formal generic 'c_use_srl16' has no actual or default value (VHDL-1769)
/opt/Vivado-Design-Tutorials/Design_Flow_Tutorials/IP_Integrator/Lab_1/Lab_1.gen/sources_1/bd/design_1/ipshared/774d/hdl/microblaze_v11_0_vh_rfs.vhd(1773): ERROR: formal generic 'c_target' has no actual or default value (VHDL-1769)
/opt/Vivado-Design-Tutorials/Design_Flow_Tutorials/IP_Integrator/Lab_1/Lab_1.gen/sources_1/bd/design_1/ipshared/774d/hdl/microblaze_v11_0_vh_rfs.vhd(1774): ERROR: formal generic 'c_use_srl16' has no actual or default value (VHDL-1769)
/opt/Vivado-Design-Tutorials/Design_Flow_Tutorials/IP_Integrator/Lab_1/Lab_1.gen/sources_1/bd/design_1/ipshared/774d/hdl/microblaze_v11_0_vh_rfs.vhd(9584): ERROR: formal generic 'c_target' has no actual or default value (VHDL-1769)
/opt/Vivado-Design-Tutorials/Design_Flow_Tutorials/IP_Integrator/Lab_1/Lab_1.gen/sources_1/bd/design_1/ipshared/774d/hdl/microblaze_v11_0_vh_rfs.vhd(9585): ERROR: formal generic 'c_use_srl16' has no actual or default value (VHDL-1769)
/opt/Vivado-Design-Tutorials/Design_Flow_Tutorials/IP_Integrator/Lab_1/Lab_1.gen/sources_1/bd/design_1/ipshared/774d/hdl/microblaze_v11_0_vh_rfs.vhd(71482): ERROR: formal generic 'c_target' has no actual or default value (VHDL-1769)
/opt/Vivado-Design-Tutorials/Design_Flow_Tutorials/IP_Integrator/Lab_1/Lab_1.gen/sources_1/bd/design_1/ipshared/774d/hdl/microblaze_v11_0_vh_rfs.vhd(71483): ERROR: formal generic 'c_allow_lut6' has no actual or default value (VHDL-1769)
/opt/Vivado-Design-Tutorials/Design_Flow_Tutorials/IP_Integrator/Lab_1/Lab_1.gen/sources_1/bd/design_1/ipshared/774d/hdl/microblaze_v11_0_vh_rfs.vhd(71480): INFO: executing 'decode_exception_flow_ff_default(IMP)' (VHDL-1067)
/opt/Vivado-Design-Tutorials/Design_Flow_Tutorials/IP_Integrator/Lab_1/Lab_1.gen/sources_1/bd/design_1/ipshared/774d/hdl/microblaze_v11_0_vh_rfs.vhd(71482): ERROR: formal generic 'c_target' has no actual or default value (VHDL-1769)
/opt/Vivado-Design-Tutorials/Design_Flow_Tutorials/IP_Integrator/Lab_1/Lab_1.gen/sources_1/bd/design_1/ipshared/774d/hdl/microblaze_v11_0_vh_rfs.vhd(71483): ERROR: formal generic 'c_allow_lut6' has no actual or default value (VHDL-1769)
/opt/Vivado-Design-Tutorials/Design_Flow_Tutorials/IP_Integrator/Lab_1/Lab_1.gen/sources_1/bd/design_1/ipshared/774d/hdl/microblaze_v11_0_vh_rfs.vhd(71607): ERROR: formal generic 'c_target' has no actual or default value (VHDL-1769)
/opt/Vivado-Design-Tutorials/Design_Flow_Tutorials/IP_Integrator/Lab_1/Lab_1.gen/sources_1/bd/design_1/ipshared/774d/hdl/microblaze_v11_0_vh_rfs.vhd(71608): ERROR: formal generic 'c_allow_lut6' has no actual or default value (VHDL-1769)
/opt/Vivado-Design-Tutorials/Design_Flow_Tutorials/IP_Integrator/Lab_1/Lab_1.gen/sources_1/bd/design_1/ipshared/774d/hdl/microblaze_v11_0_vh_rfs.vhd(71605): INFO: executing 'decode_instr_flow_ff_default(IMP)' (VHDL-1067)
/opt/Vivado-Design-Tutorials/Design_Flow_Tutorials/IP_Integrator/Lab_1/Lab_1.gen/sources_1/bd/design_1/ipshared/774d/hdl/microblaze_v11_0_vh_rfs.vhd(71607): ERROR: formal generic 'c_target' has no actual or default value (VHDL-1769)
/opt/Vivado-Design-Tutorials/Design_Flow_Tutorials/IP_Integrator/Lab_1/Lab_1.gen/sources_1/bd/design_1/ipshared/774d/hdl/microblaze_v11_0_vh_rfs.vhd(71608): ERROR: formal generic 'c_allow_lut6' has no actual or default value (VHDL-1769)
/opt/Vivado-Design-Tutorials/Design_Flow_Tutorials/IP_Integrator/Lab_1/Lab_1.gen/sources_1/bd/design_1/ipshared/774d/hdl/microblaze_v11_0_vh_rfs.vhd(71731): ERROR: formal generic 'c_target' has no actual or default value (VHDL-1769)
/opt/Vivado-Design-Tutorials/Design_Flow_Tutorials/IP_Integrator/Lab_1/Lab_1.gen/sources_1/bd/design_1/ipshared/774d/hdl/microblaze_v11_0_vh_rfs.vhd(71732): ERROR: formal generic 'c_allow_lut6' has no actual or default value (VHDL-1769)
/opt/Vivado-Design-Tutorials/Design_Flow_Tutorials/IP_Integrator/Lab_1/Lab_1.gen/sources_1/bd/design_1/ipshared/774d/hdl/microblaze_v11_0_vh_rfs.vhd(71729): INFO: executing 'decode_pipe_flow_ff_default(IMP)' (VHDL-1067)
/opt/Vivado-Design-Tutorials/Design_Flow_Tutorials/IP_Integrator/Lab_1/Lab_1.gen/sources_1/bd/design_1/ipshared/774d/hdl/microblaze_v11_0_vh_rfs.vhd(71731): ERROR: formal generic 'c_target' has no actual or default value (VHDL-1769)
/opt/Vivado-Design-Tutorials/Design_Flow_Tutorials/IP_Integrator/Lab_1/Lab_1.gen/sources_1/bd/design_1/ipshared/774d/hdl/microblaze_v11_0_vh_rfs.vhd(71732): ERROR: formal generic 'c_allow_lut6' has no actual or default value (VHDL-1769)
srcscan exits with return value 0
