
*** Running vivado
    with args -log design_1_dlmb_v10_0.vds -m64 -product Vivado -mode batch -messageDb vivado.pb -notrace -source design_1_dlmb_v10_0.tcl


****** Vivado v2021.1 (64-bit)
  **** SW Build 3247384 on Thu Jun 10 19:36:07 MDT 2021
  **** IP Build 3246043 on Fri Jun 11 00:30:35 MDT 2021
    ** Copyright 1986-2021 Xilinx, Inc. All Rights Reserved.

source design_1_dlmb_v10_0.tcl -notrace
Command: synth_design -top design_1_dlmb_v10_0 -part xcvu9p-flga2104-2L-e -mode out_of_context
Starting synth_design
Attempting to get a license for feature 'Synthesis' and/or device 'xcvu9p'
INFO: [Common 17-349] Got license for feature 'Synthesis' and/or device 'xcvu9p'
INFO: [Device 21-403] Loading part xcvu9p-flga2104-2L-e
INFO: [Synth 8-7079] Multithreading enabled for synth_design using a maximum of 4 processes.
INFO: [Synth 8-7078] Launching helper process for spawning children vivado processes
INFO: [Synth 8-7075] Helper process launched with PID 2392881
---------------------------------------------------------------------------------
Starting RTL Elaboration : Time (s): cpu = 00:00:03 ; elapsed = 00:00:05 . Memory (MB): peak = 2967.051 ; gain = 225.688 ; free physical = 215 ; free virtual = 356
---------------------------------------------------------------------------------
INFO: [Synth 8-638] synthesizing module 'design_1_dlmb_v10_0' [/opt/Vivado-Design-Tutorials/Design_Flow_Tutorials/IP_Integrator/Lab_1/Lab_1.gen/sources_1/bd/design_1/ip/design_1_dlmb_v10_0/synth/design_1_dlmb_v10_0.vhd:89]
	Parameter C_LMB_NUM_SLAVES bound to: 1 - type: integer 
	Parameter C_LMB_DWIDTH bound to: 32 - type: integer 
	Parameter C_LMB_AWIDTH bound to: 32 - type: integer 
	Parameter C_LMB_PROTOCOL bound to: 0 - type: integer 
	Parameter C_EXT_RESET_HIGH bound to: 1 - type: integer 
INFO: [Synth 8-3491] module 'lmb_v10' declared at '/opt/Vivado-Design-Tutorials/Design_Flow_Tutorials/IP_Integrator/Lab_1/Lab_1.gen/sources_1/bd/design_1/ipshared/c2ed/hdl/lmb_v10_v3_0_vh_rfs.vhd:92' bound to instance 'U0' of component 'lmb_v10' [/opt/Vivado-Design-Tutorials/Design_Flow_Tutorials/IP_Integrator/Lab_1/Lab_1.gen/sources_1/bd/design_1/ip/design_1_dlmb_v10_0/synth/design_1_dlmb_v10_0.vhd:165]
INFO: [Synth 8-638] synthesizing module 'lmb_v10' [/opt/Vivado-Design-Tutorials/Design_Flow_Tutorials/IP_Integrator/Lab_1/Lab_1.gen/sources_1/bd/design_1/ipshared/c2ed/hdl/lmb_v10_v3_0_vh_rfs.vhd:141]
INFO: [Synth 8-3491] module 'FDS' declared at '/tools/Xilinx/Vivado/2021.1/scripts/rt/data/unisim_comp.v:27960' bound to instance 'POR_FF_I' of component 'FDS' [/opt/Vivado-Design-Tutorials/Design_Flow_Tutorials/IP_Integrator/Lab_1/Lab_1.gen/sources_1/bd/design_1/ipshared/c2ed/hdl/lmb_v10_v3_0_vh_rfs.vhd:171]
INFO: [Synth 8-6157] synthesizing module 'FDS' [/tools/Xilinx/Vivado/2021.1/scripts/rt/data/unisim_comp.v:27960]
INFO: [Synth 8-6155] done synthesizing module 'FDS' (1#1) [/tools/Xilinx/Vivado/2021.1/scripts/rt/data/unisim_comp.v:27960]
INFO: [Synth 8-256] done synthesizing module 'lmb_v10' (2#1) [/opt/Vivado-Design-Tutorials/Design_Flow_Tutorials/IP_Integrator/Lab_1/Lab_1.gen/sources_1/bd/design_1/ipshared/c2ed/hdl/lmb_v10_v3_0_vh_rfs.vhd:141]
INFO: [Synth 8-256] done synthesizing module 'design_1_dlmb_v10_0' (3#1) [/opt/Vivado-Design-Tutorials/Design_Flow_Tutorials/IP_Integrator/Lab_1/Lab_1.gen/sources_1/bd/design_1/ip/design_1_dlmb_v10_0/synth/design_1_dlmb_v10_0.vhd:89]
---------------------------------------------------------------------------------
Finished RTL Elaboration : Time (s): cpu = 00:00:03 ; elapsed = 00:00:08 . Memory (MB): peak = 3008.957 ; gain = 267.594 ; free physical = 3612 ; free virtual = 4133
---------------------------------------------------------------------------------
---------------------------------------------------------------------------------
Start Handling Custom Attributes
---------------------------------------------------------------------------------
---------------------------------------------------------------------------------
Finished Handling Custom Attributes : Time (s): cpu = 00:00:03 ; elapsed = 00:00:09 . Memory (MB): peak = 3026.770 ; gain = 285.406 ; free physical = 4750 ; free virtual = 5671
---------------------------------------------------------------------------------
---------------------------------------------------------------------------------
Finished RTL Optimization Phase 1 : Time (s): cpu = 00:00:03 ; elapsed = 00:00:09 . Memory (MB): peak = 3026.770 ; gain = 285.406 ; free physical = 4762 ; free virtual = 5683
---------------------------------------------------------------------------------
Netlist sorting complete. Time (s): cpu = 00:00:00 ; elapsed = 00:00:00 . Memory (MB): peak = 3036.676 ; gain = 0.000 ; free physical = 5713 ; free virtual = 6651
INFO: [Netlist 29-17] Analyzing 1 Unisim elements for replacement
INFO: [Netlist 29-28] Unisim Transformation completed in 0 CPU seconds
INFO: [Project 1-570] Preparing netlist for logic optimization

Processing XDC Constraints
Initializing timing engine
Parsing XDC File [/opt/Vivado-Design-Tutorials/Design_Flow_Tutorials/IP_Integrator/Lab_1/Lab_1.gen/sources_1/bd/design_1/ip/design_1_dlmb_v10_0/design_1_dlmb_v10_0_ooc.xdc] for cell 'U0'
Finished Parsing XDC File [/opt/Vivado-Design-Tutorials/Design_Flow_Tutorials/IP_Integrator/Lab_1/Lab_1.gen/sources_1/bd/design_1/ip/design_1_dlmb_v10_0/design_1_dlmb_v10_0_ooc.xdc] for cell 'U0'
Parsing XDC File [/opt/Vivado-Design-Tutorials/Design_Flow_Tutorials/IP_Integrator/Lab_1/Lab_1.runs/design_1_dlmb_v10_0_synth_1/dont_touch.xdc]
Finished Parsing XDC File [/opt/Vivado-Design-Tutorials/Design_Flow_Tutorials/IP_Integrator/Lab_1/Lab_1.runs/design_1_dlmb_v10_0_synth_1/dont_touch.xdc]
Completed Processing XDC Constraints

Netlist sorting complete. Time (s): cpu = 00:00:00 ; elapsed = 00:00:00 . Memory (MB): peak = 3140.332 ; gain = 0.000 ; free physical = 4962 ; free virtual = 6115
INFO: [Project 1-111] Unisim Transformation Summary:
  A total of 1 instances were transformed.
  FDS => FDSE: 1 instance 

Constraint Validation Runtime : Time (s): cpu = 00:00:00.02 ; elapsed = 00:00:00.02 . Memory (MB): peak = 3140.332 ; gain = 0.000 ; free physical = 4966 ; free virtual = 6122
---------------------------------------------------------------------------------
Finished Constraint Validation : Time (s): cpu = 00:00:09 ; elapsed = 00:00:16 . Memory (MB): peak = 3140.332 ; gain = 398.969 ; free physical = 4856 ; free virtual = 6842
---------------------------------------------------------------------------------
---------------------------------------------------------------------------------
Start Loading Part and Timing Information
---------------------------------------------------------------------------------
Loading part: xcvu9p-flga2104-2L-e
INFO: [Synth 8-6742] Reading net delay rules and data
---------------------------------------------------------------------------------
Finished Loading Part and Timing Information : Time (s): cpu = 00:00:09 ; elapsed = 00:00:16 . Memory (MB): peak = 3140.332 ; gain = 398.969 ; free physical = 4858 ; free virtual = 6844
---------------------------------------------------------------------------------
---------------------------------------------------------------------------------
Start Applying 'set_property' XDC Constraints
---------------------------------------------------------------------------------
Applied set_property KEEP_HIERARCHY = SOFT for U0. (constraint file  /opt/Vivado-Design-Tutorials/Design_Flow_Tutorials/IP_Integrator/Lab_1/Lab_1.runs/design_1_dlmb_v10_0_synth_1/dont_touch.xdc, line 9).
---------------------------------------------------------------------------------
Finished applying 'set_property' XDC Constraints : Time (s): cpu = 00:00:09 ; elapsed = 00:00:16 . Memory (MB): peak = 3140.332 ; gain = 398.969 ; free physical = 4859 ; free virtual = 6846
---------------------------------------------------------------------------------
---------------------------------------------------------------------------------
Finished RTL Optimization Phase 2 : Time (s): cpu = 00:00:09 ; elapsed = 00:00:16 . Memory (MB): peak = 3140.332 ; gain = 398.969 ; free physical = 5118 ; free virtual = 7117
---------------------------------------------------------------------------------
---------------------------------------------------------------------------------
Start RTL Component Statistics 
---------------------------------------------------------------------------------
Detailed RTL Component Info : 
---------------------------------------------------------------------------------
Finished RTL Component Statistics 
---------------------------------------------------------------------------------
---------------------------------------------------------------------------------
Start Part Resource Summary
---------------------------------------------------------------------------------
Part Resources:
DSPs: 6840 (col length:120)
BRAMs: 4320 (col length: RAMB18 360 RAMB36 180)
---------------------------------------------------------------------------------
Finished Part Resource Summary
---------------------------------------------------------------------------------
---------------------------------------------------------------------------------
Start Cross Boundary and Area Optimization
---------------------------------------------------------------------------------
---------------------------------------------------------------------------------
Finished Cross Boundary and Area Optimization : Time (s): cpu = 00:00:09 ; elapsed = 00:00:16 . Memory (MB): peak = 3140.332 ; gain = 398.969 ; free physical = 5117 ; free virtual = 7141
---------------------------------------------------------------------------------
---------------------------------------------------------------------------------
Start Applying XDC Timing Constraints
---------------------------------------------------------------------------------
---------------------------------------------------------------------------------
Finished Applying XDC Timing Constraints : Time (s): cpu = 00:00:14 ; elapsed = 00:00:22 . Memory (MB): peak = 3423.621 ; gain = 682.258 ; free physical = 1127 ; free virtual = 3689
---------------------------------------------------------------------------------
---------------------------------------------------------------------------------
Start Timing Optimization
---------------------------------------------------------------------------------
---------------------------------------------------------------------------------
Finished Timing Optimization : Time (s): cpu = 00:00:14 ; elapsed = 00:00:22 . Memory (MB): peak = 3423.621 ; gain = 682.258 ; free physical = 1126 ; free virtual = 3687
---------------------------------------------------------------------------------
---------------------------------------------------------------------------------
Start Technology Mapping
---------------------------------------------------------------------------------
---------------------------------------------------------------------------------
Finished Technology Mapping : Time (s): cpu = 00:00:14 ; elapsed = 00:00:22 . Memory (MB): peak = 3442.652 ; gain = 701.289 ; free physical = 1098 ; free virtual = 3660
---------------------------------------------------------------------------------
---------------------------------------------------------------------------------
Start IO Insertion
---------------------------------------------------------------------------------
---------------------------------------------------------------------------------
Start Flattening Before IO Insertion
---------------------------------------------------------------------------------
---------------------------------------------------------------------------------
Finished Flattening Before IO Insertion
---------------------------------------------------------------------------------
---------------------------------------------------------------------------------
Start Final Netlist Cleanup
---------------------------------------------------------------------------------
---------------------------------------------------------------------------------
Finished Final Netlist Cleanup
---------------------------------------------------------------------------------
---------------------------------------------------------------------------------
Finished IO Insertion : Time (s): cpu = 00:00:16 ; elapsed = 00:00:24 . Memory (MB): peak = 3448.590 ; gain = 707.227 ; free physical = 823 ; free virtual = 2777
---------------------------------------------------------------------------------
---------------------------------------------------------------------------------
Start Renaming Generated Instances
---------------------------------------------------------------------------------
---------------------------------------------------------------------------------
Finished Renaming Generated Instances : Time (s): cpu = 00:00:16 ; elapsed = 00:00:24 . Memory (MB): peak = 3448.590 ; gain = 707.227 ; free physical = 822 ; free virtual = 2776
---------------------------------------------------------------------------------
---------------------------------------------------------------------------------
Start Rebuilding User Hierarchy
---------------------------------------------------------------------------------
---------------------------------------------------------------------------------
Finished Rebuilding User Hierarchy : Time (s): cpu = 00:00:16 ; elapsed = 00:00:24 . Memory (MB): peak = 3448.590 ; gain = 707.227 ; free physical = 813 ; free virtual = 2768
---------------------------------------------------------------------------------
---------------------------------------------------------------------------------
Start Renaming Generated Ports
---------------------------------------------------------------------------------
---------------------------------------------------------------------------------
Finished Renaming Generated Ports : Time (s): cpu = 00:00:16 ; elapsed = 00:00:24 . Memory (MB): peak = 3448.590 ; gain = 707.227 ; free physical = 808 ; free virtual = 2763
---------------------------------------------------------------------------------
---------------------------------------------------------------------------------
Start Handling Custom Attributes
---------------------------------------------------------------------------------
---------------------------------------------------------------------------------
Finished Handling Custom Attributes : Time (s): cpu = 00:00:16 ; elapsed = 00:00:24 . Memory (MB): peak = 3448.590 ; gain = 707.227 ; free physical = 808 ; free virtual = 2762
---------------------------------------------------------------------------------
---------------------------------------------------------------------------------
Start Renaming Generated Nets
---------------------------------------------------------------------------------
---------------------------------------------------------------------------------
Finished Renaming Generated Nets : Time (s): cpu = 00:00:16 ; elapsed = 00:00:24 . Memory (MB): peak = 3448.590 ; gain = 707.227 ; free physical = 813 ; free virtual = 2767
---------------------------------------------------------------------------------
---------------------------------------------------------------------------------
Start Writing Synthesis Report
---------------------------------------------------------------------------------

Report BlackBoxes: 
+-+--------------+----------+
| |BlackBox name |Instances |
+-+--------------+----------+
+-+--------------+----------+

Report Cell Usage: 
+------+-----+------+
|      |Cell |Count |
+------+-----+------+
|1     |FDS  |     1|
+------+-----+------+
---------------------------------------------------------------------------------
Finished Writing Synthesis Report : Time (s): cpu = 00:00:16 ; elapsed = 00:00:24 . Memory (MB): peak = 3448.590 ; gain = 707.227 ; free physical = 814 ; free virtual = 2769
---------------------------------------------------------------------------------
Synthesis finished with 0 errors, 0 critical warnings and 0 warnings.
Synthesis Optimization Runtime : Time (s): cpu = 00:00:13 ; elapsed = 00:00:20 . Memory (MB): peak = 3448.590 ; gain = 593.664 ; free physical = 861 ; free virtual = 2825
Synthesis Optimization Complete : Time (s): cpu = 00:00:16 ; elapsed = 00:00:24 . Memory (MB): peak = 3448.598 ; gain = 707.227 ; free physical = 859 ; free virtual = 2823
INFO: [Project 1-571] Translating synthesized netlist
Netlist sorting complete. Time (s): cpu = 00:00:00 ; elapsed = 00:00:00 . Memory (MB): peak = 3448.598 ; gain = 0.000 ; free physical = 871 ; free virtual = 2845
INFO: [Netlist 29-17] Analyzing 1 Unisim elements for replacement
INFO: [Netlist 29-28] Unisim Transformation completed in 0 CPU seconds
INFO: [Project 1-570] Preparing netlist for logic optimization
INFO: [Opt 31-138] Pushed 0 inverter(s) to 0 load pin(s).
Netlist sorting complete. Time (s): cpu = 00:00:00 ; elapsed = 00:00:00 . Memory (MB): peak = 3525.043 ; gain = 0.000 ; free physical = 905 ; free virtual = 3126
INFO: [Project 1-111] Unisim Transformation Summary:
  A total of 1 instances were transformed.
  FDS => FDSE: 1 instance 

Synth Design complete, checksum: d9ce12c4
INFO: [Common 17-83] Releasing license: Synthesis
25 Infos, 0 Warnings, 0 Critical Warnings and 0 Errors encountered.
synth_design completed successfully
synth_design: Time (s): cpu = 00:00:25 ; elapsed = 00:00:30 . Memory (MB): peak = 3525.043 ; gain = 1016.184 ; free physical = 972 ; free virtual = 3201
INFO: [Common 17-1381] The checkpoint '/opt/Vivado-Design-Tutorials/Design_Flow_Tutorials/IP_Integrator/Lab_1/Lab_1.runs/design_1_dlmb_v10_0_synth_1/design_1_dlmb_v10_0.dcp' has been generated.
INFO: [Coretcl 2-1648] Added synthesis output to IP cache for IP design_1_dlmb_v10_0, cache-ID = 938f5366d12b022a
INFO: [Common 17-1381] The checkpoint '/opt/Vivado-Design-Tutorials/Design_Flow_Tutorials/IP_Integrator/Lab_1/Lab_1.runs/design_1_dlmb_v10_0_synth_1/design_1_dlmb_v10_0.dcp' has been generated.
INFO: [runtcl-4] Executing : report_utilization -file design_1_dlmb_v10_0_utilization_synth.rpt -pb design_1_dlmb_v10_0_utilization_synth.pb
INFO: [Common 17-206] Exiting Vivado at Fri Sep 27 12:21:24 2024...
