Copyright 1986-2021 Xilinx, Inc. All Rights Reserved.
----------------------------------------------------------------------------------------------
| Tool Version      : Vivado v.2021.1 (lin64) Build 3247384 Thu Jun 10 19:36:07 MDT 2021
| Date              : Fri Sep 27 18:26:02 2024
| Host              : DESKTOP-F0SHCEQ running 64-bit Ubuntu 20.04.6 LTS
| Command           : report_clock_utilization -file top_wrapper_clock_utilization_routed.rpt
| Design            : top_wrapper
| Device            : xcku040-ffva1156
| Speed File        : -2  PRODUCTION 1.25 12-04-2018
| Temperature Grade : E
| Design State      : Routed
----------------------------------------------------------------------------------------------

Clock Utilization Report

Table of Contents
-----------------
1. Clock Primitive Utilization
2. Global Clock Resources
3. Global Clock Source Details
4. Clock Regions : Clock Primitives
5. Clock Regions : Load Primitives
6. Clock Regions : Global Clock Summary
7. Clock Regions : Routing Resource Utilization
8. Device Cell Placement Summary for Global Clock g0
9. Device Cell Placement Summary for Global Clock g1
10. Device Cell Placement Summary for Global Clock g2
11. Device Cell Placement Summary for Global Clock g3
12. Device Cell Placement Summary for Global Clock g4
13. Device Cell Placement Summary for Global Clock g5
14. Device Cell Placement Summary for Global Clock g6
15. Device Cell Placement Summary for Global Clock g7
16. Clock Region Cell Placement per Global Clock: Region X0Y0
17. Clock Region Cell Placement per Global Clock: Region X1Y0
18. Clock Region Cell Placement per Global Clock: Region X2Y0
19. Clock Region Cell Placement per Global Clock: Region X3Y0
20. Clock Region Cell Placement per Global Clock: Region X0Y1
21. Clock Region Cell Placement per Global Clock: Region X1Y1
22. Clock Region Cell Placement per Global Clock: Region X2Y1
23. Clock Region Cell Placement per Global Clock: Region X3Y1
24. Clock Region Cell Placement per Global Clock: Region X0Y2
25. Clock Region Cell Placement per Global Clock: Region X1Y2
26. Clock Region Cell Placement per Global Clock: Region X2Y2

1. Clock Primitive Utilization
------------------------------

+------------+------+-----------+-----+--------------+--------+
| Type       | Used | Available | LOC | Clock Region | Pblock |
+------------+------+-----------+-----+--------------+--------+
| BUFGCE     |    8 |       240 |   0 |            0 |      0 |
| BUFGCE_DIV |    0 |        40 |   0 |            0 |      0 |
| BUFGCTRL   |    0 |        80 |   0 |            0 |      0 |
| BUFG_GT    |    0 |       120 |   0 |            0 |      0 |
| MMCM       |    2 |        10 |   1 |            0 |      0 |
| PLL        |    3 |        20 |   0 |            0 |      3 |
+------------+------+-----------+-----+--------------+--------+


2. Global Clock Resources
-------------------------

+-----------+-----------+-----------------+------------+---------------+--------------+------+-------------------+-------------------+-------------+-----------------+--------------+--------------------------------------------------------------------------------------------+------------------------------------------------------------------------------+--------------------------------------------------------------------+------------------------------------------+
| Global Id | Source Id | Driver Type/Pin | Constraint | Site          | Clock Region | Root | Clock Delay Group | Load Clock Region | Clock Loads | Non-Clock Loads | Clock Period | Clock                                                                                      | Driver Pin                                                                   | Net                                                                | PR Clock Type                            |
+-----------+-----------+-----------------+------------+---------------+--------------+------+-------------------+-------------------+-------------+-----------------+--------------+--------------------------------------------------------------------------------------------+------------------------------------------------------------------------------+--------------------------------------------------------------------+------------------------------------------+
| g0        | src0      | BUFGCE/O        | None       | BUFGCE_X0Y29  | X0Y1         | X0Y1 |                   |                 6 |       26820 |               3 |        3.332 | mmcm_clkout0                                                                               | top_i/memory_ss/ddr4_0/inst/u_ddr4_infrastructure/u_bufg_divClk/O            | top_i/memory_ss/ddr4_0/inst/u_ddr4_infrastructure/u_bufg_divClk_0  | RM active (6)                            |
| g1        | src1      | BUFGCE/O        | None       | BUFGCE_X1Y52  | X2Y2         | X1Y1 |                   |                 6 |        6676 |               0 |       10.000 | clk_out1_top_clk_wiz_1_0                                                                   | top_i/clk_wiz_1/inst/clkout1_buf/O                                           | top_i/clk_wiz_1/inst/clk_out1                                      | RM active (6),RM reserved (3),Static (1) |
| g2        | src2      | BUFGCE/O        | None       | BUFGCE_X0Y24  | X0Y1         | X0Y1 |                   |                 3 |        1609 |               0 |        6.664 | mmcm_clkout6                                                                               | top_i/memory_ss/ddr4_0/inst/u_ddr4_infrastructure/u_bufg_riuClk/O            | top_i/memory_ss/ddr4_0/inst/u_ddr4_infrastructure/c0_riu_clk       | RM active (3)                            |
| g3        | src3      | BUFGCE/O        | None       | BUFGCE_X0Y27  | X0Y1         | X0Y2 |                   |                 2 |         551 |               0 |       13.328 | mmcm_clkout5                                                                               | top_i/memory_ss/ddr4_0/inst/u_ddr4_infrastructure/u_bufg_dbg_clk/O           | top_i/memory_ss/ddr4_0/inst/u_ddr4_infrastructure/dbg_clk          | RM active (2),Static (1)                 |
| g4        | src4      | BUFGCE/O        | None       | BUFGCE_X0Y98  | X0Y4         | X1Y1 |                   |                 4 |         461 |               0 |       33.000 | dbg_hub/inst/BSCANID.u_xsdbm_id/SWITCH_N_EXT_BSCAN.bscan_inst/SERIES7_BSCAN.bscan_inst/TCK | dbg_hub/inst/BSCANID.u_xsdbm_id/SWITCH_N_EXT_BSCAN.u_bufg_icon_tck/O         | dbg_hub/inst/BSCANID.u_xsdbm_id/itck_i                             | RM active (4),Static (5)                 |
| g5        | src5      | BUFGCE/O        | None       | BUFGCE_X0Y97  | X0Y4         | X1Y1 |                   |                 2 |         234 |               0 |       33.333 | top_i/microblaze_ss/mdm_1/U0/Use_E2.BSCAN_I/Use_E2.BSCANE2_I/DRCK                          | top_i/microblaze_ss/mdm_1/U0/No_Dbg_Reg_Access.BUFG_DRCK/Using_FPGA.Native/O | top_i/microblaze_ss/mdm_1/U0/No_Dbg_Reg_Access.BUFG_DRCK/Dbg_Clk_0 | RM active (2),Static (4)                 |
| g6        | src6      | BUFGCE/O        | None       | BUFGCE_X0Y102 | X0Y4         | X1Y1 |                   |                 2 |          38 |               1 |       33.333 | top_i/microblaze_ss/mdm_1/U0/Use_E2.BSCAN_I/Use_E2.BSCANE2_I/UPDATE                        | top_i/microblaze_ss/mdm_1/U0/Use_E2.BSCAN_I/Dbg_Update_0_BUFG_inst/O         | top_i/microblaze_ss/mdm_1/U0/Use_E2.BSCAN_I/Dbg_Update_0_BUFGCE    | RM active (2),Static (4)                 |
| g7        | src7      | BUFGCE/O        | None       | BUFGCE_X0Y47  | X0Y1         | X0Y1 |                   |                 2 |          17 |               0 |        3.332 | default_sysclk_300_clk_p                                                                   | top_i/memory_ss/ddr4_0/inst/u_ddr4_infrastructure/u_bufg_inst/O              | top_i/memory_ss/ddr4_0/inst/u_ddr4_infrastructure/sys_clk_in_bufg  | RM active (2)                            |
+-----------+-----------+-----------------+------------+---------------+--------------+------+-------------------+-------------------+-------------+-----------------+--------------+--------------------------------------------------------------------------------------------+------------------------------------------------------------------------------+--------------------------------------------------------------------+------------------------------------------+
* Clock Loads column represents the clock pin loads (pin count)
** Non-Clock Loads column represents the non-clock pin loads (pin count)
*** PR Clock Type column represents the clock spine usage in the clock regions (by module requirement)


3. Global Clock Source Details
------------------------------

+-----------+-----------+--------------------+-----------------+------------------+--------------+-------------+-----------------+---------------------+--------------------------------------------------------------------------------------------+--------------------------------------------------------------------------------------------------------------------------------+------------------------------------------------------------------------------------------------------------------+-----------------+
| Source Id | Global Id | Driver Type/Pin    | Constraint      | Site             | Clock Region | Clock Loads | Non-Clock Loads | Source Clock Period | Source Clock                                                                               | Driver Pin                                                                                                                     | Net                                                                                                              | PR Clock Source |
+-----------+-----------+--------------------+-----------------+------------------+--------------+-------------+-----------------+---------------------+--------------------------------------------------------------------------------------------+--------------------------------------------------------------------------------------------------------------------------------+------------------------------------------------------------------------------------------------------------------+-----------------+
| src0      | g0        | MMCME3_ADV/CLKOUT0 | MMCME3_ADV_X0Y1 | MMCME3_ADV_X0Y1  | X0Y1         |           1 |               0 |               3.332 | mmcm_clkout0                                                                               | top_i/memory_ss/ddr4_0/inst/u_ddr4_infrastructure/gen_mmcme3.u_mmcme_adv_inst/CLKOUT0                                          | top_i/memory_ss/ddr4_0/inst/u_ddr4_infrastructure/mmcm_clkout0                                                   | Static          |
| src1      | g1        | MMCME3_ADV/CLKOUT0 | None            | MMCME3_ADV_X1Y2  | X2Y2         |           1 |               0 |              10.000 | clk_out1_top_clk_wiz_1_0                                                                   | top_i/clk_wiz_1/inst/mmcme3_adv_inst/CLKOUT0                                                                                   | top_i/clk_wiz_1/inst/clk_out1_top_clk_wiz_1_0                                                                    | Static          |
| src2      | g2        | MMCME3_ADV/CLKOUT6 | MMCME3_ADV_X0Y1 | MMCME3_ADV_X0Y1  | X0Y1         |           1 |               0 |               6.664 | mmcm_clkout6                                                                               | top_i/memory_ss/ddr4_0/inst/u_ddr4_infrastructure/gen_mmcme3.u_mmcme_adv_inst/CLKOUT6                                          | top_i/memory_ss/ddr4_0/inst/u_ddr4_infrastructure/mmcm_clkout6                                                   | Static          |
| src3      | g3        | MMCME3_ADV/CLKOUT5 | MMCME3_ADV_X0Y1 | MMCME3_ADV_X0Y1  | X0Y1         |           1 |               0 |              13.328 | mmcm_clkout5                                                                               | top_i/memory_ss/ddr4_0/inst/u_ddr4_infrastructure/gen_mmcme3.u_mmcme_adv_inst/CLKOUT5                                          | top_i/memory_ss/ddr4_0/inst/u_ddr4_infrastructure/mmcm_clkout5                                                   | Static          |
| src4      | g4        | BSCANE2/TCK        | None            | CONFIG_SITE_X0Y0 | X3Y1         |           1 |               0 |              33.000 | dbg_hub/inst/BSCANID.u_xsdbm_id/SWITCH_N_EXT_BSCAN.bscan_inst/SERIES7_BSCAN.bscan_inst/TCK | dbg_hub/inst/BSCANID.u_xsdbm_id/SWITCH_N_EXT_BSCAN.bscan_inst/SERIES7_BSCAN.bscan_inst/TCK                                     | dbg_hub/inst/BSCANID.u_xsdbm_id/SWITCH_N_EXT_BSCAN.bscan_inst/tck_bs                                             | Static          |
| src5      | g5        | BSCANE2/DRCK       | None            | CONFIG_SITE_X0Y0 | X3Y1         |           1 |               0 |              33.333 | top_i/microblaze_ss/mdm_1/U0/Use_E2.BSCAN_I/Use_E2.BSCANE2_I/DRCK                          | top_i/microblaze_ss/mdm_1/U0/Use_E2.BSCAN_I/Use_E2.BSCANE2_I/DRCK                                                              | top_i/microblaze_ss/mdm_1/U0/Use_E2.BSCAN_I/DRCK                                                                 | Static          |
| src6      | g6        | BSCANE2/UPDATE     | None            | CONFIG_SITE_X0Y0 | X3Y1         |           1 |               0 |              33.333 | top_i/microblaze_ss/mdm_1/U0/Use_E2.BSCAN_I/Use_E2.BSCANE2_I/UPDATE                        | top_i/microblaze_ss/mdm_1/U0/Use_E2.BSCAN_I/Use_E2.BSCANE2_I/UPDATE                                                            | top_i/microblaze_ss/mdm_1/U0/Use_E2.BSCAN_I/Dbg_Update_0                                                         | Static          |
| src7      | g7        | IBUFCTRL/O         | IOB_X0Y75       | IOB_X0Y75        | X0Y1         |           1 |               1 |               3.332 | default_sysclk_300_clk_p                                                                   | top_i/memory_ss/ddr4_0/inst/u_ddr4_mem_intfc/u_mig_ddr4_phy/inst/u_ddr4_phy_pll/diff_input_clk.u_ibufg_sys_clk/IBUFCTRL_INST/O | top_i/memory_ss/ddr4_0/inst/u_ddr4_mem_intfc/u_mig_ddr4_phy/inst/u_ddr4_phy_pll/diff_input_clk.u_ibufg_sys_clk/O | Static          |
+-----------+-----------+--------------------+-----------------+------------------+--------------+-------------+-----------------+---------------------+--------------------------------------------------------------------------------------------+--------------------------------------------------------------------------------------------------------------------------------+------------------------------------------------------------------------------------------------------------------+-----------------+
* Clock Loads column represents the clock pin loads (pin count)
** Non-Clock Loads column represents the non-clock pin loads (pin count)


4. Clock Regions : Clock Primitives
-----------------------------------

+-------------------+---------------+---------------+---------------+---------------+---------------+---------------+---------------+
|                   |  Global Clock |     BUFGCE    |   BUFGCE_DIV  |    BUFGCTRL   |    BUFG_GT    |      MMCM     |      PLL      |
+-------------------+-------+-------+-------+-------+-------+-------+-------+-------+-------+-------+-------+-------+-------+-------+
| Clock Region Name | Used  | Avail | Used  | Avail | Used  | Avail | Used  | Avail | Used  | Avail | Used  | Avail | Used  | Avail |
+-------------------+-------+-------+-------+-------+-------+-------+-------+-------+-------+-------+-------+-------+-------+-------+
| X0Y0              |     4 |    24 |     0 |    24 |     0 |     4 |     0 |     8 |     0 |     0 |     0 |     1 |     0 |     2 |
|  *RP1             |     3 |    24 |     0 |     0 |     0 |     0 |     0 |     0 |     0 |     0 |     0 |     0 |     0 |     0 -  -  -  -  -
| X1Y0              |     2 |    24 |     0 |     0 |     0 |     0 |     0 |     0 |     0 |     0 |     0 |     0 |     0 |     0 |
|  *RP1             |     2 |    24 |     0 |     0 |     0 |     0 |     0 |     0 |     0 |     0 |     0 |     0 |     0 |     0 -  -  -  -  -
| X2Y0              |     2 |    24 |     0 |    24 |     0 |     4 |     0 |     8 |     0 |     0 |     0 |     1 |     0 |     2 |
|  *RP1             |     1 |    24 |     0 |     0 |     0 |     0 |     0 |     0 |     0 |     0 |     0 |     0 |     0 |     0 -  -  -  -  -
| X3Y0              |     1 |    24 |     0 |     0 |     0 |     0 |     0 |     0 |     0 |    24 |     0 |     0 |     0 |     0 |
|  *RP1             |     1 |    24 |     0 |     0 |     0 |     0 |     0 |     0 |     0 |    24 |     0 |     0 |     0 |     0 -  -  -  -  -
| X0Y1              |     5 |    24 |     4 |    24 |     0 |     4 |     0 |     8 |     0 |     0 |     1 |     1 |     0 |     2 |
|  *RP1             |     5 |    24 |     4 |     0 |     0 |     0 |     0 |     0 |     0 |     0 |     1 |     0 |     0 |     0 -  -  -  -  -
| X1Y1              |     5 |    24 |     0 |     0 |     0 |     0 |     0 |     0 |     0 |     0 |     0 |     0 |     0 |     0 |
|  *RP1             |     5 |    24 |     0 |     0 |     0 |     0 |     0 |     0 |     0 |     0 |     0 |     0 |     0 |     0 -  -  -  -  -
| X2Y1              |     8 |    24 |     0 |    24 |     0 |     4 |     0 |     8 |     0 |     0 |     0 |     1 |     0 |     2 |
|  *RP1             |     4 |    24 |     0 |     0 |     0 |     0 |     0 |     0 |     0 |     0 |     0 |     0 |     0 |     0 -  -  -  -  -
| X3Y1              |     2 |    24 |     0 |     0 |     0 |     0 |     0 |     0 |     0 |    24 |     0 |     0 |     0 |     0 |
|  *RP1             |     2 |    24 |     0 |     0 |     0 |     0 |     0 |     0 |     0 |    24 |     0 |     0 |     0 |     0 -  -  -  -  -
| X0Y2              |     6 |    24 |     0 |    24 |     0 |     4 |     0 |     8 |     0 |     0 |     0 |     1 |     0 |     2 |
| X1Y2              |     4 |    24 |     0 |     0 |     0 |     0 |     0 |     0 |     0 |     0 |     0 |     0 |     0 |     0 |
| X2Y2              |     2 |    24 |     1 |    24 |     0 |     4 |     0 |     8 |     0 |     0 |     1 |     1 |     0 |     2 |
| X3Y2              |     0 |    24 |     0 |     0 |     0 |     0 |     0 |     0 |     0 |    24 |     0 |     0 |     0 |     0 |
| X0Y3              |     0 |    24 |     0 |    24 |     0 |     4 |     0 |     8 |     0 |     0 |     0 |     1 |     0 |     2 |
| X1Y3              |     0 |    24 |     0 |     0 |     0 |     0 |     0 |     0 |     0 |     0 |     0 |     0 |     0 |     0 |
| X2Y3              |     0 |    24 |     0 |    24 |     0 |     4 |     0 |     8 |     0 |     0 |     0 |     1 |     0 |     2 |
| X3Y3              |     0 |    24 |     0 |     0 |     0 |     0 |     0 |     0 |     0 |    24 |     0 |     0 |     0 |     0 |
| X0Y4              |     0 |    24 |     3 |    24 |     0 |     4 |     0 |     8 |     0 |     0 |     0 |     1 |     0 |     2 |
| X1Y4              |     0 |    24 |     0 |     0 |     0 |     0 |     0 |     0 |     0 |     0 |     0 |     0 |     0 |     0 |
| X2Y4              |     0 |    24 |     0 |    24 |     0 |     4 |     0 |     8 |     0 |     0 |     0 |     1 |     0 |     2 |
| X3Y4              |     0 |    24 |     0 |     0 |     0 |     0 |     0 |     0 |     0 |    24 |     0 |     0 |     0 |     0 |
+-------------------+-------+-------+-------+-------+-------+-------+-------+-------+-------+-------+-------+-------+-------+-------+
* Global Clock column represents track count; while other columns represents cell counts
** RP to Reconfigurable Instance Names Translation:
***  RP1: top_i/peripherals


5. Clock Regions : Load Primitives
----------------------------------

+-------------------+------------------+------------------+------------------+------------------+------------------+------------------+------------------+
|                   |   Global Clock   |        FF        |      LUTRAM      |  Block RAM (18K) |        DSP       |        GT        |      HARD IP     |
+-------------------+--------+---------+--------+---------+--------+---------+--------+---------+--------+---------+--------+---------+--------+---------+
| Clock Region Name | Used   | Avail   | Used   | Avail   | Used   | Avail   | Used   | Avail   | Used   | Avail   | Used   | Avail   | Used   | Avail   |
+-------------------+--------+---------+--------+---------+--------+---------+--------+---------+--------+---------+--------+---------+--------+---------+
| X0Y0              |      4 |      24 |   1485 |   23040 |     20 |    5760 |      0 |      72 |      0 |      96 |      0 |       0 |      0 |       0 |
|  *RP1             |      3 |      24 |     35 |   23040 |      0 |    5760 |      0 |     108 |      0 |      96 |      0 |       0 |      0 |       0 - 0 - 0 -
| X1Y0              |      2 |      24 |   1072 |   24000 |     46 |    6240 |      0 |      72 |      0 |      96 |      0 |       0 |      0 |       0 |
|  *RP1             |      2 |      24 |    611 |   24000 |     36 |    6240 |      0 |     108 |      0 |      96 |      0 |       0 |      0 |       0 - 0 - 0 -
| X2Y0              |      2 |      24 |     32 |   25920 |      0 |    7200 |      0 |      48 |      0 |     144 |      0 |       0 |      0 |       0 |
|  *RP1             |      1 |      24 |     32 |   25920 |      0 |    7200 |      0 |      72 |      0 |     144 |      0 |       0 |      0 |       0 - 0 - 0 -
| X3Y0              |      1 |      24 |      0 |   24000 |      0 |    3360 |      0 |      48 |      0 |      48 |      0 |       4 |      0 |       1 |
| X0Y1              |      5 |      24 |  10423 |   23040 |    233 |    5760 |      1 |      72 |      0 |      96 |      0 |       0 |      0 |       0 |
| X1Y1              |      5 |      24 |   8368 |   24000 |    541 |    6240 |     20 |      72 |      0 |      96 |      0 |       0 |      0 |       0 |
| X2Y1              |      8 |      24 |     12 |   25920 |      0 |    7200 |      0 |      48 |      0 |     144 |      0 |       0 |      0 |       0 |
| X3Y1              |      2 |      24 |    159 |   24000 |      0 |    3360 |      0 |      48 |      0 |      48 |      0 |       4 |      0 |       0 |
| X0Y2              |      6 |      24 |   7975 |   23040 |    586 |    5760 |     50 |      72 |      3 |      96 |      0 |       0 |      0 |       0 |
| X1Y2              |      4 |      24 |   5092 |   24000 |    160 |    6240 |      0 |      72 |      0 |      96 |      0 |       0 |      0 |       0 |
| X2Y2              |      2 |      24 |      1 |   25920 |      0 |    7200 |      0 |      48 |      0 |     144 |      0 |       0 |      0 |       0 |
| X3Y2              |      0 |      24 |      0 |   24000 |      0 |    3360 |      0 |      48 |      0 |      48 |      0 |       4 |      0 |       0 |
| X0Y3              |      0 |      24 |      0 |   23040 |      0 |    5760 |      0 |      72 |      0 |      96 |      0 |       0 |      0 |       0 |
| X1Y3              |      0 |      24 |      0 |   24000 |      0 |    6240 |      0 |      72 |      0 |      96 |      0 |       0 |      0 |       0 |
| X2Y3              |      0 |      24 |      0 |   25920 |      0 |    7200 |      0 |      48 |      0 |     144 |      0 |       0 |      0 |       0 |
| X3Y3              |      0 |      24 |      0 |   24000 |      0 |    3360 |      0 |      48 |      0 |      48 |      0 |       4 |      0 |       1 |
| X0Y4              |      0 |      24 |      0 |   23040 |      0 |    5760 |      0 |      72 |      0 |      96 |      0 |       0 |      0 |       0 |
| X1Y4              |      0 |      24 |      0 |   24000 |      0 |    6240 |      0 |      72 |      0 |      96 |      0 |       0 |      0 |       0 |
| X2Y4              |      0 |      24 |      0 |   25920 |      0 |    7200 |      0 |      48 |      0 |     144 |      0 |       0 |      0 |       0 |
| X3Y4              |      0 |      24 |      0 |   24000 |      0 |    3360 |      0 |      48 |      0 |      48 |      0 |       4 |      0 |       1 |
+-------------------+--------+---------+--------+---------+--------+---------+--------+---------+--------+---------+--------+---------+--------+---------+
* Global Clock column represents track count; while other columns represents cell counts
** RP to Reconfigurable Instance Names Translation:
***  RP1: top_i/peripherals


6. Clock Regions : Global Clock Summary
---------------------------------------

All Modules - Total Usage Sums of Static and RP modules
+----+----+----+----+----+
|    | X0 | X1 | X2 | X3 |
+----+----+----+----+----+
| Y4 |  0 |  0 |  0 |  0 |
| Y3 |  0 |  0 |  0 |  0 |
| Y2 |  5 |  6 |  2 |  0 |
| Y1 |  5 |  5 |  4 |  2 |
| Y0 |  3 |  2 |  1 |  1 |
+----+----+----+----+----+


top_i/peripherals - Usages of Clock Resources for Clocks Sourced (if any) in this RP Module
+----+----+----+----+----+
|    | X0 | X1 | X2 | X3 |
+----+----+----+----+----+
| Y4 |  0 |  0 |  0 |  0 |
| Y3 |  0 |  0 |  0 |  0 |
| Y2 |  0 |  0 |  0 |  0 |
| Y1 |  0 |  0 |  0 |  0 |
| Y0 |  0 |  0 |  0 |  0 |
+----+----+----+----+----+


7. Clock Regions : Routing Resource Utilization
-----------------------------------------------

All Modules - Total Usage Sums of Static and RP modules
+-------------------+----------------------+----------------------+----------------------+----------------------+
|                   |        HROUTES       |        HDISTRS       |        VROUTES       |        VDISTRS       |
+-------------------+------+-------+-------+------+-------+-------+------+-------+-------+------+-------+-------+
| Clock Region Name | Used | Avail | Util% | Used | Avail | Util% | Used | Avail | Util% | Used | Avail | Util% |
+-------------------+------+-------+-------+------+-------+-------+------+-------+-------+------+-------+-------+
| X0Y0              |    0 |    24 |  0.00 |    4 |    24 | 16.67 |    0 |    24 |  0.00 |    2 |    24 |  8.33 |
| X1Y0              |    0 |    24 |  0.00 |    2 |    24 |  8.33 |    0 |    24 |  0.00 |    1 |    24 |  4.17 |
| X2Y0              |    0 |    24 |  0.00 |    2 |    24 |  8.33 |    0 |    24 |  0.00 |    0 |    24 |  0.00 |
| X3Y0              |    0 |    24 |  0.00 |    1 |    24 |  4.17 |    0 |    24 |  0.00 |    0 |    24 |  0.00 |
| X0Y1              |    1 |    24 |  4.17 |    5 |    24 | 20.83 |    0 |    24 |  0.00 |    3 |    24 | 12.50 |
| X1Y1              |    0 |    24 |  0.00 |    5 |    24 | 20.83 |    4 |    24 | 16.67 |    4 |    24 | 16.67 |
| X2Y1              |    0 |    24 |  0.00 |    8 |    24 | 33.33 |    0 |    24 |  0.00 |    0 |    24 |  0.00 |
| X3Y1              |    0 |    24 |  0.00 |    2 |    24 |  8.33 |    0 |    24 |  0.00 |    0 |    24 |  0.00 |
| X0Y2              |    0 |    24 |  0.00 |    6 |    24 | 25.00 |    1 |    24 |  4.17 |    1 |    24 |  4.17 |
| X1Y2              |    2 |    24 |  8.33 |    4 |    24 | 16.67 |    4 |    24 | 16.67 |    0 |    24 |  0.00 |
| X2Y2              |    1 |    24 |  4.17 |    2 |    24 |  8.33 |    0 |    24 |  0.00 |    0 |    24 |  0.00 |
| X3Y2              |    0 |    24 |  0.00 |    0 |    24 |  0.00 |    0 |    24 |  0.00 |    0 |    24 |  0.00 |
| X0Y3              |    0 |    24 |  0.00 |    0 |    24 |  0.00 |    0 |    24 |  0.00 |    0 |    24 |  0.00 |
| X1Y3              |    0 |    24 |  0.00 |    0 |    24 |  0.00 |    3 |    24 | 12.50 |    0 |    24 |  0.00 |
| X2Y3              |    0 |    24 |  0.00 |    0 |    24 |  0.00 |    0 |    24 |  0.00 |    0 |    24 |  0.00 |
| X3Y3              |    0 |    24 |  0.00 |    0 |    24 |  0.00 |    0 |    24 |  0.00 |    0 |    24 |  0.00 |
| X0Y4              |    6 |    24 | 25.00 |    0 |    24 |  0.00 |    0 |    24 |  0.00 |    0 |    24 |  0.00 |
| X1Y4              |    3 |    24 | 12.50 |    0 |    24 |  0.00 |    3 |    24 | 12.50 |    0 |    24 |  0.00 |
| X2Y4              |    0 |    24 |  0.00 |    0 |    24 |  0.00 |    0 |    24 |  0.00 |    0 |    24 |  0.00 |
| X3Y4              |    0 |    24 |  0.00 |    0 |    24 |  0.00 |    0 |    24 |  0.00 |    0 |    24 |  0.00 |
+-------------------+------+-------+-------+------+-------+-------+------+-------+-------+------+-------+-------+


top_i/peripherals - Usages of Clock Resources for Clocks Sourced (if any) in this RP Module
+-------------------+----------------------+----------------------+----------------------+----------------------+
|                   |        HROUTES       |        HDISTRS       |        VROUTES       |        VDISTRS       |
+-------------------+------+-------+-------+------+-------+-------+------+-------+-------+------+-------+-------+
| Clock Region Name | Used | Avail | Util% | Used | Avail | Util% | Used | Avail | Util% | Used | Avail | Util% |
+-------------------+------+-------+-------+------+-------+-------+------+-------+-------+------+-------+-------+
| X0Y0              |    0 |    24 |  0.00 |    4 |    24 | 16.67 |    0 |    24 |  0.00 |    2 |    24 |  8.33 |
| X1Y0              |    0 |    24 |  0.00 |    2 |    24 |  8.33 |    0 |    24 |  0.00 |    1 |    24 |  4.17 |
| X2Y0              |    0 |    24 |  0.00 |    2 |    24 |  8.33 |    0 |    24 |  0.00 |    0 |    24 |  0.00 |
| X3Y0              |    0 |    24 |  0.00 |    1 |    24 |  4.17 |    0 |    24 |  0.00 |    0 |    24 |  0.00 |
| X0Y1              |    1 |    24 |  4.17 |    5 |    24 | 20.83 |    0 |    24 |  0.00 |    3 |    24 | 12.50 |
| X1Y1              |    0 |    24 |  0.00 |    5 |    24 | 20.83 |    4 |    24 | 16.67 |    4 |    24 | 16.67 |
| X2Y1              |    0 |    24 |  0.00 |    8 |    24 | 33.33 |    0 |    24 |  0.00 |    0 |    24 |  0.00 |
| X3Y1              |    0 |    24 |  0.00 |    2 |    24 |  8.33 |    0 |    24 |  0.00 |    0 |    24 |  0.00 |
+-------------------+------+-------+-------+------+-------+-------+------+-------+-------+------+-------+-------+


8. Device Cell Placement Summary for Global Clock g0
----------------------------------------------------

+-----------+-----------------+-------------------+--------------+-------------+---------------+----------+-------------+----------+----------------+----------+-------------------------------------------------------------------+-----------------+
| Global Id | Driver Type/Pin | Driver Region (D) | Clock        | Period (ns) | Waveform (ns) | Root (R) | Slice Loads | IO Loads | Clocking Loads | GT Loads | Net                                                               | PR Clock Source |
+-----------+-----------------+-------------------+--------------+-------------+---------------+----------+-------------+----------+----------------+----------+-------------------------------------------------------------------+-----------------+
| g0        | BUFGCE/O        | X0Y1              | mmcm_clkout0 |       3.332 | {0.000 1.666} | X0Y1     |       26817 |        0 |              3 |        0 | top_i/memory_ss/ddr4_0/inst/u_ddr4_infrastructure/u_bufg_divClk_0 | Static          |
+-----------+-----------------+-------------------+--------------+-------------+---------------+----------+-------------+----------+----------------+----------+-------------------------------------------------------------------+-----------------+
* Slice Loads column represents load cell count of all cell types other than IO, GT and clock resources
** IO Loads column represents load cell count of IO types
*** Clocking Loads column represents load cell count that are clock resources (global clock buffer, MMCM, PLL, etc)
**** GT Loads column represents load cell count of GT types


+----+---------------+-------+----+----+-----------------------+
|    | X0            | X1    | X2 | X3 | HORIZONTAL PROG DELAY |
+----+---------------+-------+----+----+-----------------------+
| Y4 |             0 |     0 |  0 |  0 |                     0 |
| Y3 |             0 |     0 |  0 |  0 |                     0 |
| Y2 |          6954 |  3515 |  0 |  0 |                     1 |
| Y1 | (R) (D) 10525 |  4152 |  0 |  0 |                     1 |
| Y0 |          1442 |   232 |  0 |  0 |                     0 |
+----+---------------+-------+----+----+-----------------------+


9. Device Cell Placement Summary for Global Clock g1
----------------------------------------------------

+-----------+-----------------+-------------------+--------------------------+-------------+---------------+----------+-------------+----------+----------------+----------+-------------------------------+-----------------+
| Global Id | Driver Type/Pin | Driver Region (D) | Clock                    | Period (ns) | Waveform (ns) | Root (R) | Slice Loads | IO Loads | Clocking Loads | GT Loads | Net                           | PR Clock Source |
+-----------+-----------------+-------------------+--------------------------+-------------+---------------+----------+-------------+----------+----------------+----------+-------------------------------+-----------------+
| g1        | BUFGCE/O        | X2Y2              | clk_out1_top_clk_wiz_1_0 |      10.000 | {0.000 5.000} | X1Y1     |        6668 |        0 |              0 |        0 | top_i/clk_wiz_1/inst/clk_out1 | Static          |
+-----------+-----------------+-------------------+--------------------------+-------------+---------------+----------+-------------+----------+----------------+----------+-------------------------------+-----------------+
* Slice Loads column represents load cell count of all cell types other than IO, GT and clock resources
** IO Loads column represents load cell count of IO types
*** Clocking Loads column represents load cell count that are clock resources (global clock buffer, MMCM, PLL, etc)
**** GT Loads column represents load cell count of GT types


+----+-----+----------+--------+----+-----------------------+
|    | X0  | X1       | X2     | X3 | HORIZONTAL PROG DELAY |
+----+-----+----------+--------+----+-----------------------+
| Y4 |   0 |        0 |      0 |  0 |                     0 |
| Y3 |   0 |        0 |      0 |  0 |                     0 |
| Y2 |   0 |     1190 |  (D) 0 |  0 |                     1 |
| Y1 |  18 | (R) 4507 |      0 |  0 |                     1 |
| Y0 |  35 |      886 |     32 |  0 |                     0 |
+----+-----+----------+--------+----+-----------------------+


10. Device Cell Placement Summary for Global Clock g2
-----------------------------------------------------

+-----------+-----------------+-------------------+--------------+-------------+---------------+----------+-------------+----------+----------------+----------+--------------------------------------------------------------+-----------------+
| Global Id | Driver Type/Pin | Driver Region (D) | Clock        | Period (ns) | Waveform (ns) | Root (R) | Slice Loads | IO Loads | Clocking Loads | GT Loads | Net                                                          | PR Clock Source |
+-----------+-----------------+-------------------+--------------+-------------+---------------+----------+-------------+----------+----------------+----------+--------------------------------------------------------------+-----------------+
| g2        | BUFGCE/O        | X0Y1              | mmcm_clkout6 |       6.664 | {0.000 3.332} | X0Y1     |        1585 |        0 |              0 |        0 | top_i/memory_ss/ddr4_0/inst/u_ddr4_infrastructure/c0_riu_clk | Static          |
+-----------+-----------------+-------------------+--------------+-------------+---------------+----------+-------------+----------+----------------+----------+--------------------------------------------------------------+-----------------+
* Slice Loads column represents load cell count of all cell types other than IO, GT and clock resources
** IO Loads column represents load cell count of IO types
*** Clocking Loads column represents load cell count that are clock resources (global clock buffer, MMCM, PLL, etc)
**** GT Loads column represents load cell count of GT types


+----+-------------+----+----+----+-----------------------+
|    | X0          | X1 | X2 | X3 | HORIZONTAL PROG DELAY |
+----+-------------+----+----+----+-----------------------+
| Y4 |           0 |  0 |  0 |  0 |                     0 |
| Y3 |           0 |  0 |  0 |  0 |                     0 |
| Y2 |        1378 |  0 |  0 |  0 |                     1 |
| Y1 | (R) (D) 130 |  0 |  0 |  0 |                     1 |
| Y0 |          77 |  0 |  0 |  0 |                     0 |
+----+-------------+----+----+----+-----------------------+


11. Device Cell Placement Summary for Global Clock g3
-----------------------------------------------------

+-----------+-----------------+-------------------+--------------+-------------+---------------+----------+-------------+----------+----------------+----------+-----------------------------------------------------------+-----------------+
| Global Id | Driver Type/Pin | Driver Region (D) | Clock        | Period (ns) | Waveform (ns) | Root (R) | Slice Loads | IO Loads | Clocking Loads | GT Loads | Net                                                       | PR Clock Source |
+-----------+-----------------+-------------------+--------------+-------------+---------------+----------+-------------+----------+----------------+----------+-----------------------------------------------------------+-----------------+
| g3        | BUFGCE/O        | X0Y1              | mmcm_clkout5 |      13.328 | {0.000 6.664} | X0Y2     |         551 |        0 |              0 |        0 | top_i/memory_ss/ddr4_0/inst/u_ddr4_infrastructure/dbg_clk | Static          |
+-----------+-----------------+-------------------+--------------+-------------+---------------+----------+-------------+----------+----------------+----------+-----------------------------------------------------------+-----------------+
* Slice Loads column represents load cell count of all cell types other than IO, GT and clock resources
** IO Loads column represents load cell count of IO types
*** Clocking Loads column represents load cell count that are clock resources (global clock buffer, MMCM, PLL, etc)
**** GT Loads column represents load cell count of GT types


+----+---------+------+----+----+-----------------------+
|    | X0      | X1   | X2 | X3 | HORIZONTAL PROG DELAY |
+----+---------+------+----+----+-----------------------+
| Y4 |       0 |    0 |  0 |  0 |                     0 |
| Y3 |       0 |    0 |  0 |  0 |                     0 |
| Y2 | (R) 287 |  264 |  0 |  0 |                     0 |
| Y1 |   (D) 0 |    0 |  0 |  0 |                     0 |
| Y0 |       0 |    0 |  0 |  0 |                     0 |
+----+---------+------+----+----+-----------------------+


12. Device Cell Placement Summary for Global Clock g4
-----------------------------------------------------

+-----------+-----------------+-------------------+--------------------------------------------------------------------------------------------+-------------+----------------+----------+-------------+----------+----------------+----------+----------------------------------------+-----------------+
| Global Id | Driver Type/Pin | Driver Region (D) | Clock                                                                                      | Period (ns) | Waveform (ns)  | Root (R) | Slice Loads | IO Loads | Clocking Loads | GT Loads | Net                                    | PR Clock Source |
+-----------+-----------------+-------------------+--------------------------------------------------------------------------------------------+-------------+----------------+----------+-------------+----------+----------------+----------+----------------------------------------+-----------------+
| g4        | BUFGCE/O        | X0Y4              | dbg_hub/inst/BSCANID.u_xsdbm_id/SWITCH_N_EXT_BSCAN.bscan_inst/SERIES7_BSCAN.bscan_inst/TCK |      33.000 | {0.000 16.500} | X1Y1     |         461 |        0 |              0 |        0 | dbg_hub/inst/BSCANID.u_xsdbm_id/itck_i | Static          |
+-----------+-----------------+-------------------+--------------------------------------------------------------------------------------------+-------------+----------------+----------+-------------+----------+----------------+----------+----------------------------------------+-----------------+
* Slice Loads column represents load cell count of all cell types other than IO, GT and clock resources
** IO Loads column represents load cell count of IO types
*** Clocking Loads column represents load cell count that are clock resources (global clock buffer, MMCM, PLL, etc)
**** GT Loads column represents load cell count of GT types


+----+--------+-------+----+------+-----------------------+
|    | X0     | X1    | X2 | X3   | HORIZONTAL PROG DELAY |
+----+--------+-------+----+------+-----------------------+
| Y4 |  (D) 0 |     0 |  0 |    0 |                     0 |
| Y3 |      0 |     0 |  0 |    0 |                     0 |
| Y2 |     18 |   283 |  1 |    0 |                     0 |
| Y1 |      0 | (R) 0 |  0 |  159 |                     0 |
| Y0 |      0 |     0 |  0 |    0 |                     0 |
+----+--------+-------+----+------+-----------------------+


13. Device Cell Placement Summary for Global Clock g5
-----------------------------------------------------

+-----------+-----------------+-------------------+-------------------------------------------------------------------+-------------+----------------+----------+-------------+----------+----------------+----------+--------------------------------------------------------------------+-----------------+
| Global Id | Driver Type/Pin | Driver Region (D) | Clock                                                             | Period (ns) | Waveform (ns)  | Root (R) | Slice Loads | IO Loads | Clocking Loads | GT Loads | Net                                                                | PR Clock Source |
+-----------+-----------------+-------------------+-------------------------------------------------------------------+-------------+----------------+----------+-------------+----------+----------------+----------+--------------------------------------------------------------------+-----------------+
| g5        | BUFGCE/O        | X0Y4              | top_i/microblaze_ss/mdm_1/U0/Use_E2.BSCAN_I/Use_E2.BSCANE2_I/DRCK |      33.333 | {0.000 16.667} | X1Y1     |         234 |        0 |              0 |        0 | top_i/microblaze_ss/mdm_1/U0/No_Dbg_Reg_Access.BUFG_DRCK/Dbg_Clk_0 | Static          |
+-----------+-----------------+-------------------+-------------------------------------------------------------------+-------------+----------------+----------+-------------+----------+----------------+----------+--------------------------------------------------------------------+-----------------+
* Slice Loads column represents load cell count of all cell types other than IO, GT and clock resources
** IO Loads column represents load cell count of IO types
*** Clocking Loads column represents load cell count that are clock resources (global clock buffer, MMCM, PLL, etc)
**** GT Loads column represents load cell count of GT types


+----+--------+---------+----+----+-----------------------+
|    | X0     | X1      | X2 | X3 | HORIZONTAL PROG DELAY |
+----+--------+---------+----+----+-----------------------+
| Y4 |  (D) 0 |       0 |  0 |  0 |                     0 |
| Y3 |      0 |       0 |  0 |  0 |                     0 |
| Y2 |      0 |       0 |  0 |  0 |                     0 |
| Y1 |      0 | (R) 230 |  4 |  0 |                     0 |
| Y0 |      0 |       0 |  0 |  0 |                     0 |
+----+--------+---------+----+----+-----------------------+


14. Device Cell Placement Summary for Global Clock g6
-----------------------------------------------------

+-----------+-----------------+-------------------+---------------------------------------------------------------------+-------------+----------------+----------+-------------+----------+----------------+----------+-----------------------------------------------------------------+-----------------+
| Global Id | Driver Type/Pin | Driver Region (D) | Clock                                                               | Period (ns) | Waveform (ns)  | Root (R) | Slice Loads | IO Loads | Clocking Loads | GT Loads | Net                                                             | PR Clock Source |
+-----------+-----------------+-------------------+---------------------------------------------------------------------+-------------+----------------+----------+-------------+----------+----------------+----------+-----------------------------------------------------------------+-----------------+
| g6        | BUFGCE/O        | X0Y4              | top_i/microblaze_ss/mdm_1/U0/Use_E2.BSCAN_I/Use_E2.BSCANE2_I/UPDATE |      33.333 | {0.000 16.667} | X1Y1     |          39 |        0 |              0 |        0 | top_i/microblaze_ss/mdm_1/U0/Use_E2.BSCAN_I/Dbg_Update_0_BUFGCE | Static          |
+-----------+-----------------+-------------------+---------------------------------------------------------------------+-------------+----------------+----------+-------------+----------+----------------+----------+-----------------------------------------------------------------+-----------------+
* Slice Loads column represents load cell count of all cell types other than IO, GT and clock resources
** IO Loads column represents load cell count of IO types
*** Clocking Loads column represents load cell count that are clock resources (global clock buffer, MMCM, PLL, etc)
**** GT Loads column represents load cell count of GT types


+----+--------+--------+----+----+-----------------------+
|    | X0     | X1     | X2 | X3 | HORIZONTAL PROG DELAY |
+----+--------+--------+----+----+-----------------------+
| Y4 |  (D) 0 |      0 |  0 |  0 |                     0 |
| Y3 |      0 |      0 |  0 |  0 |                     0 |
| Y2 |      0 |      0 |  0 |  0 |                     0 |
| Y1 |      0 | (R) 31 |  8 |  0 |                     0 |
| Y0 |      0 |      0 |  0 |  0 |                     0 |
+----+--------+--------+----+----+-----------------------+


15. Device Cell Placement Summary for Global Clock g7
-----------------------------------------------------

+-----------+-----------------+-------------------+--------------------------+-------------+---------------+----------+-------------+----------+----------------+----------+-------------------------------------------------------------------+-----------------+
| Global Id | Driver Type/Pin | Driver Region (D) | Clock                    | Period (ns) | Waveform (ns) | Root (R) | Slice Loads | IO Loads | Clocking Loads | GT Loads | Net                                                               | PR Clock Source |
+-----------+-----------------+-------------------+--------------------------+-------------+---------------+----------+-------------+----------+----------------+----------+-------------------------------------------------------------------+-----------------+
| g7        | BUFGCE/O        | X0Y1              | default_sysclk_300_clk_p |       3.332 | {0.000 1.666} | X0Y1     |          17 |        0 |              0 |        0 | top_i/memory_ss/ddr4_0/inst/u_ddr4_infrastructure/sys_clk_in_bufg | Static          |
+-----------+-----------------+-------------------+--------------------------+-------------+---------------+----------+-------------+----------+----------------+----------+-------------------------------------------------------------------+-----------------+
* Slice Loads column represents load cell count of all cell types other than IO, GT and clock resources
** IO Loads column represents load cell count of IO types
*** Clocking Loads column represents load cell count that are clock resources (global clock buffer, MMCM, PLL, etc)
**** GT Loads column represents load cell count of GT types


+----+------------+----+----+----+-----------------------+
|    | X0         | X1 | X2 | X3 | HORIZONTAL PROG DELAY |
+----+------------+----+----+----+-----------------------+
| Y4 |          0 |  0 |  0 |  0 |                     0 |
| Y3 |          0 |  0 |  0 |  0 |                     0 |
| Y2 |          1 |  0 |  0 |  0 |                     0 |
| Y1 | (R) (D) 16 |  0 |  0 |  0 |                     0 |
| Y0 |          0 |  0 |  0 |  0 |                     0 |
+----+------------+----+----+----+-----------------------+


16. Clock Region Cell Placement per Global Clock: Region X0Y0
-------------------------------------------------------------

+-----------+-------+-----------------+------------+-------------+-----------------+------+--------+------+-----+----+------+-----+---------+-------------------------------------------------------------------+
| Global Id | Track | Driver Type/Pin | Constraint | Clock Loads | Non-Clock Loads | FF   | LUTRAM | RAMB | DSP | GT | MMCM | PLL | Hard IP | Net                                                               |
+-----------+-------+-----------------+------------+-------------+-----------------+------+--------+------+-----+----+------+-----+---------+-------------------------------------------------------------------+
| g0        | 5     | BUFGCE/O        | None       |        1441 |               1 | 1381 |     20 |    0 |   0 |  0 |    0 |   1 |       0 | top_i/memory_ss/ddr4_0/inst/u_ddr4_infrastructure/u_bufg_divClk_0 |
| g1        | 4     | BUFGCE/O        | None       |          35 |               0 |   35 |      0 |    0 |   0 |  0 |    0 |   0 |       0 | top_i/clk_wiz_1/inst/clk_out1                                     |
| g2        | 0     | BUFGCE/O        | None       |          77 |               0 |   69 |      0 |    0 |   0 |  0 |    0 |   0 |       0 | top_i/memory_ss/ddr4_0/inst/u_ddr4_infrastructure/c0_riu_clk      |
+-----------+-------+-----------------+------------+-------------+-----------------+------+--------+------+-----+----+------+-----+---------+-------------------------------------------------------------------+
* Clock Loads column represents the clock pin loads (pin count)
** Non-Clock Loads column represents the non-clock pin loads (pin count)
*** Columns FF, LUTRAM, RAMB through 'Hard IP' represents load cell counts


17. Clock Region Cell Placement per Global Clock: Region X1Y0
-------------------------------------------------------------

+-----------+-------+-----------------+------------+-------------+-----------------+-----+--------+------+-----+----+------+-----+---------+-------------------------------------------------------------------+
| Global Id | Track | Driver Type/Pin | Constraint | Clock Loads | Non-Clock Loads | FF  | LUTRAM | RAMB | DSP | GT | MMCM | PLL | Hard IP | Net                                                               |
+-----------+-------+-----------------+------------+-------------+-----------------+-----+--------+------+-----+----+------+-----+---------+-------------------------------------------------------------------+
| g0        | 5     | BUFGCE/O        | None       |         232 |               0 | 228 |      4 |    0 |   0 |  0 |    0 |   0 |       0 | top_i/memory_ss/ddr4_0/inst/u_ddr4_infrastructure/u_bufg_divClk_0 |
| g1        | 4     | BUFGCE/O        | None       |         886 |               0 | 844 |     42 |    0 |   0 |  0 |    0 |   0 |       0 | top_i/clk_wiz_1/inst/clk_out1                                     |
+-----------+-------+-----------------+------------+-------------+-----------------+-----+--------+------+-----+----+------+-----+---------+-------------------------------------------------------------------+
* Clock Loads column represents the clock pin loads (pin count)
** Non-Clock Loads column represents the non-clock pin loads (pin count)
*** Columns FF, LUTRAM, RAMB through 'Hard IP' represents load cell counts


18. Clock Region Cell Placement per Global Clock: Region X2Y0
-------------------------------------------------------------

+-----------+-------+-----------------+------------+-------------+-----------------+----+--------+------+-----+----+------+-----+---------+-------------------------------+
| Global Id | Track | Driver Type/Pin | Constraint | Clock Loads | Non-Clock Loads | FF | LUTRAM | RAMB | DSP | GT | MMCM | PLL | Hard IP | Net                           |
+-----------+-------+-----------------+------------+-------------+-----------------+----+--------+------+-----+----+------+-----+---------+-------------------------------+
| g1        | 4     | BUFGCE/O        | None       |          32 |               0 | 32 |      0 |    0 |   0 |  0 |    0 |   0 |       0 | top_i/clk_wiz_1/inst/clk_out1 |
+-----------+-------+-----------------+------------+-------------+-----------------+----+--------+------+-----+----+------+-----+---------+-------------------------------+
* Clock Loads column represents the clock pin loads (pin count)
** Non-Clock Loads column represents the non-clock pin loads (pin count)
*** Columns FF, LUTRAM, RAMB through 'Hard IP' represents load cell counts


19. Clock Region Cell Placement per Global Clock: Region X3Y0
-------------------------------------------------------------

+-----------+-------+-----------------+------------+-------------+-----------------+----+--------+------+-----+----+------+-----+---------+-------------------------------+
| Global Id | Track | Driver Type/Pin | Constraint | Clock Loads | Non-Clock Loads | FF | LUTRAM | RAMB | DSP | GT | MMCM | PLL | Hard IP | Net                           |
+-----------+-------+-----------------+------------+-------------+-----------------+----+--------+------+-----+----+------+-----+---------+-------------------------------+
| g1+       | 4     | BUFGCE/O        | None       |           0 |               0 |  0 |      0 |    0 |   0 |  0 |    0 |   0 |       0 | top_i/clk_wiz_1/inst/clk_out1 |
+-----------+-------+-----------------+------------+-------------+-----------------+----+--------+------+-----+----+------+-----+---------+-------------------------------+
* Clock Loads column represents the clock pin loads (pin count)
** Non-Clock Loads column represents the non-clock pin loads (pin count)
*** Columns FF, LUTRAM, RAMB through 'Hard IP' represents load cell counts
**** In Global Id column, sympbol '+' indicates that global clock was used only to route through the clock region.


20. Clock Region Cell Placement per Global Clock: Region X0Y1
-------------------------------------------------------------

+-----------+-------+-----------------+------------+-------------+-----------------+-------+--------+------+-----+----+------+-----+---------+-------------------------------------------------------------------+
| Global Id | Track | Driver Type/Pin | Constraint | Clock Loads | Non-Clock Loads | FF    | LUTRAM | RAMB | DSP | GT | MMCM | PLL | Hard IP | Net                                                               |
+-----------+-------+-----------------+------------+-------------+-----------------+-------+--------+------+-----+----+------+-----+---------+-------------------------------------------------------------------+
| g0        | 5     | BUFGCE/O        | None       |       10524 |               1 | 10267 |    231 |    1 |   0 |  0 |    0 |   1 |       0 | top_i/memory_ss/ddr4_0/inst/u_ddr4_infrastructure/u_bufg_divClk_0 |
| g1        | 4     | BUFGCE/O        | None       |          18 |               0 |    16 |      2 |    0 |   0 |  0 |    0 |   0 |       0 | top_i/clk_wiz_1/inst/clk_out1                                     |
| g2        | 0     | BUFGCE/O        | None       |         130 |               0 |   124 |      0 |    0 |   0 |  0 |    0 |   0 |       0 | top_i/memory_ss/ddr4_0/inst/u_ddr4_infrastructure/c0_riu_clk      |
| g3+       | 3     | BUFGCE/O        | None       |           0 |               0 |     0 |      0 |    0 |   0 |  0 |    0 |   0 |       0 | top_i/memory_ss/ddr4_0/inst/u_ddr4_infrastructure/dbg_clk         |
| g7        | 23    | BUFGCE/O        | None       |          16 |               0 |    16 |      0 |    0 |   0 |  0 |    0 |   0 |       0 | top_i/memory_ss/ddr4_0/inst/u_ddr4_infrastructure/sys_clk_in_bufg |
+-----------+-------+-----------------+------------+-------------+-----------------+-------+--------+------+-----+----+------+-----+---------+-------------------------------------------------------------------+
* Clock Loads column represents the clock pin loads (pin count)
** Non-Clock Loads column represents the non-clock pin loads (pin count)
*** Columns FF, LUTRAM, RAMB through 'Hard IP' represents load cell counts
**** In Global Id column, sympbol '+' indicates that global clock was used only to route through the clock region.


21. Clock Region Cell Placement per Global Clock: Region X1Y1
-------------------------------------------------------------

+-----------+-------+-----------------+------------+-------------+-----------------+------+--------+------+-----+----+------+-----+---------+--------------------------------------------------------------------+
| Global Id | Track | Driver Type/Pin | Constraint | Clock Loads | Non-Clock Loads | FF   | LUTRAM | RAMB | DSP | GT | MMCM | PLL | Hard IP | Net                                                                |
+-----------+-------+-----------------+------------+-------------+-----------------+------+--------+------+-----+----+------+-----+---------+--------------------------------------------------------------------+
| g0        | 5     | BUFGCE/O        | None       |        4152 |               0 | 4034 |    116 |    2 |   0 |  0 |    0 |   0 |       0 | top_i/memory_ss/ddr4_0/inst/u_ddr4_infrastructure/u_bufg_divClk_0  |
| g1        | 4     | BUFGCE/O        | None       |        4507 |               0 | 4098 |    401 |    8 |   0 |  0 |    0 |   0 |       0 | top_i/clk_wiz_1/inst/clk_out1                                      |
| g4+       | 2     | BUFGCE/O        | None       |           0 |               0 |    0 |      0 |    0 |   0 |  0 |    0 |   0 |       0 | dbg_hub/inst/BSCANID.u_xsdbm_id/itck_i                             |
| g5        | 1     | BUFGCE/O        | None       |         230 |               0 |  206 |     24 |    0 |   0 |  0 |    0 |   0 |       0 | top_i/microblaze_ss/mdm_1/U0/No_Dbg_Reg_Access.BUFG_DRCK/Dbg_Clk_0 |
| g6        | 6     | BUFGCE/O        | None       |          30 |               1 |   30 |      0 |    0 |   0 |  0 |    0 |   0 |       0 | top_i/microblaze_ss/mdm_1/U0/Use_E2.BSCAN_I/Dbg_Update_0_BUFGCE    |
+-----------+-------+-----------------+------------+-------------+-----------------+------+--------+------+-----+----+------+-----+---------+--------------------------------------------------------------------+
* Clock Loads column represents the clock pin loads (pin count)
** Non-Clock Loads column represents the non-clock pin loads (pin count)
*** Columns FF, LUTRAM, RAMB through 'Hard IP' represents load cell counts
**** In Global Id column, sympbol '+' indicates that global clock was used only to route through the clock region.


22. Clock Region Cell Placement per Global Clock: Region X2Y1
-------------------------------------------------------------

+-----------+-------+-----------------+------------+-------------+-----------------+----+--------+------+-----+----+------+-----+---------+--------------------------------------------------------------------+
| Global Id | Track | Driver Type/Pin | Constraint | Clock Loads | Non-Clock Loads | FF | LUTRAM | RAMB | DSP | GT | MMCM | PLL | Hard IP | Net                                                                |
+-----------+-------+-----------------+------------+-------------+-----------------+----+--------+------+-----+----+------+-----+---------+--------------------------------------------------------------------+
| g1+       | 4     | BUFGCE/O        | None       |           0 |               0 |  0 |      0 |    0 |   0 |  0 |    0 |   0 |       0 | top_i/clk_wiz_1/inst/clk_out1                                      |
| g4+       | 2     | BUFGCE/O        | None       |           0 |               0 |  0 |      0 |    0 |   0 |  0 |    0 |   0 |       0 | dbg_hub/inst/BSCANID.u_xsdbm_id/itck_i                             |
| g5        | 1     | BUFGCE/O        | None       |           4 |               0 |  4 |      0 |    0 |   0 |  0 |    0 |   0 |       0 | top_i/microblaze_ss/mdm_1/U0/No_Dbg_Reg_Access.BUFG_DRCK/Dbg_Clk_0 |
| g6        | 6     | BUFGCE/O        | None       |           8 |               0 |  8 |      0 |    0 |   0 |  0 |    0 |   0 |       0 | top_i/microblaze_ss/mdm_1/U0/Use_E2.BSCAN_I/Dbg_Update_0_BUFGCE    |
+-----------+-------+-----------------+------------+-------------+-----------------+----+--------+------+-----+----+------+-----+---------+--------------------------------------------------------------------+
* Clock Loads column represents the clock pin loads (pin count)
** Non-Clock Loads column represents the non-clock pin loads (pin count)
*** Columns FF, LUTRAM, RAMB through 'Hard IP' represents load cell counts
**** In Global Id column, sympbol '+' indicates that global clock was used only to route through the clock region.


23. Clock Region Cell Placement per Global Clock: Region X3Y1
-------------------------------------------------------------

+-----------+-------+-----------------+------------+-------------+-----------------+-----+--------+------+-----+----+------+-----+---------+----------------------------------------+
| Global Id | Track | Driver Type/Pin | Constraint | Clock Loads | Non-Clock Loads | FF  | LUTRAM | RAMB | DSP | GT | MMCM | PLL | Hard IP | Net                                    |
+-----------+-------+-----------------+------------+-------------+-----------------+-----+--------+------+-----+----+------+-----+---------+----------------------------------------+
| g1+       | 4     | BUFGCE/O        | None       |           0 |               0 |   0 |      0 |    0 |   0 |  0 |    0 |   0 |       0 | top_i/clk_wiz_1/inst/clk_out1          |
| g4        | 2     | BUFGCE/O        | None       |         159 |               0 | 159 |      0 |    0 |   0 |  0 |    0 |   0 |       0 | dbg_hub/inst/BSCANID.u_xsdbm_id/itck_i |
+-----------+-------+-----------------+------------+-------------+-----------------+-----+--------+------+-----+----+------+-----+---------+----------------------------------------+
* Clock Loads column represents the clock pin loads (pin count)
** Non-Clock Loads column represents the non-clock pin loads (pin count)
*** Columns FF, LUTRAM, RAMB through 'Hard IP' represents load cell counts
**** In Global Id column, sympbol '+' indicates that global clock was used only to route through the clock region.


24. Clock Region Cell Placement per Global Clock: Region X0Y2
-------------------------------------------------------------

+-----------+-------+-----------------+------------+-------------+-----------------+------+--------+------+-----+----+------+-----+---------+-------------------------------------------------------------------+
| Global Id | Track | Driver Type/Pin | Constraint | Clock Loads | Non-Clock Loads | FF   | LUTRAM | RAMB | DSP | GT | MMCM | PLL | Hard IP | Net                                                               |
+-----------+-------+-----------------+------------+-------------+-----------------+------+--------+------+-----+----+------+-----+---------+-------------------------------------------------------------------+
| g0        | 5     | BUFGCE/O        | None       |        6953 |               1 | 6427 |    485 |    1 |   0 |  0 |    0 |   1 |       0 | top_i/memory_ss/ddr4_0/inst/u_ddr4_infrastructure/u_bufg_divClk_0 |
| g2        | 0     | BUFGCE/O        | None       |        1378 |               0 | 1245 |     98 |   24 |   3 |  0 |    0 |   0 |       0 | top_i/memory_ss/ddr4_0/inst/u_ddr4_infrastructure/c0_riu_clk      |
| g3        | 3     | BUFGCE/O        | None       |         287 |               0 |  287 |      0 |    0 |   0 |  0 |    0 |   0 |       0 | top_i/memory_ss/ddr4_0/inst/u_ddr4_infrastructure/dbg_clk         |
| g4        | 2     | BUFGCE/O        | None       |          18 |               0 |   15 |      3 |    0 |   0 |  0 |    0 |   0 |       0 | dbg_hub/inst/BSCANID.u_xsdbm_id/itck_i                            |
| g7        | 23    | BUFGCE/O        | None       |           1 |               0 |    1 |      0 |    0 |   0 |  0 |    0 |   0 |       0 | top_i/memory_ss/ddr4_0/inst/u_ddr4_infrastructure/sys_clk_in_bufg |
+-----------+-------+-----------------+------------+-------------+-----------------+------+--------+------+-----+----+------+-----+---------+-------------------------------------------------------------------+
* Clock Loads column represents the clock pin loads (pin count)
** Non-Clock Loads column represents the non-clock pin loads (pin count)
*** Columns FF, LUTRAM, RAMB through 'Hard IP' represents load cell counts


25. Clock Region Cell Placement per Global Clock: Region X1Y2
-------------------------------------------------------------

+-----------+-------+-----------------+------------+-------------+-----------------+------+--------+------+-----+----+------+-----+---------+--------------------------------------------------------------------+
| Global Id | Track | Driver Type/Pin | Constraint | Clock Loads | Non-Clock Loads | FF   | LUTRAM | RAMB | DSP | GT | MMCM | PLL | Hard IP | Net                                                                |
+-----------+-------+-----------------+------------+-------------+-----------------+------+--------+------+-----+----+------+-----+---------+--------------------------------------------------------------------+
| g0        | 5     | BUFGCE/O        | None       |        3515 |               0 | 3359 |    156 |    0 |   0 |  0 |    0 |   0 |       0 | top_i/memory_ss/ddr4_0/inst/u_ddr4_infrastructure/u_bufg_divClk_0  |
| g1        | 4     | BUFGCE/O        | None       |        1190 |               0 | 1189 |      1 |    0 |   0 |  0 |    0 |   0 |       0 | top_i/clk_wiz_1/inst/clk_out1                                      |
| g3        | 3     | BUFGCE/O        | None       |         264 |               0 |  261 |      3 |    0 |   0 |  0 |    0 |   0 |       0 | top_i/memory_ss/ddr4_0/inst/u_ddr4_infrastructure/dbg_clk          |
| g4        | 2     | BUFGCE/O        | None       |         283 |               0 |  283 |      0 |    0 |   0 |  0 |    0 |   0 |       0 | dbg_hub/inst/BSCANID.u_xsdbm_id/itck_i                             |
| g5+       | 1     | BUFGCE/O        | None       |           0 |               0 |    0 |      0 |    0 |   0 |  0 |    0 |   0 |       0 | top_i/microblaze_ss/mdm_1/U0/No_Dbg_Reg_Access.BUFG_DRCK/Dbg_Clk_0 |
| g6+       | 6     | BUFGCE/O        | None       |           0 |               0 |    0 |      0 |    0 |   0 |  0 |    0 |   0 |       0 | top_i/microblaze_ss/mdm_1/U0/Use_E2.BSCAN_I/Dbg_Update_0_BUFGCE    |
+-----------+-------+-----------------+------------+-------------+-----------------+------+--------+------+-----+----+------+-----+---------+--------------------------------------------------------------------+
* Clock Loads column represents the clock pin loads (pin count)
** Non-Clock Loads column represents the non-clock pin loads (pin count)
*** Columns FF, LUTRAM, RAMB through 'Hard IP' represents load cell counts
**** In Global Id column, sympbol '+' indicates that global clock was used only to route through the clock region.


26. Clock Region Cell Placement per Global Clock: Region X2Y2
-------------------------------------------------------------

+-----------+-------+-----------------+------------+-------------+-----------------+----+--------+------+-----+----+------+-----+---------+----------------------------------------+
| Global Id | Track | Driver Type/Pin | Constraint | Clock Loads | Non-Clock Loads | FF | LUTRAM | RAMB | DSP | GT | MMCM | PLL | Hard IP | Net                                    |
+-----------+-------+-----------------+------------+-------------+-----------------+----+--------+------+-----+----+------+-----+---------+----------------------------------------+
| g1+       | 4     | BUFGCE/O        | None       |           0 |               0 |  0 |      0 |    0 |   0 |  0 |    0 |   0 |       0 | top_i/clk_wiz_1/inst/clk_out1          |
| g4        | 2     | BUFGCE/O        | None       |           1 |               0 |  1 |      0 |    0 |   0 |  0 |    0 |   0 |       0 | dbg_hub/inst/BSCANID.u_xsdbm_id/itck_i |
+-----------+-------+-----------------+------------+-------------+-----------------+----+--------+------+-----+----+------+-----+---------+----------------------------------------+
* Clock Loads column represents the clock pin loads (pin count)
** Non-Clock Loads column represents the non-clock pin loads (pin count)
*** Columns FF, LUTRAM, RAMB through 'Hard IP' represents load cell counts
**** In Global Id column, sympbol '+' indicates that global clock was used only to route through the clock region.


